[2026-02-03 14:48:55,286 W 3807444 3807444] network_util.cc:296: Failed to determine local IP via external connectivity to: 8.8.8.8:53, [2001:4860:4860::8888]:53, falling back to hostname resolution
2026-02-03 14:49:05,420	INFO worker.py:1998 -- Started a local Ray instance. View the dashboard at [1m[32mhttp://127.0.0.1:8265 [39m[22m
/home/qaragoez/miniforge3/envs/flex/lib/python3.12/site-packages/ray/_private/worker.py:2046: FutureWarning: Tip: In future versions of Ray, Ray will no longer override accelerator visible devices env var if num_gpus=0 or num_gpus=None (default). To enable this behavior and turn off this error message, set RAY_ACCEL_ENV_VAR_OVERRIDE_ON_ZERO=0
  warnings.warn(
[36m(fitness pid=3811358)[0m <string>:1: RuntimeWarning: overflow encountered in exp
[36m(fitness pid=3811379)[0m <string>:1: RuntimeWarning: overflow encountered in exp[32m [repeated 4x across cluster] (Ray deduplicates logs by default. Set RAY_DEDUP_LOGS=0 to disable log deduplication, or see https://docs.ray.io/en/master/ray-observability/user-guides/configure-logging.html#log-deduplication for more options.)[0m
[36m(fitness pid=3811347)[0m <string>:1: RuntimeWarning: overflow encountered in exp[32m [repeated 3x across cluster][0m
[36m(fitness pid=3811436)[0m <string>:1: RuntimeWarning: overflow encountered in exp[32m [repeated 4x across cluster][0m
[36m(fitness pid=3811350)[0m <string>:1: RuntimeWarning: invalid value encountered in sin
[36m(fitness pid=3811350)[0m <string>:1: RuntimeWarning: invalid value encountered in multiply
[36m(fitness pid=3811959)[0m <string>:1: RuntimeWarning: overflow encountered in exp[32m [repeated 4x across cluster][0m
[36m(fitness pid=3811432)[0m <string>:1: RuntimeWarning: overflow encountered in exp[32m [repeated 5x across cluster][0m
[36m(fitness pid=3811415)[0m <string>:1: RuntimeWarning: overflow encountered in exp[32m [repeated 10x across cluster][0m
[36m(fitness pid=3811478)[0m <string>:1: RuntimeWarning: overflow encountered in multiply
[36m(fitness pid=3811493)[0m <string>:1: RuntimeWarning: overflow encountered in exp[32m [repeated 6x across cluster][0m
[36m(fitness pid=3811563)[0m <string>:1: RuntimeWarning: invalid value encountered in sin
[36m(fitness pid=3811401)[0m <string>:1: RuntimeWarning: invalid value encountered in multiply
[36m(fitness pid=3811420)[0m <string>:1: RuntimeWarning: overflow encountered in exp[32m [repeated 12x across cluster][0m
[36m(fitness pid=3811420)[0m <string>:1: RuntimeWarning: invalid value encountered in sin
[36m(fitness pid=3811377)[0m <string>:1: RuntimeWarning: invalid value encountered in sin
[36m(fitness pid=3811478)[0m <string>:1: RuntimeWarning: overflow encountered in exp[32m [repeated 8x across cluster][0m
[36m(fitness pid=3811427)[0m <string>:1: RuntimeWarning: invalid value encountered in multiply
[36m(fitness pid=3811369)[0m <string>:1: RuntimeWarning: overflow encountered in multiply
[36m(fitness pid=3811401)[0m <string>:1: RuntimeWarning: overflow encountered in exp[32m [repeated 10x across cluster][0m
[36m(fitness pid=3811395)[0m <string>:1: RuntimeWarning: invalid value encountered in multiply
[36m(fitness pid=3811346)[0m <string>:1: RuntimeWarning: overflow encountered in multiply[32m [repeated 3x across cluster][0m
[36m(fitness pid=3811380)[0m <string>:1: RuntimeWarning: overflow encountered in exp[32m [repeated 6x across cluster][0m
[36m(fitness pid=3811454)[0m <string>:1: RuntimeWarning: overflow encountered in multiply
[36m(fitness pid=3811420)[0m <string>:1: RuntimeWarning: overflow encountered in exp[32m [repeated 7x across cluster][0m
[36m(fitness pid=3811959)[0m <string>:1: RuntimeWarning: invalid value encountered in multiply
[36m(fitness pid=3811415)[0m <string>:1: RuntimeWarning: invalid value encountered in sin
[36m(fitness pid=3811455)[0m <string>:1: RuntimeWarning: overflow encountered in exp[32m [repeated 7x across cluster][0m
[36m(fitness pid=3811427)[0m <string>:1: RuntimeWarning: invalid value encountered in multiply[32m [repeated 2x across cluster][0m
[36m(fitness pid=3811352)[0m <string>:1: RuntimeWarning: invalid value encountered in sin
[36m(fitness pid=3811366)[0m <string>:1: RuntimeWarning: overflow encountered in exp[32m [repeated 6x across cluster][0m
[36m(fitness pid=3811373)[0m <string>:1: RuntimeWarning: overflow encountered in multiply
[36m(fitness pid=3811521)[0m <string>:1: RuntimeWarning: overflow encountered in exp[32m [repeated 7x across cluster][0m
[36m(fitness pid=3811532)[0m <string>:1: RuntimeWarning: overflow encountered in multiply[32m [repeated 2x across cluster][0m
[36m(fitness pid=3811415)[0m <string>:1: RuntimeWarning: invalid value encountered in sin
[36m(fitness pid=3811527)[0m <string>:1: RuntimeWarning: overflow encountered in exp[32m [repeated 6x across cluster][0m
[36m(fitness pid=3811370)[0m <string>:1: RuntimeWarning: invalid value encountered in multiply
[36m(fitness pid=3811392)[0m <string>:1: RuntimeWarning: overflow encountered in multiply
[36m(fitness pid=3811363)[0m <string>:1: RuntimeWarning: overflow encountered in exp[32m [repeated 8x across cluster][0m
[36m(fitness pid=3811347)[0m <string>:1: RuntimeWarning: overflow encountered in exp[32m [repeated 3x across cluster][0m
[36m(fitness pid=3811350)[0m <string>:1: RuntimeWarning: overflow encountered in multiply
[36m(fitness pid=3811350)[0m <string>:1: RuntimeWarning: overflow encountered in exp
[36m(fitness pid=3811353)[0m <string>:1: RuntimeWarning: overflow encountered in exp
[36m(fitness pid=3811364)[0m <string>:1: RuntimeWarning: overflow encountered in exp[32m [repeated 2x across cluster][0m
[36m(fitness pid=3811363)[0m <string>:1: RuntimeWarning: invalid value encountered in multiply
[36m(fitness pid=3811521)[0m <string>:1: RuntimeWarning: invalid value encountered in sin
[36m(fitness pid=3811521)[0m <string>:1: RuntimeWarning: overflow encountered in exp[32m [repeated 4x across cluster][0m
[36m(fitness pid=3811391)[0m <string>:1: RuntimeWarning: overflow encountered in multiply
[36m(fitness pid=3811478)[0m <string>:1: RuntimeWarning: invalid value encountered in sin[32m [repeated 2x across cluster][0m
[36m(fitness pid=3811422)[0m <string>:1: RuntimeWarning: overflow encountered in exp[32m [repeated 5x across cluster][0m
[36m(fitness pid=3811376)[0m <string>:1: RuntimeWarning: invalid value encountered in sin
[36m(fitness pid=3811605)[0m <string>:1: RuntimeWarning: overflow encountered in exp[32m [repeated 5x across cluster][0m
[36m(fitness pid=3811357)[0m <string>:1: RuntimeWarning: invalid value encountered in sin
[36m(fitness pid=3811410)[0m <string>:1: RuntimeWarning: overflow encountered in exp[32m [repeated 4x across cluster][0m
[36m(fitness pid=3811392)[0m <string>:1: RuntimeWarning: invalid value encountered in sin
[36m(fitness pid=3811396)[0m <string>:1: RuntimeWarning: overflow encountered in exp[32m [repeated 4x across cluster][0m
[36m(fitness pid=3811367)[0m <string>:1: RuntimeWarning: overflow encountered in exp[32m [repeated 2x across cluster][0m
[36m(fitness pid=3811367)[0m <string>:1: RuntimeWarning: invalid value encountered in multiply
[36m(fitness pid=3811372)[0m <string>:1: RuntimeWarning: overflow encountered in multiply
[36m(fitness pid=3811372)[0m <string>:1: RuntimeWarning: overflow encountered in exp[32m [repeated 9x across cluster][0m
[36m(fitness pid=3811372)[0m <string>:1: RuntimeWarning: invalid value encountered in multiply
[36m(fitness pid=3811493)[0m <string>:1: RuntimeWarning: overflow encountered in exp[32m [repeated 6x across cluster][0m
[36m(fitness pid=3811436)[0m <string>:1: RuntimeWarning: overflow encountered in exp[32m [repeated 8x across cluster][0m
[36m(fitness pid=3811382)[0m <string>:1: RuntimeWarning: invalid value encountered in multiply
[36m(fitness pid=3811455)[0m <string>:1: RuntimeWarning: overflow encountered in exp[32m [repeated 9x across cluster][0m
[36m(fitness pid=3811455)[0m <string>:1: RuntimeWarning: invalid value encountered in multiply[32m [repeated 2x across cluster][0m
[36m(fitness pid=3811352)[0m <string>:1: RuntimeWarning: overflow encountered in multiply
[36m(fitness pid=3811563)[0m <string>:1: RuntimeWarning: overflow encountered in exp[32m [repeated 8x across cluster][0m
[36m(fitness pid=3811352)[0m <string>:1: RuntimeWarning: invalid value encountered in multiply
[36m(fitness pid=3811959)[0m <string>:1: RuntimeWarning: invalid value encountered in multiply
[36m(fitness pid=3811493)[0m <string>:1: RuntimeWarning: overflow encountered in exp[32m [repeated 8x across cluster][0m
[36m(fitness pid=3811380)[0m <string>:1: RuntimeWarning: invalid value encountered in multiply[32m [repeated 2x across cluster][0m
[36m(fitness pid=3811959)[0m <string>:1: RuntimeWarning: overflow encountered in exp[32m [repeated 8x across cluster][0m
[36m(fitness pid=3811417)[0m <string>:1: RuntimeWarning: overflow encountered in multiply
[36m(fitness pid=3811417)[0m <string>:1: RuntimeWarning: invalid value encountered in multiply[32m [repeated 4x across cluster][0m
[36m(fitness pid=3811424)[0m <string>:1: RuntimeWarning: overflow encountered in exp[32m [repeated 10x across cluster][0m
[36m(fitness pid=3811370)[0m <string>:1: RuntimeWarning: invalid value encountered in multiply[32m [repeated 2x across cluster][0m
[36m(fitness pid=3811348)[0m <string>:1: RuntimeWarning: overflow encountered in exp[32m [repeated 8x across cluster][0m
[36m(fitness pid=3811353)[0m <string>:1: RuntimeWarning: invalid value encountered in multiply
[36m(fitness pid=3811353)[0m <string>:1: RuntimeWarning: overflow encountered in exp[32m [repeated 4x across cluster][0m
[36m(fitness pid=3811358)[0m <string>:1: RuntimeWarning: invalid value encountered in multiply
[36m(fitness pid=3811712)[0m <string>:1: RuntimeWarning: invalid value encountered in multiply
[36m(fitness pid=3811532)[0m <string>:1: RuntimeWarning: overflow encountered in exp[32m [repeated 7x across cluster][0m
[36m(fitness pid=3811497)[0m <string>:1: RuntimeWarning: overflow encountered in multiply
[36m(fitness pid=3811455)[0m <string>:1: RuntimeWarning: overflow encountered in exp[32m [repeated 10x across cluster][0m
[36m(fitness pid=3811358)[0m <string>:1: RuntimeWarning: overflow encountered in exp[32m [repeated 6x across cluster][0m
[36m(fitness pid=3811402)[0m <string>:1: RuntimeWarning: invalid value encountered in multiply
[36m(fitness pid=3811352)[0m <string>:1: RuntimeWarning: overflow encountered in exp[32m [repeated 4x across cluster][0m
[36m(fitness pid=3811361)[0m <string>:1: RuntimeWarning: overflow encountered in exp[32m [repeated 4x across cluster][0m
[36m(fitness pid=3811349)[0m <string>:1: RuntimeWarning: invalid value encountered in multiply
[36m(fitness pid=3811525)[0m <string>:1: RuntimeWarning: overflow encountered in exp[32m [repeated 6x across cluster][0m
[36m(fitness pid=3811525)[0m <string>:1: RuntimeWarning: invalid value encountered in multiply
[36m(fitness pid=3811402)[0m <string>:1: RuntimeWarning: invalid value encountered in multiply
[36m(fitness pid=3811390)[0m <string>:1: RuntimeWarning: overflow encountered in exp[32m [repeated 3x across cluster][0m
[36m(fitness pid=3811384)[0m <string>:1: RuntimeWarning: invalid value encountered in multiply
[36m(fitness pid=3811361)[0m <string>:1: RuntimeWarning: overflow encountered in exp[32m [repeated 7x across cluster][0m
[36m(fitness pid=3811684)[0m <string>:1: RuntimeWarning: invalid value encountered in multiply
[36m(fitness pid=3811386)[0m <string>:1: RuntimeWarning: overflow encountered in exp[32m [repeated 6x across cluster][0m
[36m(fitness pid=3811362)[0m <string>:1: RuntimeWarning: invalid value encountered in multiply[32m [repeated 2x across cluster][0m
[36m(fitness pid=3811498)[0m <string>:1: RuntimeWarning: overflow encountered in exp[32m [repeated 4x across cluster][0m
[36m(fitness pid=3811410)[0m <string>:1: RuntimeWarning: invalid value encountered in multiply
[36m(fitness pid=3811497)[0m <string>:1: RuntimeWarning: invalid value encountered in multiply
[36m(fitness pid=3811590)[0m <string>:1: RuntimeWarning: overflow encountered in exp[32m [repeated 8x across cluster][0m
[36m(fitness pid=3811430)[0m <string>:1: RuntimeWarning: invalid value encountered in multiply[32m [repeated 2x across cluster][0m
[36m(fitness pid=3811355)[0m <string>:1: RuntimeWarning: overflow encountered in exp[32m [repeated 5x across cluster][0m
[36m(fitness pid=3811390)[0m <string>:1: RuntimeWarning: invalid value encountered in multiply
[36m(fitness pid=3811395)[0m <string>:1: RuntimeWarning: invalid value encountered in multiply
[36m(fitness pid=3811360)[0m <string>:1: RuntimeWarning: overflow encountered in exp[32m [repeated 5x across cluster][0m
[36m(fitness pid=3811403)[0m <string>:1: RuntimeWarning: invalid value encountered in multiply
[36m(fitness pid=3811433)[0m <string>:1: RuntimeWarning: overflow encountered in exp[32m [repeated 4x across cluster][0m
[36m(fitness pid=3811498)[0m <string>:1: RuntimeWarning: invalid value encountered in multiply
[36m(fitness pid=3811386)[0m <string>:1: RuntimeWarning: overflow encountered in exp[32m [repeated 7x across cluster][0m
[36m(fitness pid=3811396)[0m <string>:1: RuntimeWarning: overflow encountered in exp[32m [repeated 6x across cluster][0m
[36m(fitness pid=3811432)[0m <string>:1: RuntimeWarning: overflow encountered in exp[32m [repeated 4x across cluster][0m
[36m(fitness pid=3811385)[0m <string>:1: RuntimeWarning: invalid value encountered in multiply
[36m(fitness pid=3811498)[0m <string>:1: RuntimeWarning: overflow encountered in exp[32m [repeated 6x across cluster][0m
[36m(fitness pid=3811435)[0m <string>:1: RuntimeWarning: invalid value encountered in multiply[32m [repeated 2x across cluster][0m
[36m(fitness pid=3811357)[0m <string>:1: RuntimeWarning: overflow encountered in exp[32m [repeated 3x across cluster][0m
[36m(fitness pid=3811424)[0m <string>:1: RuntimeWarning: invalid value encountered in multiply[32m [repeated 2x across cluster][0m
[36m(fitness pid=3811478)[0m <string>:1: RuntimeWarning: overflow encountered in exp[32m [repeated 5x across cluster][0m
[36m(fitness pid=3811415)[0m <string>:1: RuntimeWarning: invalid value encountered in multiply
[36m(fitness pid=3811415)[0m <string>:1: RuntimeWarning: overflow encountered in exp[32m [repeated 6x across cluster][0m
[36m(fitness pid=3811401)[0m <string>:1: RuntimeWarning: invalid value encountered in multiply
[36m(fitness pid=3811432)[0m <string>:1: RuntimeWarning: overflow encountered in exp[32m [repeated 4x across cluster][0m
[36m(fitness pid=3811478)[0m <string>:1: RuntimeWarning: overflow encountered in exp[32m [repeated 4x across cluster][0m
[36m(fitness pid=3811410)[0m <string>:1: RuntimeWarning: overflow encountered in exp[32m [repeated 3x across cluster][0m
[36m(fitness pid=3811366)[0m <string>:1: RuntimeWarning: invalid value encountered in multiply
[36m(fitness pid=3811363)[0m <string>:1: RuntimeWarning: overflow encountered in exp[32m [repeated 2x across cluster][0m
[36m(fitness pid=3811363)[0m <string>:1: RuntimeWarning: invalid value encountered in multiply
[36m(fitness pid=3811375)[0m <string>:1: RuntimeWarning: overflow encountered in exp[32m [repeated 2x across cluster][0m
[36m(fitness pid=3811360)[0m <string>:1: RuntimeWarning: overflow encountered in exp[32m [repeated 5x across cluster][0m
[36m(fitness pid=3811498)[0m <string>:1: RuntimeWarning: invalid value encountered in multiply
[36m(fitness pid=3811377)[0m <string>:1: RuntimeWarning: overflow encountered in exp[32m [repeated 6x across cluster][0m
[36m(fitness pid=3811353)[0m <string>:1: RuntimeWarning: invalid value encountered in multiply[32m [repeated 2x across cluster][0m
[36m(fitness pid=3811373)[0m <string>:1: RuntimeWarning: overflow encountered in exp[32m [repeated 5x across cluster][0m
[36m(fitness pid=3811388)[0m <string>:1: RuntimeWarning: invalid value encountered in multiply
[36m(fitness pid=3811372)[0m <string>:1: RuntimeWarning: overflow encountered in exp[32m [repeated 3x across cluster][0m
[36m(fitness pid=3811663)[0m <string>:1: RuntimeWarning: overflow encountered in multiply
[36m(fitness pid=3811377)[0m <string>:1: RuntimeWarning: invalid value encountered in multiply
[36m(fitness pid=3811377)[0m <string>:1: RuntimeWarning: overflow encountered in exp[32m [repeated 5x across cluster][0m
[36m(fitness pid=3811521)[0m <string>:1: RuntimeWarning: invalid value encountered in multiply
[36m(fitness pid=3811364)[0m <string>:1: RuntimeWarning: overflow encountered in exp[32m [repeated 5x across cluster][0m
[36m(fitness pid=3811347)[0m <string>:1: RuntimeWarning: overflow encountered in multiply
[36m(fitness pid=3811347)[0m <string>:1: RuntimeWarning: invalid value encountered in multiply
[36m(fitness pid=3811418)[0m <string>:1: RuntimeWarning: overflow encountered in exp[32m [repeated 8x across cluster][0m
[36m(fitness pid=3811418)[0m <string>:1: RuntimeWarning: invalid value encountered in multiply
[36m(fitness pid=3811365)[0m <string>:1: RuntimeWarning: invalid value encountered in multiply
[36m(fitness pid=3811365)[0m <string>:1: RuntimeWarning: overflow encountered in multiply
[36m(fitness pid=3811381)[0m <string>:1: RuntimeWarning: overflow encountered in exp[32m [repeated 8x across cluster][0m
[36m(fitness pid=3811373)[0m <string>:1: RuntimeWarning: invalid value encountered in multiply[32m [repeated 2x across cluster][0m
[36m(fitness pid=3811379)[0m <string>:1: RuntimeWarning: overflow encountered in exp[32m [repeated 3x across cluster][0m
[36m(fitness pid=3811379)[0m <string>:1: RuntimeWarning: invalid value encountered in multiply
[36m(fitness pid=3811354)[0m <string>:1: RuntimeWarning: invalid value encountered in multiply
[36m(fitness pid=3811446)[0m <string>:1: RuntimeWarning: overflow encountered in exp[32m [repeated 4x across cluster][0m
[36m(fitness pid=3811446)[0m <string>:1: RuntimeWarning: invalid value encountered in multiply
[36m(fitness pid=3811440)[0m <string>:1: RuntimeWarning: overflow encountered in exp[32m [repeated 2x across cluster][0m
[36m(fitness pid=3811380)[0m <string>:1: RuntimeWarning: overflow encountered in exp[32m [repeated 3x across cluster][0m
[36m(fitness pid=3811352)[0m <string>:1: RuntimeWarning: overflow encountered in exp[32m [repeated 2x across cluster][0m
[36m(fitness pid=3811684)[0m <string>:1: RuntimeWarning: invalid value encountered in multiply
[36m(fitness pid=3811424)[0m <string>:1: RuntimeWarning: overflow encountered in exp[32m [repeated 4x across cluster][0m
[36m(fitness pid=3811351)[0m <string>:1: RuntimeWarning: overflow encountered in exp[32m [repeated 6x across cluster][0m
[36m(fitness pid=3811433)[0m <string>:1: RuntimeWarning: overflow encountered in exp
[36m(fitness pid=3811364)[0m <string>:1: RuntimeWarning: overflow encountered in exp
[36m(fitness pid=3811444)[0m <string>:1: RuntimeWarning: invalid value encountered in multiply
[36m(fitness pid=3811444)[0m <string>:1: RuntimeWarning: overflow encountered in exp
[36m(fitness pid=3811401)[0m <string>:1: RuntimeWarning: overflow encountered in exp
[36m(fitness pid=3811364)[0m <string>:1: RuntimeWarning: invalid value encountered in multiply
[36m(fitness pid=3811364)[0m <string>:1: RuntimeWarning: overflow encountered in exp[32m [repeated 4x across cluster][0m
[36m(fitness pid=3811441)[0m <string>:1: RuntimeWarning: invalid value encountered in multiply
[36m(fitness pid=3811433)[0m <string>:1: RuntimeWarning: overflow encountered in exp[32m [repeated 3x across cluster][0m
[36m(fitness pid=3811374)[0m <string>:1: RuntimeWarning: invalid value encountered in multiply
[36m(fitness pid=3811498)[0m <string>:1: RuntimeWarning: overflow encountered in exp[32m [repeated 6x across cluster][0m
[36m(fitness pid=3811498)[0m <string>:1: RuntimeWarning: invalid value encountered in multiply
[36m(fitness pid=3811396)[0m <string>:1: RuntimeWarning: invalid value encountered in multiply
[36m(fitness pid=3811396)[0m <string>:1: RuntimeWarning: overflow encountered in exp[32m [repeated 4x across cluster][0m
[36m(fitness pid=3811489)[0m <string>:1: RuntimeWarning: invalid value encountered in multiply
[36m(fitness pid=3811346)[0m <string>:1: RuntimeWarning: overflow encountered in exp[32m [repeated 5x across cluster][0m
[36m(fitness pid=3811432)[0m <string>:1: RuntimeWarning: invalid value encountered in multiply
[36m(fitness pid=3811364)[0m <string>:1: RuntimeWarning: overflow encountered in exp[32m [repeated 3x across cluster][0m
[36m(fitness pid=3811364)[0m <string>:1: RuntimeWarning: invalid value encountered in multiply[32m [repeated 2x across cluster][0m
[36m(fitness pid=3811392)[0m <string>:1: RuntimeWarning: overflow encountered in exp[32m [repeated 4x across cluster][0m
[36m(fitness pid=3811493)[0m <string>:1: RuntimeWarning: invalid value encountered in multiply
[36m(fitness pid=3811493)[0m <string>:1: RuntimeWarning: overflow encountered in exp[32m [repeated 6x across cluster][0m
[36m(fitness pid=3811393)[0m <string>:1: RuntimeWarning: overflow encountered in multiply
[36m(fitness pid=3811365)[0m <string>:1: RuntimeWarning: overflow encountered in exp[32m [repeated 6x across cluster][0m
[36m(fitness pid=3811348)[0m <string>:1: RuntimeWarning: overflow encountered in exp[32m [repeated 4x across cluster][0m
[36m(fitness pid=3811365)[0m <string>:1: RuntimeWarning: invalid value encountered in multiply
[36m(fitness pid=3811384)[0m <string>:1: RuntimeWarning: overflow encountered in exp[32m [repeated 3x across cluster][0m
[36m(fitness pid=3811521)[0m <string>:1: RuntimeWarning: invalid value encountered in multiply
[36m(fitness pid=3811521)[0m <string>:1: RuntimeWarning: overflow encountered in exp
[36m(fitness pid=3811412)[0m <string>:1: RuntimeWarning: overflow encountered in exp
[36m(fitness pid=3811363)[0m <string>:1: RuntimeWarning: overflow encountered in exp
[36m(fitness pid=3811351)[0m <string>:1: RuntimeWarning: overflow encountered in exp
[36m(fitness pid=3811351)[0m <string>:1: RuntimeWarning: invalid value encountered in multiply
[36m(fitness pid=3811435)[0m <string>:1: RuntimeWarning: overflow encountered in exp
[36m(fitness pid=3811348)[0m <string>:1: RuntimeWarning: overflow encountered in exp
[36m(fitness pid=3811348)[0m <string>:1: RuntimeWarning: invalid value encountered in multiply
[36m(fitness pid=3811369)[0m <string>:1: RuntimeWarning: overflow encountered in exp
[36m(fitness pid=3811382)[0m <string>:1: RuntimeWarning: overflow encountered in exp
[36m(fitness pid=3811684)[0m <string>:1: RuntimeWarning: overflow encountered in exp
[36m(fitness pid=3811418)[0m <string>:1: RuntimeWarning: overflow encountered in exp
[36m(fitness pid=3811395)[0m <string>:1: RuntimeWarning: invalid value encountered in multiply
[36m(fitness pid=3811395)[0m <string>:1: RuntimeWarning: overflow encountered in exp[32m [repeated 2x across cluster][0m
[36m(fitness pid=3811377)[0m <string>:1: RuntimeWarning: invalid value encountered in multiply
[36m(fitness pid=3811377)[0m <string>:1: RuntimeWarning: overflow encountered in exp
