/home/qaragoez/miniforge3/envs/flex/bin/python
Python 3.12.0
Generating initial population(s)...
DONE.
Evaluating initial population(s)...
DONE.
 -= START OF EVOLUTION =- 
   	     	               fitness                	             size             
   	     	--------------------------------------	------------------------------
gen	evals	min    	avg   	max        	std   	min	avg  	max	std   
1  	2500 	306.876	253790	1.00522e+06	423420	2  	6.834	24 	3.6171
Best individuals of this generation:
add(mul(x2, x2), mul(x1, x1))
2  	2500 	185.271	5466.42	10593.7    	3245.68	3  	8.9992	25 	3.7126
Best individuals of this generation:
sub(a, sub(mul(exp(a), add(x1, x1)), mul(exp(x1), mul(x2, x2))))
3  	2500 	32.1922	2833.64	5805.03    	1228.91	4  	9.9372	27 	3.9247
Best individuals of this generation:
sub(add(x2, mul(x2, x2)), add(sin(x2), mul(mul(sin(exp(a)), sin(sub(x1, a))), x1)))
4  	2500 	1.7784 	1951.27	3267.95    	579.913	4  	10.4484	29 	4.1366
Best individuals of this generation:
sub(mul(mul(x1, a), mul(a, x1)), mul(sin(x2), mul(add(x2, x2), sub(a, x2))))
5  	2500 	1.7784 	1602.06	2200.65    	491.134	4  	11.1316	32 	4.5278
Best individuals of this generation:
sub(mul(mul(x1, a), mul(a, x1)), mul(sin(x2), mul(add(x2, x2), sub(a, x2))))
6  	2500 	1.6473 	1328.47	1921.82    	490.279	4  	12.5116	32 	4.7495
Best individuals of this generation:
sub(mul(x1, mul(a, x1)), mul(sin(x2), mul(add(x2, x2), sub(a, x2))))
7  	2500 	1.1402 	1029.9 	1811.1     	415.873	5  	13.96  	42 	5.1022
Best individuals of this generation:
add(mul(sub(mul(x1, a), sin(x2)), sub(mul(a, x2), add(x2, x2))), mul(x1, x1))
8  	2500 	0.268  	751.465	1300.59    	314.674	6  	15.1804	48 	5.6575
Best individuals of this generation:
mul(sub(mul(a, sin(exp(x2))), add(x1, a)), add(mul(x1, mul(a, add(x2, x1))), mul(x2, x2)))
9  	2500 	0.268  	566.834	1067.96    	249.754	6  	16.6212	55 	6.2608
Best individuals of this generation:
mul(sub(mul(a, sin(exp(x2))), add(x1, a)), add(mul(x1, mul(a, add(x2, x1))), mul(x2, x2)))
10 	2500 	0.268  	446.339	861.003    	220.539	6  	17.5888	61 	6.7016
Best individuals of this generation:
mul(sub(mul(a, sin(exp(x2))), add(x1, a)), add(mul(x1, mul(a, add(x2, x1))), mul(x2, x2)))
11 	2500 	0.1464 	330.107	721.457    	198.021	7  	18.8712	70 	7.4741
Best individuals of this generation:
mul(sub(add(sub(sub(x2, a), add(sin(x2), sin(add(x1, x2)))), x1), sin(add(sub(a, x1), x2))), add(mul(x1, x1), mul(x2, x2)))
12 	2500 	0.0803 	227.07 	571.357    	165.6  	7  	19.8828	70 	7.7496
Best individuals of this generation:
add(mul(x2, mul(a, x2)), mul(x1, mul(sub(a, x2), add(x2, x1))))
13 	2500 	0.0803 	146.29 	415.449    	126.026	7  	20.5256	70 	7.8281
Best individuals of this generation:
add(mul(x2, mul(a, x2)), mul(x1, mul(sub(a, x2), add(x2, x1))))
14 	2500 	0.0803 	103.823	322.824    	104.125	7  	20.9836	56 	7.685 
Best individuals of this generation:
add(mul(x2, mul(a, x2)), mul(x1, mul(sub(a, x2), add(x2, x1))))
15 	2500 	0.0803 	77.929 	269.925    	86.1265	9  	21.464 	65 	7.5979
Best individuals of this generation:
add(mul(x2, mul(a, x2)), mul(x1, mul(sub(a, x2), add(x2, x1))))
16 	2500 	0.0803 	58.1428	231.906    	71.2531	9  	22.0728	61 	7.6306
Best individuals of this generation:
add(mul(x2, mul(a, x2)), mul(x1, mul(sub(a, x2), add(x2, x1))))
17 	2500 	0.0803 	41.6447	182.895    	59.2226	9  	22.8168	61 	7.9052
Best individuals of this generation:
add(mul(x2, mul(a, x2)), mul(x1, mul(sub(a, x2), add(x2, x1))))
18 	2500 	0.073  	26.5285	143.745    	44.7081	9  	23.22  	61 	7.9247
Best individuals of this generation:
add(mul(x2, mul(exp(mul(x1, a)), x2)), mul(x1, x1))
19 	2500 	0.073  	11.8364	102.162    	22.9718	9  	23.7624	65 	8.0749
Best individuals of this generation:
add(mul(x2, mul(exp(mul(x1, a)), x2)), mul(x1, x1))
20 	2500 	0.073  	3.3995 	30.9633    	6.0332 	9  	24.7864	65 	8.0439
Best individuals of this generation:
add(mul(x2, mul(exp(mul(x1, a)), x2)), mul(x1, x1))
21 	2500 	0.073  	1.3348 	7.7579     	1.6005 	9  	24.734 	70 	8.0327
Best individuals of this generation:
add(mul(x2, mul(exp(mul(x1, a)), x2)), mul(x1, x1))
22 	2500 	0.073  	0.8553 	3.4811     	0.813  	10 	25.0604	70 	8.4469
Best individuals of this generation:
add(mul(x2, mul(exp(mul(x1, a)), x2)), mul(x1, x1))
23 	2500 	0.0626 	0.6382 	2.3881     	0.5729 	10 	25.5404	78 	9.1441
Best individuals of this generation:
add(mul(x2, mul(exp(mul(x1, a)), x2)), mul(x1, x1))
24 	2500 	0.0626 	0.4823 	1.5943     	0.4044 	11 	25.734 	78 	9.3785
Best individuals of this generation:
add(mul(x2, mul(exp(mul(x1, a)), x2)), mul(x1, x1))
25 	2500 	0.0626 	0.3673 	1.3091     	0.2844 	11 	25.5372	79 	9.1399
Best individuals of this generation:
add(mul(x2, mul(exp(mul(x1, a)), x2)), mul(x1, x1))
26 	2500 	0.0626 	0.2925 	1.1212     	0.2105 	11 	25.132 	79 	8.5032
Best individuals of this generation:
add(mul(x2, mul(exp(mul(x1, a)), x2)), mul(x1, x1))
27 	2500 	0.0626 	0.2364 	0.8703     	0.1414 	11 	24.3604	76 	7.5664
Best individuals of this generation:
add(mul(x2, mul(exp(mul(x1, a)), x2)), mul(x1, x1))
28 	2500 	0.0626 	0.2001 	0.6413     	0.0941 	11 	23.5356	52 	6.5785
Best individuals of this generation:
add(mul(x2, mul(exp(mul(x1, a)), x2)), mul(x1, x1))
29 	2500 	0.0626 	0.1779 	0.4734     	0.0664 	11 	22.9156	47 	6.0059
Best individuals of this generation:
add(mul(x2, mul(exp(mul(x1, a)), x2)), mul(x1, x1))
30 	2500 	0.0626 	0.1616 	0.3499     	0.0485 	11 	22.3656	44 	5.6141
Best individuals of this generation:
add(mul(x2, mul(exp(mul(x1, a)), x2)), mul(x1, x1))
31 	2500 	0.0626 	0.15   	0.2835     	0.039  	11 	21.892 	41 	5.2476
Best individuals of this generation:
add(mul(x2, mul(exp(mul(x1, a)), x2)), mul(x1, x1))
32 	2500 	0.0626 	0.1424 	0.252      	0.0346 	11 	21.4908	39 	5.0079
Best individuals of this generation:
add(mul(x2, mul(exp(mul(x1, a)), x2)), mul(x1, x1))
33 	2500 	0.0602 	0.1351 	0.2156     	0.0302 	11 	20.9648	38 	4.759 
Best individuals of this generation:
add(mul(x2, mul(exp(mul(x1, a)), x2)), mul(x1, x1))
34 	2500 	0.0602 	0.1296 	0.1962     	0.0277 	11 	20.5172	36 	4.6064
Best individuals of this generation:
add(mul(x2, mul(exp(mul(x1, a)), x2)), mul(x1, x1))
35 	2500 	0.0602 	0.1248 	0.1858     	0.0257 	11 	20.0692	36 	4.4236
Best individuals of this generation:
add(mul(x2, mul(exp(mul(x1, a)), x2)), mul(x1, x1))
36 	2500 	0.0602 	0.1203 	0.1723     	0.0239 	11 	19.6208	33 	4.2361
Best individuals of this generation:
add(mul(x2, mul(exp(mul(x1, a)), x2)), mul(x1, x1))
37 	2500 	0.0602 	0.116  	0.1653     	0.0224 	11 	19.1128	32 	3.9756
Best individuals of this generation:
add(mul(x2, mul(exp(mul(x1, a)), x2)), mul(x1, x1))
38 	2500 	0.0602 	0.1124 	0.1592     	0.0212 	11 	18.6712	31 	3.796 
Best individuals of this generation:
add(mul(x2, mul(exp(mul(x1, a)), x2)), mul(x1, x1))
39 	2500 	0.0602 	0.1093 	0.1538     	0.02   	11 	18.2944	30 	3.6224
Best individuals of this generation:
add(mul(x2, mul(exp(mul(x1, a)), x2)), mul(x1, x1))
40 	2500 	0.0555 	0.1067 	0.1486     	0.0188 	11 	18.016 	29 	3.4714
Best individuals of this generation:
mul(a, add(mul(x1, x1), mul(add(x2, x1), x2)))
41 	2500 	0.0555 	0.1046 	0.1425     	0.018  	11 	17.7948	28 	3.3415
Best individuals of this generation:
mul(a, add(mul(x1, x1), mul(add(x2, x1), x2)))
42 	2500 	0.0555 	0.1027 	0.1375     	0.017  	11 	17.542 	27 	3.1865
Best individuals of this generation:
mul(a, add(mul(x1, x1), mul(add(x2, x1), x2)))
43 	2500 	0.0555 	0.1012 	0.1319     	0.0163 	11 	17.332 	26 	3.0848
Best individuals of this generation:
mul(a, add(mul(x1, x1), mul(add(x2, x1), x2)))
44 	2500 	0.0555 	0.0996 	0.1286     	0.0158 	11 	17.174 	25 	3.0315
Best individuals of this generation:
mul(a, add(mul(x1, x1), mul(add(x2, x1), x2)))
45 	2500 	0.0555 	0.0978 	0.1255     	0.0152 	11 	16.938 	25 	2.9046
Best individuals of this generation:
mul(a, add(mul(x1, x1), mul(add(x2, x1), x2)))
46 	2500 	0.0555 	0.0965 	0.1231     	0.0147 	11 	16.7848	24 	2.8103
Best individuals of this generation:
mul(a, add(mul(x1, x1), mul(add(x2, x1), x2)))
47 	2500 	0.0555 	0.0955 	0.121      	0.0142 	11 	16.6812	24 	2.7053
Best individuals of this generation:
mul(a, add(mul(x1, x1), mul(add(x2, x1), x2)))
48 	2500 	0.0555 	0.094  	0.1188     	0.0134 	11 	16.498 	23 	2.5862
Best individuals of this generation:
mul(a, add(mul(x1, x1), mul(add(x2, x1), x2)))
49 	2500 	0.0555 	0.0929 	0.116      	0.0128 	11 	16.352 	23 	2.4834
Best individuals of this generation:
mul(a, add(mul(x1, x1), mul(add(x2, x1), x2)))
50 	2500 	0.0555 	0.0918 	0.1137     	0.0122 	11 	16.2312	22 	2.397 
Best individuals of this generation:
mul(a, add(mul(x1, x1), mul(add(x2, x1), x2)))
51 	2500 	0.0555 	0.0908 	0.1121     	0.0118 	11 	16.0684	22 	2.3177
Best individuals of this generation:
mul(a, add(mul(x1, x1), mul(add(x2, x1), x2)))
52 	2500 	0.0555 	0.0897 	0.1103     	0.0114 	11 	15.904 	22 	2.249 
Best individuals of this generation:
mul(a, add(mul(x1, x1), mul(add(x2, x1), x2)))
53 	2500 	0.0555 	0.0887 	0.1089     	0.011  	11 	15.754 	21 	2.194 
Best individuals of this generation:
mul(a, add(mul(x1, x1), mul(add(x2, x1), x2)))
54 	2500 	0.0555 	0.0878 	0.1074     	0.0108 	11 	15.6192	21 	2.1596
Best individuals of this generation:
mul(a, add(mul(x1, x1), mul(add(x2, x1), x2)))
55 	2500 	0.0555 	0.0869 	0.1063     	0.0105 	11 	15.444 	21 	2.0987
Best individuals of this generation:
mul(a, add(mul(x1, x1), mul(add(x2, x1), x2)))
56 	2500 	0.0555 	0.086  	0.1052     	0.0102 	11 	15.2888	20 	2.035 
Best individuals of this generation:
mul(a, add(mul(x1, x1), mul(add(x2, x1), x2)))
57 	2500 	0.0555 	0.0849 	0.1038     	0.0098 	11 	15.1324	20 	1.9721
Best individuals of this generation:
mul(a, add(mul(x1, x1), mul(add(x2, x1), x2)))
58 	2500 	0.0555 	0.0841 	0.1031     	0.0096 	11 	15.0068	20 	1.9155
Best individuals of this generation:
mul(a, add(mul(x1, x1), mul(add(x2, x1), x2)))
59 	2500 	0.0555 	0.0832 	0.1021     	0.0094 	11 	14.8592	20 	1.845 
Best individuals of this generation:
mul(a, add(mul(x1, x1), mul(add(x2, x1), x2)))
60 	2500 	0.0555 	0.0823 	0.1021     	0.0091 	11 	14.7068	20 	1.767 
Best individuals of this generation:
mul(a, add(mul(x1, x1), mul(add(x2, x1), x2)))
61 	2500 	0.0555 	0.0816 	0.1018     	0.0089 	11 	14.6124	20 	1.6991
Best individuals of this generation:
mul(a, add(mul(x1, x1), mul(add(x2, x1), x2)))
62 	2500 	0.0555 	0.0808 	0.1011     	0.0087 	11 	14.4844	20 	1.6539
Best individuals of this generation:
mul(a, add(mul(x1, x1), mul(add(x2, x1), x2)))
63 	2500 	0.0555 	0.08   	0.1006     	0.0085 	11 	14.364 	20 	1.5988
Best individuals of this generation:
mul(a, add(mul(x1, x1), mul(add(x2, x1), x2)))
64 	2500 	0.0555 	0.0793 	0.0996     	0.0082 	11 	14.2468	19 	1.5534
Best individuals of this generation:
mul(a, add(mul(x1, x1), mul(add(x2, x1), x2)))
65 	2500 	0.0555 	0.0785 	0.0987     	0.0081 	11 	14.14  	19 	1.5272
Best individuals of this generation:
mul(a, add(mul(x1, x1), mul(add(x2, x1), x2)))
66 	2500 	0.0555 	0.0778 	0.0982     	0.008  	11 	14.048 	19 	1.5015
Best individuals of this generation:
mul(a, add(mul(x1, x1), mul(add(x2, x1), x2)))
67 	2500 	0.0555 	0.0773 	0.0974     	0.0079 	11 	13.9776	19 	1.486 
Best individuals of this generation:
mul(a, add(mul(x1, x1), mul(add(x2, x1), x2)))
68 	2500 	0.0555 	0.0768 	0.0967     	0.0077 	11 	13.9068	19 	1.4421
Best individuals of this generation:
mul(a, add(mul(x1, x1), mul(add(x2, x1), x2)))
69 	2500 	0.0555 	0.0764 	0.0962     	0.0076 	11 	13.876 	19 	1.4235
Best individuals of this generation:
mul(a, add(mul(x1, x1), mul(add(x2, x1), x2)))
70 	2500 	0.0555 	0.076  	0.0959     	0.0075 	11 	13.848 	19 	1.4046
Best individuals of this generation:
mul(a, add(mul(x1, x1), mul(add(x2, x1), x2)))
71 	2500 	0.0555 	0.0756 	0.0954     	0.0074 	11 	13.8   	18 	1.3822
Best individuals of this generation:
mul(a, add(mul(x1, x1), mul(add(x2, x1), x2)))
72 	2500 	0.0555 	0.0752 	0.0947     	0.0073 	11 	13.746 	18 	1.3576
Best individuals of this generation:
mul(a, add(mul(x1, x1), mul(add(x2, x1), x2)))
73 	2500 	0.0555 	0.0748 	0.0942     	0.0072 	11 	13.6996	18 	1.3257
Best individuals of this generation:
mul(a, add(mul(x1, x1), mul(add(x2, x1), x2)))
74 	2500 	0.0555 	0.0744 	0.0934     	0.0071 	11 	13.6632	18 	1.2993
Best individuals of this generation:
mul(a, add(mul(x1, x1), mul(add(x2, x1), x2)))
75 	2500 	0.0552 	0.0741 	0.0929     	0.007  	11 	13.6272	18 	1.2826
Best individuals of this generation:
mul(a, add(mul(x1, x1), mul(add(x2, x1), x2)))
76 	2500 	0.0552 	0.0737 	0.0922     	0.0069 	11 	13.5924	18 	1.2712
Best individuals of this generation:
mul(a, add(mul(x1, x1), mul(add(x2, x1), x2)))
77 	2500 	0.0552 	0.0734 	0.0918     	0.0068 	11 	13.5652	18 	1.2612
Best individuals of this generation:
mul(a, add(mul(x1, x1), mul(add(x2, x1), x2)))
78 	2500 	0.0552 	0.073  	0.0913     	0.0067 	11 	13.524 	18 	1.2312
Best individuals of this generation:
mul(a, add(mul(x1, x1), mul(add(x2, x1), x2)))
79 	2500 	0.0552 	0.0727 	0.0907     	0.0066 	11 	13.4752	18 	1.1926
Best individuals of this generation:
mul(a, add(mul(x1, x1), mul(add(x2, x1), x2)))
80 	2500 	0.0552 	0.0724 	0.0903     	0.0064 	11 	13.4268	18 	1.1613
Best individuals of this generation:
mul(a, add(mul(x1, x1), mul(add(x2, x1), x2)))
81 	2500 	0.0552 	0.0722 	0.0898     	0.0063 	11 	13.3892	17 	1.1318
Best individuals of this generation:
mul(a, add(mul(x1, x1), mul(add(x2, x1), x2)))
82 	2500 	0.0552 	0.0719 	0.0891     	0.0062 	11 	13.3516	17 	1.1135
Best individuals of this generation:
mul(a, add(mul(x1, x1), mul(add(x2, x1), x2)))
83 	2500 	0.0552 	0.0716 	0.0886     	0.006  	11 	13.3004	17 	1.0784
Best individuals of this generation:
mul(a, add(mul(x1, x1), mul(add(x2, x1), x2)))
84 	2500 	0.0552 	0.0713 	0.0879     	0.0059 	11 	13.2604	17 	1.0407
Best individuals of this generation:
mul(a, add(mul(x1, x1), mul(add(x2, x1), x2)))
85 	2500 	0.0552 	0.071  	0.0872     	0.0057 	11 	13.228 	17 	1.006 
Best individuals of this generation:
mul(a, add(mul(x1, x1), mul(add(x2, x1), x2)))
86 	2500 	0.0552 	0.0707 	0.0866     	0.0055 	11 	13.2   	17 	0.9798
Best individuals of this generation:
mul(a, add(mul(x1, x1), mul(add(x2, x1), x2)))
87 	2500 	0.0552 	0.0705 	0.0858     	0.0053 	11 	13.1656	17 	0.9418
Best individuals of this generation:
mul(a, add(mul(x1, x1), mul(add(x2, x1), x2)))
88 	2500 	0.0552 	0.0703 	0.0853     	0.0052 	11 	13.1324	17 	0.9062
Best individuals of this generation:
mul(a, add(mul(x1, x1), mul(add(x2, x1), x2)))
89 	2500 	0.0552 	0.0701 	0.0849     	0.0051 	11 	13.1092	16 	0.8753
Best individuals of this generation:
mul(a, add(mul(x1, x1), mul(add(x2, x1), x2)))
90 	2500 	0.0552 	0.0698 	0.0843     	0.005  	11 	13.0764	16 	0.85  
Best individuals of this generation:
mul(a, add(mul(x1, x1), mul(add(x2, x1), x2)))
91 	2500 	0.0552 	0.0697 	0.084      	0.0049 	11 	13.0596	16 	0.8329
Best individuals of this generation:
mul(a, add(mul(x1, x1), mul(add(x2, x1), x2)))
92 	2500 	0.0552 	0.0695 	0.0836     	0.0048 	11 	13.0356	16 	0.8025
Best individuals of this generation:
mul(a, add(mul(x1, x1), mul(add(x2, x1), x2)))
93 	2500 	0.0552 	0.0693 	0.083      	0.0047 	11 	13.016 	16 	0.7837
Best individuals of this generation:
mul(a, add(mul(x1, x1), mul(add(x2, x1), x2)))
94 	2500 	0.0552 	0.0691 	0.0827     	0.0045 	11 	12.9952	16 	0.7589
Best individuals of this generation:
mul(a, add(mul(x1, x1), mul(add(x2, x1), x2)))
95 	2500 	0.0552 	0.069  	0.0824     	0.0044 	11 	12.9836	16 	0.7409
Best individuals of this generation:
mul(a, add(mul(x1, x1), mul(add(x2, x1), x2)))
96 	2500 	0.0552 	0.0688 	0.0817     	0.0042 	11 	12.9692	16 	0.7112
Best individuals of this generation:
mul(a, add(mul(x1, x1), mul(add(x2, x1), x2)))
97 	2500 	0.0552 	0.0687 	0.0813     	0.0041 	11 	12.954 	16 	0.6968
Best individuals of this generation:
mul(a, add(mul(x1, x1), mul(add(x2, x1), x2)))
98 	2500 	0.0552 	0.0685 	0.0809     	0.004  	11 	12.9364	16 	0.669 
Best individuals of this generation:
mul(a, add(mul(x1, x1), mul(add(x2, x1), x2)))
99 	2500 	0.0552 	0.0684 	0.0804     	0.0039 	11 	12.9108	16 	0.6322
Best individuals of this generation:
mul(a, add(mul(x1, x1), mul(add(x2, x1), x2)))
100	2500 	0.0552 	0.0682 	0.0799     	0.0037 	11 	12.8944	15 	0.5994
Best individuals of this generation:
mul(a, add(mul(x1, x1), mul(add(x2, x1), x2)))
 -= END OF EVOLUTION =- 
The best individual is mul(a, add(mul(x1, x1), mul(add(x2, x1), x2)))
The best fitness on the training set is 0.0552
Best parameters =  [1.98751738]
Elapsed time =  638.8219170570374
Time per individual =  0.0025552876682281493
Individuals per sec =  391.34537079083765
Best Expression and Fitness saved to 'best_expression.txt'.
