[2026-02-03 11:30:25,411 W 1488899 1488899] network_util.cc:296: Failed to determine local IP via external connectivity to: 8.8.8.8:53, [2001:4860:4860::8888]:53, falling back to hostname resolution
2026-02-03 11:30:28,888	INFO worker.py:1998 -- Started a local Ray instance. View the dashboard at [1m[32mhttp://127.0.0.1:8265 [39m[22m
/home/qaragoez/miniforge3/envs/flex/lib/python3.12/site-packages/ray/_private/worker.py:2046: FutureWarning: Tip: In future versions of Ray, Ray will no longer override accelerator visible devices env var if num_gpus=0 or num_gpus=None (default). To enable this behavior and turn off this error message, set RAY_ACCEL_ENV_VAR_OVERRIDE_ON_ZERO=0
  warnings.warn(
[36m(fitness pid=1489934)[0m <string>:1: RuntimeWarning: overflow encountered in exp
[36m(fitness pid=1489957)[0m <string>:1: RuntimeWarning: overflow encountered in exp[32m [repeated 2x across cluster] (Ray deduplicates logs by default. Set RAY_DEDUP_LOGS=0 to disable log deduplication, or see https://docs.ray.io/en/master/ray-observability/user-guides/configure-logging.html#log-deduplication for more options.)[0m
[36m(fitness pid=1489949)[0m <string>:1: RuntimeWarning: overflow encountered in exp
[36m(fitness pid=1492578)[0m <string>:1: RuntimeWarning: overflow encountered in exp
[36m(fitness pid=1492578)[0m <string>:1: RuntimeWarning: invalid value encountered in sin
[36m(fitness pid=1490012)[0m <string>:1: RuntimeWarning: overflow encountered in exp[32m [repeated 3x across cluster][0m
[36m(fitness pid=1490001)[0m <string>:1: RuntimeWarning: overflow encountered in exp[32m [repeated 3x across cluster][0m
[36m(fitness pid=1490015)[0m <string>:1: RuntimeWarning: overflow encountered in exp
[36m(fitness pid=1490071)[0m <string>:1: RuntimeWarning: overflow encountered in exp
[36m(fitness pid=1489988)[0m <string>:1: RuntimeWarning: overflow encountered in multiply
[36m(fitness pid=1490416)[0m <string>:1: RuntimeWarning: invalid value encountered in sin
[36m(fitness pid=1490416)[0m <string>:1: RuntimeWarning: overflow encountered in exp[32m [repeated 4x across cluster][0m
[36m(fitness pid=1490021)[0m <string>:1: RuntimeWarning: overflow encountered in exp[32m [repeated 2x across cluster][0m
[36m(fitness pid=1489999)[0m <string>:1: RuntimeWarning: overflow encountered in exp[32m [repeated 2x across cluster][0m
[36m(fitness pid=1489928)[0m <string>:1: RuntimeWarning: overflow encountered in exp[32m [repeated 2x across cluster][0m
[36m(fitness pid=1489994)[0m <string>:1: RuntimeWarning: overflow encountered in multiply
[36m(fitness pid=1491025)[0m <string>:1: RuntimeWarning: overflow encountered in exp[32m [repeated 3x across cluster][0m
[36m(fitness pid=1489988)[0m <string>:1: RuntimeWarning: overflow encountered in exp[32m [repeated 4x across cluster][0m
[36m(fitness pid=1491025)[0m <string>:1: RuntimeWarning: overflow encountered in exp[32m [repeated 3x across cluster][0m
[36m(fitness pid=1490014)[0m <string>:1: RuntimeWarning: overflow encountered in exp[32m [repeated 3x across cluster][0m
[36m(fitness pid=1489930)[0m <string>:1: RuntimeWarning: invalid value encountered in multiply
[36m(fitness pid=1491931)[0m <string>:1: RuntimeWarning: overflow encountered in exp[32m [repeated 6x across cluster][0m
[36m(fitness pid=1491931)[0m <string>:1: RuntimeWarning: overflow encountered in multiply
[36m(fitness pid=1492085)[0m <string>:1: RuntimeWarning: overflow encountered in exp[32m [repeated 2x across cluster][0m
[36m(fitness pid=1490027)[0m <string>:1: RuntimeWarning: overflow encountered in exp[32m [repeated 3x across cluster][0m
[36m(fitness pid=1489956)[0m <string>:1: RuntimeWarning: overflow encountered in multiply
[36m(fitness pid=1490256)[0m <string>:1: RuntimeWarning: overflow encountered in exp[32m [repeated 3x across cluster][0m
[36m(fitness pid=1490992)[0m <string>:1: RuntimeWarning: overflow encountered in exp[32m [repeated 5x across cluster][0m
[36m(fitness pid=1489957)[0m <string>:1: RuntimeWarning: overflow encountered in exp[32m [repeated 2x across cluster][0m
[36m(fitness pid=1489956)[0m <string>:1: RuntimeWarning: overflow encountered in exp[32m [repeated 2x across cluster][0m
[36m(fitness pid=1490088)[0m <string>:1: RuntimeWarning: overflow encountered in exp[32m [repeated 2x across cluster][0m
[36m(fitness pid=1490013)[0m <string>:1: RuntimeWarning: overflow encountered in multiply
[36m(fitness pid=1489956)[0m <string>:1: RuntimeWarning: overflow encountered in exp[32m [repeated 3x across cluster][0m
[36m(fitness pid=1490010)[0m <string>:1: RuntimeWarning: overflow encountered in exp[32m [repeated 5x across cluster][0m
[36m(fitness pid=1490058)[0m <string>:1: RuntimeWarning: overflow encountered in exp
[36m(fitness pid=1490058)[0m <string>:1: RuntimeWarning: overflow encountered in multiply
[36m(fitness pid=1492215)[0m <string>:1: RuntimeWarning: overflow encountered in exp
[36m(fitness pid=1492215)[0m <string>:1: RuntimeWarning: overflow encountered in multiply
[36m(fitness pid=1489941)[0m <string>:1: RuntimeWarning: overflow encountered in exp
[36m(fitness pid=1489994)[0m <string>:1: RuntimeWarning: overflow encountered in exp
[36m(fitness pid=1491583)[0m <string>:1: RuntimeWarning: overflow encountered in exp[32m [repeated 2x across cluster][0m
[36m(fitness pid=1490019)[0m <string>:1: RuntimeWarning: overflow encountered in multiply
[36m(fitness pid=1490011)[0m <string>:1: RuntimeWarning: overflow encountered in exp[32m [repeated 7x across cluster][0m
[36m(fitness pid=1490612)[0m <string>:1: RuntimeWarning: overflow encountered in multiply
[36m(fitness pid=1490012)[0m <string>:1: RuntimeWarning: overflow encountered in exp[32m [repeated 2x across cluster][0m
[36m(fitness pid=1490027)[0m <string>:1: RuntimeWarning: overflow encountered in multiply
[36m(fitness pid=1490487)[0m <string>:1: RuntimeWarning: overflow encountered in exp[32m [repeated 5x across cluster][0m
[36m(fitness pid=1489933)[0m <string>:1: RuntimeWarning: overflow encountered in multiply
[36m(fitness pid=1492348)[0m <string>:1: RuntimeWarning: overflow encountered in exp[32m [repeated 2x across cluster][0m
[36m(fitness pid=1491583)[0m <string>:1: RuntimeWarning: overflow encountered in multiply
[36m(fitness pid=1490003)[0m <string>:1: RuntimeWarning: invalid value encountered in sin
[36m(fitness pid=1490024)[0m <string>:1: RuntimeWarning: overflow encountered in exp[32m [repeated 5x across cluster][0m
[36m(fitness pid=1489941)[0m <string>:1: RuntimeWarning: overflow encountered in multiply
[36m(fitness pid=1489957)[0m <string>:1: RuntimeWarning: invalid value encountered in sin
[36m(fitness pid=1489991)[0m <string>:1: RuntimeWarning: overflow encountered in exp[32m [repeated 5x across cluster][0m
[36m(fitness pid=1489959)[0m <string>:1: RuntimeWarning: overflow encountered in exp[32m [repeated 3x across cluster][0m
[36m(fitness pid=1490781)[0m <string>:1: RuntimeWarning: overflow encountered in multiply
[36m(fitness pid=1490781)[0m <string>:1: RuntimeWarning: overflow encountered in exp
[36m(fitness pid=1489943)[0m <string>:1: RuntimeWarning: overflow encountered in exp
[36m(fitness pid=1490032)[0m <string>:1: RuntimeWarning: overflow encountered in exp[32m [repeated 6x across cluster][0m
[36m(fitness pid=1490010)[0m <string>:1: RuntimeWarning: overflow encountered in multiply
[36m(fitness pid=1491098)[0m <string>:1: RuntimeWarning: overflow encountered in exp[32m [repeated 5x across cluster][0m
[36m(fitness pid=1489997)[0m <string>:1: RuntimeWarning: overflow encountered in multiply
[36m(fitness pid=1490553)[0m <string>:1: RuntimeWarning: invalid value encountered in multiply
[36m(fitness pid=1492215)[0m <string>:1: RuntimeWarning: overflow encountered in exp[32m [repeated 3x across cluster][0m
[36m(fitness pid=1490553)[0m <string>:1: RuntimeWarning: overflow encountered in multiply
[36m(fitness pid=1489994)[0m <string>:1: RuntimeWarning: overflow encountered in exp[32m [repeated 2x across cluster][0m
[36m(fitness pid=1489994)[0m <string>:1: RuntimeWarning: overflow encountered in multiply
[36m(fitness pid=1489935)[0m <string>:1: RuntimeWarning: invalid value encountered in multiply
[36m(fitness pid=1489935)[0m <string>:1: RuntimeWarning: overflow encountered in exp[32m [repeated 6x across cluster][0m
[36m(fitness pid=1489935)[0m <string>:1: RuntimeWarning: overflow encountered in multiply[32m [repeated 2x across cluster][0m
[36m(fitness pid=1490012)[0m <string>:1: RuntimeWarning: invalid value encountered in sin
[36m(fitness pid=1490012)[0m <string>:1: RuntimeWarning: overflow encountered in exp[32m [repeated 7x across cluster][0m
[36m(fitness pid=1491055)[0m <string>:1: RuntimeWarning: overflow encountered in multiply
[36m(fitness pid=1491055)[0m <string>:1: RuntimeWarning: invalid value encountered in multiply
[36m(fitness pid=1489995)[0m <string>:1: RuntimeWarning: overflow encountered in exp[32m [repeated 3x across cluster][0m
[36m(fitness pid=1489939)[0m <string>:1: RuntimeWarning: overflow encountered in multiply
[36m(fitness pid=1489930)[0m <string>:1: RuntimeWarning: overflow encountered in exp[32m [repeated 3x across cluster][0m
[36m(fitness pid=1490344)[0m <string>:1: RuntimeWarning: invalid value encountered in multiply
[36m(fitness pid=1490344)[0m <string>:1: RuntimeWarning: overflow encountered in multiply
[36m(fitness pid=1490032)[0m <string>:1: RuntimeWarning: overflow encountered in exp[32m [repeated 7x across cluster][0m
[36m(fitness pid=1490416)[0m <string>:1: RuntimeWarning: overflow encountered in multiply
[36m(fitness pid=1490032)[0m <string>:1: RuntimeWarning: invalid value encountered in multiply
[36m(fitness pid=1491515)[0m <string>:1: RuntimeWarning: overflow encountered in multiply
[36m(fitness pid=1491498)[0m <string>:1: RuntimeWarning: overflow encountered in exp[32m [repeated 5x across cluster][0m
[36m(fitness pid=1489934)[0m <string>:1: RuntimeWarning: invalid value encountered in multiply
[36m(fitness pid=1489996)[0m <string>:1: RuntimeWarning: overflow encountered in multiply[32m [repeated 2x across cluster][0m
[36m(fitness pid=1489933)[0m <string>:1: RuntimeWarning: invalid value encountered in sin
[36m(fitness pid=1489933)[0m <string>:1: RuntimeWarning: overflow encountered in exp[32m [repeated 6x across cluster][0m
[36m(fitness pid=1490382)[0m <string>:1: RuntimeWarning: overflow encountered in multiply[32m [repeated 2x across cluster][0m
[36m(fitness pid=1489945)[0m <string>:1: RuntimeWarning: overflow encountered in exp[32m [repeated 2x across cluster][0m
[36m(fitness pid=1491931)[0m <string>:1: RuntimeWarning: overflow encountered in multiply
[36m(fitness pid=1489935)[0m <string>:1: RuntimeWarning: overflow encountered in exp
[36m(fitness pid=1492215)[0m <string>:1: RuntimeWarning: overflow encountered in exp
[36m(fitness pid=1492215)[0m <string>:1: RuntimeWarning: overflow encountered in multiply
[36m(fitness pid=1491621)[0m <string>:1: RuntimeWarning: overflow encountered in exp[32m [repeated 4x across cluster][0m
[36m(fitness pid=1490070)[0m <string>:1: RuntimeWarning: overflow encountered in multiply
[36m(fitness pid=1490019)[0m <string>:1: RuntimeWarning: overflow encountered in multiply
[36m(fitness pid=1490781)[0m <string>:1: RuntimeWarning: overflow encountered in exp[32m [repeated 7x across cluster][0m
[36m(fitness pid=1491098)[0m <string>:1: RuntimeWarning: overflow encountered in exp[32m [repeated 2x across cluster][0m
[36m(fitness pid=1490027)[0m <string>:1: RuntimeWarning: overflow encountered in multiply
[36m(fitness pid=1490019)[0m <string>:1: RuntimeWarning: overflow encountered in exp[32m [repeated 4x across cluster][0m
[36m(fitness pid=1490256)[0m <string>:1: RuntimeWarning: overflow encountered in exp[32m [repeated 3x across cluster][0m
[36m(fitness pid=1490615)[0m <string>:1: RuntimeWarning: overflow encountered in multiply
[36m(fitness pid=1491726)[0m <string>:1: RuntimeWarning: overflow encountered in exp[32m [repeated 4x across cluster][0m
[36m(fitness pid=1490035)[0m <string>:1: RuntimeWarning: invalid value encountered in multiply
[36m(fitness pid=1490642)[0m <string>:1: RuntimeWarning: overflow encountered in exp[32m [repeated 4x across cluster][0m
[36m(fitness pid=1490063)[0m <string>:1: RuntimeWarning: overflow encountered in multiply
[36m(fitness pid=1490063)[0m <string>:1: RuntimeWarning: invalid value encountered in multiply
[36m(fitness pid=1490088)[0m <string>:1: RuntimeWarning: overflow encountered in exp[32m [repeated 4x across cluster][0m
[36m(fitness pid=1490071)[0m <string>:1: RuntimeWarning: overflow encountered in exp[32m [repeated 2x across cluster][0m
[36m(fitness pid=1490683)[0m <string>:1: RuntimeWarning: overflow encountered in multiply
[36m(fitness pid=1490001)[0m <string>:1: RuntimeWarning: overflow encountered in exp[32m [repeated 4x across cluster][0m
[36m(fitness pid=1490003)[0m <string>:1: RuntimeWarning: overflow encountered in exp[32m [repeated 2x across cluster][0m
[36m(fitness pid=1489989)[0m <string>:1: RuntimeWarning: overflow encountered in exp[32m [repeated 2x across cluster][0m
[36m(fitness pid=1492348)[0m <string>:1: RuntimeWarning: overflow encountered in multiply
[36m(fitness pid=1492149)[0m <string>:1: RuntimeWarning: overflow encountered in exp[32m [repeated 3x across cluster][0m
[36m(fitness pid=1490058)[0m <string>:1: RuntimeWarning: overflow encountered in multiply
[36m(fitness pid=1492149)[0m <string>:1: RuntimeWarning: overflow encountered in multiply
[36m(fitness pid=1489989)[0m <string>:1: RuntimeWarning: overflow encountered in exp[32m [repeated 2x across cluster][0m
[36m(fitness pid=1492085)[0m <string>:1: RuntimeWarning: overflow encountered in exp[32m [repeated 2x across cluster][0m
[36m(fitness pid=1490754)[0m <string>:1: RuntimeWarning: overflow encountered in exp[32m [repeated 3x across cluster][0m
[36m(fitness pid=1489935)[0m <string>:1: RuntimeWarning: overflow encountered in exp[32m [repeated 2x across cluster][0m
[36m(fitness pid=1490683)[0m <string>:1: RuntimeWarning: overflow encountered in multiply
[36m(fitness pid=1490683)[0m <string>:1: RuntimeWarning: invalid value encountered in multiply
[36m(fitness pid=1492149)[0m <string>:1: RuntimeWarning: overflow encountered in exp[32m [repeated 3x across cluster][0m
[36m(fitness pid=1489990)[0m <string>:1: RuntimeWarning: overflow encountered in exp
[36m(fitness pid=1489995)[0m <string>:1: RuntimeWarning: overflow encountered in exp
[36m(fitness pid=1489930)[0m <string>:1: RuntimeWarning: overflow encountered in exp[32m [repeated 2x across cluster][0m
[36m(fitness pid=1490256)[0m <string>:1: RuntimeWarning: overflow encountered in exp
[36m(fitness pid=1489931)[0m <string>:1: RuntimeWarning: overflow encountered in exp
[36m(fitness pid=1490032)[0m <string>:1: RuntimeWarning: overflow encountered in multiply
[36m(fitness pid=1490032)[0m <string>:1: RuntimeWarning: overflow encountered in exp
[36m(fitness pid=1490014)[0m <string>:1: RuntimeWarning: overflow encountered in exp
[36m(fitness pid=1491025)[0m <string>:1: RuntimeWarning: overflow encountered in multiply
[36m(fitness pid=1490103)[0m <string>:1: RuntimeWarning: overflow encountered in exp[32m [repeated 2x across cluster][0m
[36m(fitness pid=1491696)[0m <string>:1: RuntimeWarning: overflow encountered in exp
[36m(fitness pid=1491583)[0m <string>:1: RuntimeWarning: overflow encountered in exp
[36m(fitness pid=1491583)[0m <string>:1: RuntimeWarning: invalid value encountered in multiply
[36m(fitness pid=1491515)[0m <string>:1: RuntimeWarning: overflow encountered in exp
[36m(fitness pid=1491931)[0m <string>:1: RuntimeWarning: overflow encountered in exp
[36m(fitness pid=1491931)[0m <string>:1: RuntimeWarning: invalid value encountered in multiply
[36m(fitness pid=1492085)[0m <string>:1: RuntimeWarning: overflow encountered in exp
[36m(fitness pid=1489959)[0m <string>:1: RuntimeWarning: overflow encountered in exp
[36m(fitness pid=1492085)[0m <string>:1: RuntimeWarning: invalid value encountered in multiply
[36m(fitness pid=1489992)[0m <string>:1: RuntimeWarning: overflow encountered in exp
[36m(fitness pid=1489995)[0m <string>:1: RuntimeWarning: overflow encountered in exp
[36m(fitness pid=1489995)[0m <string>:1: RuntimeWarning: invalid value encountered in multiply
[36m(fitness pid=1489937)[0m <string>:1: RuntimeWarning: invalid value encountered in sin
[36m(fitness pid=1489937)[0m <string>:1: RuntimeWarning: overflow encountered in exp
[36m(fitness pid=1490781)[0m <string>:1: RuntimeWarning: overflow encountered in exp
[36m(fitness pid=1490014)[0m <string>:1: RuntimeWarning: overflow encountered in exp
[36m(fitness pid=1492578)[0m <string>:1: RuntimeWarning: overflow encountered in exp
[36m(fitness pid=1492578)[0m <string>:1: RuntimeWarning: invalid value encountered in multiply
[36m(fitness pid=1492149)[0m <string>:1: RuntimeWarning: overflow encountered in exp
[36m(fitness pid=1492149)[0m <string>:1: RuntimeWarning: overflow encountered in multiply
[36m(fitness pid=1489994)[0m <string>:1: RuntimeWarning: overflow encountered in exp
[36m(fitness pid=1489994)[0m <string>:1: RuntimeWarning: overflow encountered in multiply
[36m(fitness pid=1491242)[0m <string>:1: RuntimeWarning: invalid value encountered in multiply
[36m(fitness pid=1491242)[0m <string>:1: RuntimeWarning: overflow encountered in exp
[36m(fitness pid=1490487)[0m <string>:1: RuntimeWarning: overflow encountered in exp
[36m(fitness pid=1490021)[0m <string>:1: RuntimeWarning: overflow encountered in multiply
[36m(fitness pid=1490021)[0m <string>:1: RuntimeWarning: overflow encountered in exp
[36m(fitness pid=1492578)[0m <string>:1: RuntimeWarning: overflow encountered in exp
[36m(fitness pid=1489933)[0m <string>:1: RuntimeWarning: overflow encountered in multiply
[36m(fitness pid=1489933)[0m <string>:1: RuntimeWarning: overflow encountered in exp
[36m(fitness pid=1490344)[0m <string>:1: RuntimeWarning: overflow encountered in exp
[36m(fitness pid=1490344)[0m <string>:1: RuntimeWarning: invalid value encountered in multiply
[36m(fitness pid=1490692)[0m <string>:1: RuntimeWarning: overflow encountered in exp
[36m(fitness pid=1490692)[0m <string>:1: RuntimeWarning: invalid value encountered in multiply
[36m(fitness pid=1490066)[0m <string>:1: RuntimeWarning: overflow encountered in exp
[36m(fitness pid=1490066)[0m <string>:1: RuntimeWarning: invalid value encountered in sin
[36m(fitness pid=1489956)[0m <string>:1: RuntimeWarning: invalid value encountered in multiply
[36m(fitness pid=1489956)[0m <string>:1: RuntimeWarning: overflow encountered in exp
[36m(fitness pid=1490001)[0m <string>:1: RuntimeWarning: overflow encountered in exp
[36m(fitness pid=1490001)[0m <string>:1: RuntimeWarning: invalid value encountered in multiply
[36m(fitness pid=1490019)[0m <string>:1: RuntimeWarning: invalid value encountered in multiply
[36m(fitness pid=1491621)[0m <string>:1: RuntimeWarning: overflow encountered in exp[32m [repeated 2x across cluster][0m
[36m(fitness pid=1491621)[0m <string>:1: RuntimeWarning: invalid value encountered in multiply
[36m(fitness pid=1491025)[0m <string>:1: RuntimeWarning: invalid value encountered in multiply
[36m(fitness pid=1489994)[0m <string>:1: RuntimeWarning: invalid value encountered in sin
[36m(fitness pid=1489994)[0m <string>:1: RuntimeWarning: overflow encountered in exp[32m [repeated 2x across cluster][0m
[36m(fitness pid=1489933)[0m <string>:1: RuntimeWarning: invalid value encountered in sin
[36m(fitness pid=1489933)[0m <string>:1: RuntimeWarning: overflow encountered in exp
[36m(fitness pid=1489928)[0m <string>:1: RuntimeWarning: overflow encountered in exp
[36m(fitness pid=1489945)[0m <string>:1: RuntimeWarning: invalid value encountered in multiply
[36m(fitness pid=1491696)[0m <string>:1: RuntimeWarning: overflow encountered in exp[32m [repeated 2x across cluster][0m
[36m(fitness pid=1491696)[0m <string>:1: RuntimeWarning: invalid value encountered in multiply
[36m(fitness pid=1489949)[0m <string>:1: RuntimeWarning: overflow encountered in exp
[36m(fitness pid=1489949)[0m <string>:1: RuntimeWarning: invalid value encountered in multiply
[36m(fitness pid=1490664)[0m <string>:1: RuntimeWarning: overflow encountered in exp
[36m(fitness pid=1490664)[0m <string>:1: RuntimeWarning: invalid value encountered in multiply
[36m(fitness pid=1490066)[0m <string>:1: RuntimeWarning: overflow encountered in exp
[36m(fitness pid=1490066)[0m <string>:1: RuntimeWarning: invalid value encountered in multiply
[36m(fitness pid=1489944)[0m <string>:1: RuntimeWarning: overflow encountered in exp
[36m(fitness pid=1489944)[0m <string>:1: RuntimeWarning: invalid value encountered in multiply
[36m(fitness pid=1492215)[0m <string>:1: RuntimeWarning: overflow encountered in exp[32m [repeated 2x across cluster][0m
[36m(fitness pid=1492215)[0m <string>:1: RuntimeWarning: invalid value encountered in multiply[32m [repeated 2x across cluster][0m
[36m(fitness pid=1489959)[0m <string>:1: RuntimeWarning: overflow encountered in exp
[36m(fitness pid=1489959)[0m <string>:1: RuntimeWarning: invalid value encountered in multiply
[36m(fitness pid=1489995)[0m <string>:1: RuntimeWarning: overflow encountered in exp
[36m(fitness pid=1489995)[0m <string>:1: RuntimeWarning: invalid value encountered in multiply
[36m(fitness pid=1490070)[0m <string>:1: RuntimeWarning: overflow encountered in exp[32m [repeated 2x across cluster][0m
[36m(fitness pid=1490070)[0m <string>:1: RuntimeWarning: invalid value encountered in multiply[32m [repeated 2x across cluster][0m
[36m(fitness pid=1491931)[0m <string>:1: RuntimeWarning: overflow encountered in exp[32m [repeated 2x across cluster][0m
[36m(fitness pid=1491931)[0m <string>:1: RuntimeWarning: invalid value encountered in multiply[32m [repeated 2x across cluster][0m
[36m(fitness pid=1490071)[0m <string>:1: RuntimeWarning: overflow encountered in exp
[36m(fitness pid=1491815)[0m <string>:1: RuntimeWarning: overflow encountered in exp
[36m(fitness pid=1491815)[0m <string>:1: RuntimeWarning: invalid value encountered in sin
[36m(fitness pid=1490642)[0m <string>:1: RuntimeWarning: invalid value encountered in multiply
[36m(fitness pid=1490642)[0m <string>:1: RuntimeWarning: overflow encountered in exp
[36m(fitness pid=1491726)[0m <string>:1: RuntimeWarning: overflow encountered in exp
[36m(fitness pid=1489957)[0m <string>:1: RuntimeWarning: overflow encountered in exp
[36m(fitness pid=1489937)[0m <string>:1: RuntimeWarning: overflow encountered in exp
[36m(fitness pid=1489937)[0m <string>:1: RuntimeWarning: invalid value encountered in multiply
[36m(fitness pid=1490063)[0m <string>:1: RuntimeWarning: overflow encountered in exp
[36m(fitness pid=1490063)[0m <string>:1: RuntimeWarning: invalid value encountered in multiply
[36m(fitness pid=1490071)[0m <string>:1: RuntimeWarning: overflow encountered in exp
[36m(fitness pid=1490071)[0m <string>:1: RuntimeWarning: invalid value encountered in multiply
[36m(fitness pid=1490585)[0m <string>:1: RuntimeWarning: overflow encountered in exp
[36m(fitness pid=1490585)[0m <string>:1: RuntimeWarning: invalid value encountered in multiply
[36m(fitness pid=1491696)[0m <string>:1: RuntimeWarning: overflow encountered in exp
[36m(fitness pid=1491696)[0m <string>:1: RuntimeWarning: invalid value encountered in sin
[36m(fitness pid=1489958)[0m <string>:1: RuntimeWarning: invalid value encountered in multiply
[36m(fitness pid=1489958)[0m <string>:1: RuntimeWarning: overflow encountered in exp
[36m(fitness pid=1489994)[0m <string>:1: RuntimeWarning: overflow encountered in exp
[36m(fitness pid=1489994)[0m <string>:1: RuntimeWarning: invalid value encountered in multiply
[36m(fitness pid=1489957)[0m <string>:1: RuntimeWarning: overflow encountered in exp
[36m(fitness pid=1489938)[0m <string>:1: RuntimeWarning: overflow encountered in exp
[36m(fitness pid=1489938)[0m <string>:1: RuntimeWarning: invalid value encountered in multiply
