/home/qaragoez/miniforge3/envs/flex/bin/python
Python 3.12.0
Generating initial population(s)...
DONE.
Evaluating initial population(s)...
DONE.
 -= START OF EVOLUTION =- 
   	     	                      fitness                      	             size             
   	     	---------------------------------------------------	------------------------------
gen	evals	min    	avg        	max        	std        	min	avg   	max	std   
1  	2500 	535.616	1.49127e+06	3.00545e+06	1.21354e+06	2  	6.7452	22 	3.4803
Best individuals of this generation:
add(mul(x2, x2), mul(exp(mul(x1, x2)), a))
2  	2500 	535.616	374465     	2.00431e+06	706649     	3  	8.5244	26 	3.6933
Best individuals of this generation:
add(mul(x2, x2), mul(exp(mul(x1, x2)), a))
3  	2500 	535.616	5946.6     	11208.8    	3121.16    	3  	9.5108	32 	3.8989
Best individuals of this generation:
add(mul(x2, x2), mul(exp(mul(x1, x2)), a))
4  	2500 	333.947	3626.81    	7579.57    	1549.52    	4  	10.3132	32 	4.1796
Best individuals of this generation:
add(exp(add(a, x2)), mul(mul(a, x2), sub(mul(a, x2), add(x1, mul(add(x2, x1), x2)))))
5  	2500 	333.947	2581.36    	4976.84    	811.823    	4  	10.33  	34 	4.4603
Best individuals of this generation:
add(exp(add(a, x2)), mul(mul(a, x2), sub(mul(a, x2), add(x1, mul(add(x2, x1), x2)))))
6  	2500 	333.947	2105.85    	3320.32    	542.189    	4  	10.9916	38 	5.0386
Best individuals of this generation:
add(exp(add(a, x2)), mul(mul(a, x2), sub(mul(a, x2), add(x1, mul(add(x2, x1), x2)))))
7  	2500 	305.841	1806.23    	2519.64    	472.572    	4  	11.616 	38 	5.5803
Best individuals of this generation:
add(exp(add(a, sub(x1, x2))), mul(mul(a, x2), x2))
8  	2500 	305.841	1570.2     	2290.8     	447.933    	4  	12.9504	38 	5.6927
Best individuals of this generation:
add(exp(add(a, sub(x1, x2))), mul(mul(a, x2), x2))
9  	2500 	81.4922	1327.59    	2035.53    	413.775    	4  	14.7   	44 	5.921 
Best individuals of this generation:
sub(mul(add(x2, x1), mul(x2, a)), mul(sub(x1, x2), add(sub(a, x1), x2)))
10 	2500 	81.4922	1115.37    	1769.82    	359.651    	6  	16.312 	54 	6.1181
Best individuals of this generation:
sub(mul(add(x2, x1), mul(x2, a)), mul(sub(x1, x2), add(sub(a, x1), x2)))
11 	2500 	74.779 	947.085    	1593.26    	312.154    	6  	17.254 	54 	6.1587
Best individuals of this generation:
sub(mul(add(x2, x1), mul(x2, a)), mul(sub(add(x1, x2), x2), add(x2, mul(x1, a))))
12 	2500 	0.8136 	820.88     	1425.09    	264.344    	7  	17.9432	51 	6.2411
Best individuals of this generation:
add(mul(mul(a, x1), add(add(x1, add(sin(x2), mul(sin(a), x1))), x1)), mul(sub(mul(x2, add(x1, a)), x1), x2))
13 	2500 	0.8136 	728.607    	1240.06    	234.452    	7  	18.4488	63 	6.4243
Best individuals of this generation:
add(mul(mul(a, x1), add(add(x1, add(sin(x2), mul(sin(a), x1))), x1)), mul(sub(mul(x2, add(x1, a)), x1), x2))
14 	2500 	0.8136 	651.526    	1078.45    	216.103    	7  	19.1328	63 	6.6281
Best individuals of this generation:
add(mul(mul(a, x1), add(add(x1, add(sin(x2), mul(sin(a), x1))), x1)), mul(sub(mul(x2, add(x1, a)), x1), x2))
15 	2500 	0.6788 	581.113    	954.78     	208.646    	7  	20.1004	63 	6.9152
Best individuals of this generation:
add(mul(mul(a, x1), add(add(x1, add(sin(x2), mul(sin(a), x1))), x1)), mul(x2, x2))
16 	2500 	0.6788 	516.389    	874.542    	205.459    	7  	20.8428	64 	7.1258
Best individuals of this generation:
add(mul(mul(a, x1), add(add(x1, add(sin(x2), mul(sin(a), x1))), x1)), mul(x2, x2))
17 	2500 	0.6788 	454.361    	810.953    	202.667    	9  	21.7512	64 	7.3487
Best individuals of this generation:
add(mul(mul(a, x1), add(add(x1, add(sin(x2), mul(sin(a), x1))), x1)), mul(x2, x2))
18 	2500 	0.6788 	383.899    	741.742    	199.844    	9  	22.7592	72 	7.8969
Best individuals of this generation:
add(mul(mul(a, x1), add(add(x1, add(sin(x2), mul(sin(a), x1))), x1)), mul(x2, x2))
19 	2500 	0.6788 	315.763    	716.932    	198.879    	9  	23.5064	72 	7.9023
Best individuals of this generation:
add(mul(mul(a, x1), add(add(x1, add(sin(x2), mul(sin(a), x1))), x1)), mul(x2, x2))
20 	2500 	0.5465 	256.217    	685.495    	194.967    	9  	24.706 	72 	8.3488
Best individuals of this generation:
add(mul(mul(a, x1), add(add(x1, add(x1, x2)), x1)), mul(x2, x2))
21 	2500 	0.5465 	206.152    	651.211    	187.677    	9  	25.8728	71 	8.5806
Best individuals of this generation:
add(mul(mul(a, x1), add(add(x1, add(x1, x2)), x1)), mul(x2, x2))
22 	2500 	0.5465 	164.94     	612.058    	174.841    	9  	27.4248	71 	8.8538
Best individuals of this generation:
add(mul(mul(a, x1), add(add(x1, add(x1, x2)), x1)), mul(x2, x2))
23 	2500 	0.5376 	132.706    	561.15     	154.442    	11 	27.9736	71 	8.5079
Best individuals of this generation:
add(mul(mul(a, x1), add(add(x2, x1), x1)), mul(add(sin(x2), mul(sin(a), x1)), x2))
24 	2500 	0.489  	100.563    	505.65     	121.801    	12 	28.8468	78 	8.6207
Best individuals of this generation:
add(mul(mul(a, x1), add(add(x2, x1), x1)), mul(sub(mul(sin(a), sub(x1, x2)), x1), x2))
25 	2500 	0.489  	71.1485    	369.048    	72.211     	11 	29.1128	63 	8.3855
Best individuals of this generation:
add(mul(mul(a, x1), add(add(x2, x1), x1)), mul(sub(mul(sin(a), sub(x1, x2)), x1), x2))
26 	2500 	0.489  	56.0071    	195.258    	45.8867    	11 	29.4104	63 	8.765 
Best individuals of this generation:
add(mul(mul(a, x1), add(add(x2, x1), x1)), mul(sub(mul(sin(a), sub(x1, x2)), x1), x2))
27 	2500 	0.489  	47.8847    	156.72     	36.3107    	12 	29.6848	63 	8.8387
Best individuals of this generation:
add(mul(mul(a, x1), add(add(x2, x1), x1)), mul(sub(mul(sin(a), sub(x1, x2)), x1), x2))
28 	2500 	0.489  	41.0333    	123.565    	28.1571    	12 	30.1636	73 	9.212 
Best individuals of this generation:
add(mul(mul(a, x1), add(add(x2, x1), x1)), mul(sub(mul(sin(a), sub(x1, x2)), x1), x2))
29 	2500 	0.489  	36.3522    	94.5916    	22.9134    	12 	30.2272	73 	9.2344
Best individuals of this generation:
add(mul(mul(a, x1), add(add(x2, x1), x1)), mul(sub(mul(sin(a), sub(x1, x2)), x1), x2))
30 	2500 	0.489  	33.3346    	74.6552    	19.8229    	12 	30.266 	79 	9.6845
Best individuals of this generation:
add(mul(mul(a, x1), add(add(x2, x1), x1)), mul(sub(mul(sin(a), sub(x1, x2)), x1), x2))
31 	2500 	0.381  	31.087     	63.115     	18.3444    	12 	30.3812	79 	10.0072
Best individuals of this generation:
add(mul(add(mul(x1, a), x1), x1), mul(sub(add(mul(x2, a), x1), mul(x2, a)), x2))
32 	2500 	0.381  	29.2064    	54.5783    	17.2791    	12 	30.3584	74 	10.1818
Best individuals of this generation:
add(mul(add(mul(x1, a), x1), x1), mul(sub(add(mul(x2, a), x1), mul(x2, a)), x2))
33 	2500 	0.381  	27.471     	51.296     	16.8811    	12 	30.54  	74 	10.4427
Best individuals of this generation:
add(mul(add(mul(x1, a), x1), x1), mul(sub(add(mul(x2, a), x1), mul(x2, a)), x2))
34 	2500 	0.381  	25.8001    	48.5131    	16.5836    	12 	30.6832	76 	10.8065
Best individuals of this generation:
add(mul(add(mul(x1, a), x1), x1), mul(sub(add(mul(x2, a), x1), mul(x2, a)), x2))
35 	2500 	0.381  	24.0038    	46.7027    	16.2517    	12 	31.174 	76 	11.0663
Best individuals of this generation:
add(mul(add(mul(x1, a), x1), x1), mul(sub(add(mul(x2, a), x1), mul(x2, a)), x2))
36 	2500 	0.381  	21.8494    	45.3236    	15.8604    	12 	31.69  	76 	11.3621
Best individuals of this generation:
add(mul(add(mul(x1, a), x1), x1), mul(sub(add(mul(x2, a), x1), mul(x2, a)), x2))
37 	2500 	0.381  	19.8207    	43.6132    	15.3294    	12 	31.8808	79 	11.5815
Best individuals of this generation:
add(mul(add(mul(x1, a), x1), x1), mul(sub(add(mul(x2, a), x1), mul(x2, a)), x2))
38 	2500 	0.381  	17.1179    	42.2278    	14.641     	12 	31.4648	79 	11.7758
Best individuals of this generation:
add(mul(add(mul(x1, a), x1), x1), mul(sub(add(mul(x2, a), x1), mul(x2, a)), x2))
39 	2500 	0.381  	14.6014    	40.5127    	13.7275    	12 	30.69  	77 	11.3293
Best individuals of this generation:
add(mul(add(mul(x1, a), x1), x1), mul(sub(add(mul(x2, a), x1), mul(x2, a)), x2))
40 	2500 	0.381  	11.9382    	38.6795    	12.6696    	12 	30.0928	76 	11.2471
Best individuals of this generation:
add(mul(add(mul(x1, a), x1), x1), mul(sub(add(mul(x2, a), x1), mul(x2, a)), x2))
41 	2500 	0.381  	9.7078     	37.2997    	11.4685    	12 	29.5488	77 	11.1681
Best individuals of this generation:
add(mul(add(mul(x1, a), x1), x1), mul(sub(add(mul(x2, a), x1), mul(x2, a)), x2))
42 	2500 	0.381  	7.4181     	33.7938    	9.7089     	12 	28.8784	77 	10.8747
Best individuals of this generation:
add(mul(add(mul(x1, a), x1), x1), mul(sub(add(mul(x2, a), x1), mul(x2, a)), x2))
43 	2500 	0.381  	5.4112     	29.5694    	7.8854     	12 	28.4444	78 	10.7473
Best individuals of this generation:
add(mul(add(mul(x1, a), x1), x1), mul(sub(add(mul(x2, a), x1), mul(x2, a)), x2))
44 	2500 	0.381  	3.6568     	21.993     	5.845      	12 	27.5172	78 	10.2818
Best individuals of this generation:
add(mul(add(mul(x1, a), x1), x1), mul(sub(add(mul(x2, a), x1), mul(x2, a)), x2))
45 	2500 	0.381  	2.3039     	19.2454    	3.7159     	12 	27.0428	78 	10.2945
Best individuals of this generation:
add(mul(add(mul(x1, a), x1), x1), mul(sub(add(mul(x2, a), x1), mul(x2, a)), x2))
46 	2500 	0.381  	1.4231     	12.9081    	1.7071     	12 	26.3964	78 	10.2987
Best individuals of this generation:
add(mul(add(mul(x1, a), x1), x1), mul(sub(add(mul(x2, a), x1), mul(x2, a)), x2))
47 	2500 	0.381  	1.0902     	5.9977     	0.6535     	12 	25.9364	78 	10.2961
Best individuals of this generation:
add(mul(add(mul(x1, a), x1), x1), mul(sub(add(mul(x2, a), x1), mul(x2, a)), x2))
48 	2500 	0.381  	0.9638     	1.7193     	0.3508     	12 	26.0936	78 	10.8939
Best individuals of this generation:
add(mul(add(mul(x1, a), x1), x1), mul(sub(add(mul(x2, a), x1), mul(x2, a)), x2))
49 	2500 	0.381  	0.913      	1.6072     	0.3136     	13 	25.9604	78 	10.957 
Best individuals of this generation:
add(mul(add(mul(x1, a), x1), x1), mul(sub(add(mul(x2, a), x1), mul(x2, a)), x2))
50 	2500 	0.381  	0.8669     	1.4564     	0.2819     	13 	25.176 	78 	10.1514
Best individuals of this generation:
add(mul(add(mul(x1, a), x1), x1), mul(sub(add(mul(x2, a), x1), mul(x2, a)), x2))
51 	2500 	0.381  	0.8304     	1.3716     	0.2615     	13 	24.5836	77 	9.5864 
Best individuals of this generation:
add(mul(add(mul(x1, a), x1), x1), mul(sub(add(mul(x2, a), x1), mul(x2, a)), x2))
52 	2500 	0.381  	0.795      	1.2768     	0.2435     	13 	24.3788	72 	9.3616 
Best individuals of this generation:
add(mul(add(mul(x1, a), x1), x1), mul(sub(add(mul(x2, a), x1), mul(x2, a)), x2))
53 	2500 	0.381  	0.7619     	1.2325     	0.229      	13 	24.3216	72 	9.3007 
Best individuals of this generation:
add(mul(add(mul(x1, a), x1), x1), mul(sub(add(mul(x2, a), x1), mul(x2, a)), x2))
54 	2500 	0.3614 	0.7319     	1.189      	0.216      	13 	24.1584	73 	9.5604 
Best individuals of this generation:
add(mul(a, mul(x1, x1)), mul(add(x1, x2), sin(add(x1, x2))))
55 	2500 	0.3603 	0.7074     	1.1541     	0.2039     	13 	24.4424	74 	10.2996
Best individuals of this generation:
add(mul(add(a, a), mul(x1, mul(x1, a))), mul(add(sin(mul(a, x1)), x2), sin(add(x1, x2))))
56 	2500 	0.3446 	0.68       	1.1161     	0.1884     	13 	24.5752	74 	10.912 
Best individuals of this generation:
add(mul(a, mul(x1, x1)), mul(add(x1, x2), sin(add(x1, x2))))
57 	2500 	0.3446 	0.6555     	1.0727     	0.1746     	13 	25.0236	78 	11.6998
Best individuals of this generation:
add(mul(a, mul(x1, x1)), mul(add(x1, x2), sin(add(x1, x2))))
58 	2500 	0.337  	0.6344     	1.0189     	0.1605     	13 	25.4312	78 	12.24  
Best individuals of this generation:
add(mul(x1, mul(x1, a)), mul(add(x1, x2), sin(add(x1, x2))))
59 	2500 	0.337  	0.6149     	0.9765     	0.1476     	13 	25.7696	78 	12.78  
Best individuals of this generation:
add(mul(x1, mul(x1, a)), mul(add(x1, x2), sin(add(x1, x2))))
60 	2500 	0.337  	0.5987     	0.9383     	0.1367     	13 	26.1092	78 	13.2064
Best individuals of this generation:
add(mul(x1, mul(x1, a)), mul(add(x1, x2), sin(add(x1, x2))))
61 	2500 	0.337  	0.5849     	0.9015     	0.1286     	13 	26.2704	78 	13.409 
Best individuals of this generation:
add(mul(x1, mul(x1, a)), mul(add(x1, x2), sin(add(x1, x2))))
62 	2500 	0.3136 	0.5732     	0.8667     	0.121      	13 	26.2736	78 	13.4054
Best individuals of this generation:
add(mul(add(x1, x2), add(x1, x2)), mul(x1, sub(mul(a, mul(a, x1)), add(sub(mul(a, x1), x1), mul(mul(add(x2, mul(a, x1)), add(x1, x2)), x1)))))
63 	2500 	0.3136 	0.5613     	0.8399     	0.1156     	13 	26.0756	78 	12.983 
Best individuals of this generation:
add(mul(add(x1, x2), add(x1, x2)), mul(x1, sub(mul(a, mul(a, x1)), add(sub(mul(a, x1), x1), mul(mul(add(x2, mul(a, x1)), add(x1, x2)), x1)))))
64 	2500 	0.3136 	0.5506     	0.8135     	0.11       	13 	25.8176	78 	12.6046
Best individuals of this generation:
add(mul(add(x1, x2), add(x1, x2)), mul(x1, sub(mul(a, mul(a, x1)), add(sub(mul(a, x1), x1), mul(mul(add(x2, mul(a, x1)), add(x1, x2)), x1)))))
65 	2500 	0.3136 	0.5404     	0.7927     	0.1057     	13 	25.75  	72 	12.3985
Best individuals of this generation:
add(mul(add(x1, x2), add(x1, x2)), mul(x1, sub(mul(a, mul(a, x1)), add(sub(mul(a, x1), x1), mul(mul(add(x2, mul(a, x1)), add(x1, x2)), x1)))))
66 	2500 	0.3136 	0.5326     	0.7762     	0.1027     	13 	25.698 	72 	12.2259
Best individuals of this generation:
add(mul(add(x1, x2), add(x1, x2)), mul(x1, sub(mul(a, mul(a, x1)), add(sub(mul(a, x1), x1), mul(mul(add(x2, mul(a, x1)), add(x1, x2)), x1)))))
67 	2500 	0.3136 	0.525      	0.7563     	0.0993     	13 	25.4516	72 	11.9657
Best individuals of this generation:
add(mul(add(x1, x2), add(x1, x2)), mul(x1, sub(mul(a, mul(a, x1)), add(sub(mul(a, x1), x1), mul(mul(add(x2, mul(a, x1)), add(x1, x2)), x1)))))
68 	2500 	0.3136 	0.5164     	0.7434     	0.0974     	13 	25.1924	72 	11.8396
Best individuals of this generation:
add(mul(add(x1, x2), add(x1, x2)), mul(x1, sub(mul(a, mul(a, x1)), add(sub(mul(a, x1), x1), mul(mul(add(x2, mul(a, x1)), add(x1, x2)), x1)))))
69 	2500 	0.3136 	0.5096     	0.7268     	0.095      	13 	25.0936	72 	11.6668
Best individuals of this generation:
add(mul(add(x1, x2), add(x1, x2)), mul(x1, sub(mul(a, mul(a, x1)), add(sub(mul(a, x1), x1), mul(mul(add(x2, mul(a, x1)), add(x1, x2)), x1)))))
70 	2500 	0.3136 	0.5028     	0.714      	0.0921     	13 	24.8368	71 	11.5698
Best individuals of this generation:
add(mul(add(x1, x2), add(x1, x2)), mul(x1, sub(mul(a, mul(a, x1)), add(sub(mul(a, x1), x1), mul(mul(add(x2, mul(a, x1)), add(x1, x2)), x1)))))
71 	2500 	0.3136 	0.497      	0.6962     	0.0904     	13 	24.62  	71 	11.4511
Best individuals of this generation:
add(mul(add(x1, x2), add(x1, x2)), mul(x1, sub(mul(a, mul(a, x1)), add(sub(mul(a, x1), x1), mul(mul(add(x2, mul(a, x1)), add(x1, x2)), x1)))))
72 	2500 	0.3127 	0.4917     	0.6878     	0.089      	13 	24.436 	71 	11.3642
Best individuals of this generation:
add(mul(a, mul(x1, x1)), mul(sin(add(x1, x2)), add(x1, sin(x2))))
73 	2500 	0.3127 	0.4869     	0.6828     	0.0879     	13 	24.1204	71 	11.1248
Best individuals of this generation:
add(mul(a, mul(x1, x1)), mul(sin(add(x1, x2)), add(x1, sin(x2))))
74 	2500 	0.3127 	0.4826     	0.6741     	0.0874     	13 	23.9264	70 	10.9538
Best individuals of this generation:
add(mul(a, mul(x1, x1)), mul(sin(add(x1, x2)), add(x1, sin(x2))))
75 	2500 	0.3127 	0.4788     	0.6674     	0.0863     	13 	23.7492	70 	10.811 
Best individuals of this generation:
add(mul(a, mul(x1, x1)), mul(sin(add(x1, x2)), add(x1, sin(x2))))
76 	2500 	0.3127 	0.4746     	0.6611     	0.0854     	13 	23.5528	70 	10.7109
Best individuals of this generation:
add(mul(a, mul(x1, x1)), mul(sin(add(x1, x2)), add(x1, sin(x2))))
77 	2500 	0.3127 	0.4705     	0.6524     	0.0842     	13 	23.414 	70 	10.581 
Best individuals of this generation:
add(mul(a, mul(x1, x1)), mul(sin(add(x1, x2)), add(x1, sin(x2))))
78 	2500 	0.3017 	0.4665     	0.6459     	0.0836     	13 	23.256 	70 	10.3666
Best individuals of this generation:
add(mul(add(x1, x2), add(x1, x2)), mul(x1, sub(mul(a, mul(a, x1)), add(sub(x1, x1), mul(mul(add(x2, mul(a, x1)), add(x1, x2)), x1)))))
79 	2500 	0.3017 	0.4632     	0.64       	0.0824     	13 	23.1476	70 	10.1959
Best individuals of this generation:
add(mul(add(x1, x2), add(x1, x2)), mul(x1, sub(mul(a, mul(a, x1)), add(sub(x1, x1), mul(mul(add(x2, mul(a, x1)), add(x1, x2)), x1)))))
80 	2500 	0.2991 	0.4594     	0.6312     	0.0805     	13 	22.9332	70 	9.9497 
Best individuals of this generation:
add(mul(add(x1, x2), add(x1, x2)), mul(x1, sub(x1, add(sub(mul(a, x1), x1), mul(mul(add(x2, mul(a, x1)), add(x1, x2)), x1)))))
81 	2500 	0.2991 	0.4564     	0.6239     	0.0792     	13 	22.7824	70 	9.7462 
Best individuals of this generation:
add(mul(add(x1, x2), add(x1, x2)), mul(x1, sub(x1, add(sub(mul(a, x1), x1), mul(mul(add(x2, mul(a, x1)), add(x1, x2)), x1)))))
82 	2500 	0.2991 	0.4537     	0.6193     	0.0785     	13 	22.606 	70 	9.5566 
Best individuals of this generation:
add(mul(add(x1, x2), add(x1, x2)), mul(x1, sub(x1, add(sub(mul(a, x1), x1), mul(mul(add(x2, mul(a, x1)), add(x1, x2)), x1)))))
83 	2500 	0.2991 	0.451      	0.6139     	0.0779     	13 	22.4472	70 	9.3974 
Best individuals of this generation:
add(mul(add(x1, x2), add(x1, x2)), mul(x1, sub(x1, add(sub(mul(a, x1), x1), mul(mul(add(x2, mul(a, x1)), add(x1, x2)), x1)))))
84 	2500 	0.2991 	0.4481     	0.6072     	0.0767     	13 	22.332 	58 	9.2184 
Best individuals of this generation:
add(mul(add(x1, x2), add(x1, x2)), mul(x1, sub(x1, add(sub(mul(a, x1), x1), mul(mul(add(x2, mul(a, x1)), add(x1, x2)), x1)))))
85 	2500 	0.2991 	0.4453     	0.5983     	0.0751     	13 	22.2168	60 	9.1785 
Best individuals of this generation:
add(mul(add(x1, x2), add(x1, x2)), mul(x1, sub(x1, add(sub(mul(a, x1), x1), mul(mul(add(x2, mul(a, x1)), add(x1, x2)), x1)))))
86 	2500 	0.2945 	0.4424     	0.59       	0.0735     	13 	22.1236	60 	9.0633 
Best individuals of this generation:
add(mul(add(x1, x2), add(x1, x2)), mul(x1, sub(mul(a, x1), add(sub(mul(a, x1), x1), mul(mul(add(add(x2, x1), sub(x2, add(x2, mul(a, x1)))), add(x1, x2)), x1)))))
87 	2500 	0.2945 	0.4399     	0.5844     	0.0725     	13 	22.0332	56 	8.9803 
Best individuals of this generation:
add(mul(add(x1, x2), add(x1, x2)), mul(x1, sub(mul(a, x1), add(sub(mul(a, x1), x1), mul(mul(add(add(x2, x1), sub(x2, add(x2, mul(a, x1)))), add(x1, x2)), x1)))))
88 	2500 	0.2945 	0.4376     	0.579      	0.0712     	13 	21.9524	56 	8.926  
Best individuals of this generation:
add(mul(add(x1, x2), add(x1, x2)), mul(x1, sub(mul(a, x1), add(sub(mul(a, x1), x1), mul(mul(add(add(x2, x1), sub(x2, add(x2, mul(a, x1)))), add(x1, x2)), x1)))))
89 	2500 	0.2945 	0.4353     	0.5727     	0.0701     	13 	21.8564	55 	8.8431 
Best individuals of this generation:
add(mul(add(x1, x2), add(x1, x2)), mul(x1, sub(mul(a, x1), add(sub(mul(a, x1), x1), mul(mul(add(add(x2, x1), sub(x2, add(x2, mul(a, x1)))), add(x1, x2)), x1)))))
90 	2500 	0.2945 	0.4333     	0.5671     	0.0692     	13 	21.794 	55 	8.7917 
Best individuals of this generation:
add(mul(add(x1, x2), add(x1, x2)), mul(x1, sub(mul(a, x1), add(sub(mul(a, x1), x1), mul(mul(add(add(x2, x1), sub(x2, add(x2, mul(a, x1)))), add(x1, x2)), x1)))))
91 	2500 	0.2945 	0.4311     	0.5621     	0.0679     	13 	21.7752	56 	8.7572 
Best individuals of this generation:
add(mul(add(x1, x2), add(x1, x2)), mul(x1, sub(mul(a, x1), add(sub(mul(a, x1), x1), mul(mul(add(add(x2, x1), sub(x2, add(x2, mul(a, x1)))), add(x1, x2)), x1)))))
92 	2500 	0.2945 	0.4296     	0.5577     	0.0669     	13 	21.802 	56 	8.7442 
Best individuals of this generation:
add(mul(add(x1, x2), add(x1, x2)), mul(x1, sub(mul(a, x1), add(sub(mul(a, x1), x1), mul(mul(add(add(x2, x1), sub(x2, add(x2, mul(a, x1)))), add(x1, x2)), x1)))))
93 	2500 	0.2945 	0.428      	0.5533     	0.0658     	13 	21.8508	56 	8.7806 
Best individuals of this generation:
add(mul(add(x1, x2), add(x1, x2)), mul(x1, sub(mul(a, x1), add(sub(mul(a, x1), x1), mul(mul(add(add(x2, x1), sub(x2, add(x2, mul(a, x1)))), add(x1, x2)), x1)))))
94 	2500 	0.2945 	0.4263     	0.5482     	0.0649     	13 	21.9084	56 	8.858  
Best individuals of this generation:
add(mul(add(x1, x2), add(x1, x2)), mul(x1, sub(mul(a, x1), add(sub(mul(a, x1), x1), mul(mul(add(add(x2, x1), sub(x2, add(x2, mul(a, x1)))), add(x1, x2)), x1)))))
95 	2500 	0.291  	0.4246     	0.5421     	0.0641     	13 	21.91  	56 	8.7979 
Best individuals of this generation:
add(mul(x1, add(add(sin(x1), add(add(sin(add(x2, mul(a, x1))), mul(sin(a), x1)), sin(add(x2, x1)))), x1)), mul(x2, x2))
96 	2500 	0.291  	0.423      	0.5382     	0.0634     	13 	21.976 	56 	8.8514 
Best individuals of this generation:
add(mul(x1, add(add(sin(x1), add(add(sin(add(x2, mul(a, x1))), mul(sin(a), x1)), sin(add(x2, x1)))), x1)), mul(x2, x2))
97 	2500 	0.291  	0.4212     	0.5327     	0.0625     	13 	21.9384	54 	8.7628 
Best individuals of this generation:
add(mul(x1, add(add(sin(x1), add(add(sin(add(x2, mul(a, x1))), mul(sin(a), x1)), sin(add(x2, x1)))), x1)), mul(x2, x2))
98 	2500 	0.291  	0.4195     	0.5282     	0.0621     	13 	22.006 	54 	8.822  
Best individuals of this generation:
add(mul(x1, add(add(sin(x1), add(add(sin(add(x2, mul(a, x1))), mul(sin(a), x1)), sin(add(x2, x1)))), x1)), mul(x2, x2))
99 	2500 	0.291  	0.4178     	0.5246     	0.0614     	13 	22.068 	53 	8.7972 
Best individuals of this generation:
add(mul(x1, add(add(sin(x1), add(add(sin(add(x2, mul(a, x1))), mul(sin(a), x1)), sin(add(x2, x1)))), x1)), mul(x2, x2))
100	2500 	0.291  	0.4159     	0.5183     	0.0609     	13 	22.1156	53 	8.7555 
Best individuals of this generation:
add(mul(x1, add(add(sin(x1), add(add(sin(add(x2, mul(a, x1))), mul(sin(a), x1)), sin(add(x2, x1)))), x1)), mul(x2, x2))
 -= END OF EVOLUTION =- 
The best individual is add(mul(x1, add(add(sin(x1), add(add(sin(add(x2, mul(a, x1))), mul(sin(a), x1)), sin(add(x2, x1)))), x1)), mul(x2, x2))
The best fitness on the training set is 0.291
Best parameters =  [ 1.62166858 -4.51682964]
Elapsed time =  2919.9023053646088
Time per individual =  0.011679609221458435
Individuals per sec =  85.6193029269116
Best Expression and Fitness saved to 'best_expression.txt'.
