[2026-02-03 10:42:06,893 W 505836 505836] network_util.cc:296: Failed to determine local IP via external connectivity to: 8.8.8.8:53, [2001:4860:4860::8888]:53, falling back to hostname resolution
2026-02-03 10:42:15,934	INFO worker.py:1998 -- Started a local Ray instance. View the dashboard at [1m[32mhttp://127.0.0.1:8265 [39m[22m
/home/qaragoez/miniforge3/envs/flex/lib/python3.12/site-packages/ray/_private/worker.py:2046: FutureWarning: Tip: In future versions of Ray, Ray will no longer override accelerator visible devices env var if num_gpus=0 or num_gpus=None (default). To enable this behavior and turn off this error message, set RAY_ACCEL_ENV_VAR_OVERRIDE_ON_ZERO=0
  warnings.warn(
[36m(fitness pid=514169)[0m <string>:1: RuntimeWarning: overflow encountered in exp
[36m(fitness pid=514978)[0m <string>:1: RuntimeWarning: overflow encountered in exp[32m [repeated 4x across cluster] (Ray deduplicates logs by default. Set RAY_DEDUP_LOGS=0 to disable log deduplication, or see https://docs.ray.io/en/master/ray-observability/user-guides/configure-logging.html#log-deduplication for more options.)[0m
[36m(fitness pid=514660)[0m <string>:1: RuntimeWarning: overflow encountered in exp[32m [repeated 3x across cluster][0m
[36m(fitness pid=515222)[0m <string>:1: RuntimeWarning: overflow encountered in exp[32m [repeated 8x across cluster][0m
[36m(fitness pid=514582)[0m <string>:1: RuntimeWarning: overflow encountered in exp[32m [repeated 4x across cluster][0m
[36m(fitness pid=514686)[0m /faststorage/project/DeiC-AU-N2-2024077/qaragoez/Flex/src/flex/gp/numpy_primitives.py:24: RuntimeWarning: overflow encountered in square
[36m(fitness pid=514686)[0m   lambda x, y: np.divide(x, np.sqrt(1 + y**2)), [float, float], float
[36m(fitness pid=514675)[0m <string>:1: RuntimeWarning: overflow encountered in exp[32m [repeated 9x across cluster][0m
[36m(fitness pid=515659)[0m /faststorage/project/DeiC-AU-N2-2024077/qaragoez/Flex/src/flex/gp/numpy_primitives.py:24: RuntimeWarning: overflow encountered in square[32m [repeated 2x across cluster][0m
[36m(fitness pid=515659)[0m   lambda x, y: np.divide(x, np.sqrt(1 + y**2)), [float, float], float[32m [repeated 2x across cluster][0m
[36m(fitness pid=515428)[0m <string>:1: RuntimeWarning: overflow encountered in multiply
[36m(fitness pid=514626)[0m <string>:1: RuntimeWarning: invalid value encountered in multiply
[36m(fitness pid=514089)[0m <string>:1: RuntimeWarning: overflow encountered in exp[32m [repeated 7x across cluster][0m
[36m(fitness pid=514626)[0m <string>:1: RuntimeWarning: overflow encountered in multiply
[36m(fitness pid=514641)[0m /faststorage/project/DeiC-AU-N2-2024077/qaragoez/Flex/src/flex/gp/numpy_primitives.py:24: RuntimeWarning: overflow encountered in square
[36m(fitness pid=514641)[0m   lambda x, y: np.divide(x, np.sqrt(1 + y**2)), [float, float], float
[36m(fitness pid=514641)[0m /faststorage/project/DeiC-AU-N2-2024077/qaragoez/Flex/src/flex/gp/numpy_primitives.py:24: RuntimeWarning: overflow encountered in scalar power
[36m(fitness pid=514641)[0m   lambda x, y: np.divide(x, np.sqrt(1 + y**2)), [float, float], float
[36m(fitness pid=515863)[0m <string>:1: RuntimeWarning: overflow encountered in exp[32m [repeated 16x across cluster][0m
[36m(fitness pid=515717)[0m <string>:1: RuntimeWarning: overflow encountered in multiply
[36m(fitness pid=515609)[0m /faststorage/project/DeiC-AU-N2-2024077/qaragoez/Flex/src/flex/gp/numpy_primitives.py:24: RuntimeWarning: overflow encountered in square
[36m(fitness pid=515609)[0m   lambda x, y: np.divide(x, np.sqrt(1 + y**2)), [float, float], float
[36m(fitness pid=514669)[0m <string>:1: RuntimeWarning: overflow encountered in exp[32m [repeated 13x across cluster][0m
[36m(fitness pid=515472)[0m <string>:1: RuntimeWarning: overflow encountered in multiply
[36m(fitness pid=514639)[0m /faststorage/project/DeiC-AU-N2-2024077/qaragoez/Flex/src/flex/gp/numpy_primitives.py:24: RuntimeWarning: overflow encountered in square
[36m(fitness pid=514639)[0m   lambda x, y: np.divide(x, np.sqrt(1 + y**2)), [float, float], float
[36m(fitness pid=516656)[0m <string>:1: RuntimeWarning: overflow encountered in exp[32m [repeated 5x across cluster][0m
[36m(fitness pid=514578)[0m <string>:1: RuntimeWarning: overflow encountered in exp[32m [repeated 5x across cluster][0m
[36m(fitness pid=514662)[0m <string>:1: RuntimeWarning: overflow encountered in multiply
[36m(fitness pid=516067)[0m <string>:1: RuntimeWarning: overflow encountered in exp[32m [repeated 5x across cluster][0m
[36m(fitness pid=514635)[0m /faststorage/project/DeiC-AU-N2-2024077/qaragoez/Flex/src/flex/gp/numpy_primitives.py:24: RuntimeWarning: overflow encountered in square
[36m(fitness pid=514635)[0m   lambda x, y: np.divide(x, np.sqrt(1 + y**2)), [float, float], float
[36m(fitness pid=514729)[0m <string>:1: RuntimeWarning: invalid value encountered in sin
[36m(fitness pid=514641)[0m <string>:1: RuntimeWarning: invalid value encountered in multiply
[36m(fitness pid=514462)[0m <string>:1: RuntimeWarning: overflow encountered in exp[32m [repeated 8x across cluster][0m
[36m(fitness pid=516473)[0m /faststorage/project/DeiC-AU-N2-2024077/qaragoez/Flex/src/flex/gp/numpy_primitives.py:24: RuntimeWarning: overflow encountered in square
[36m(fitness pid=516473)[0m   lambda x, y: np.divide(x, np.sqrt(1 + y**2)), [float, float], float
[36m(fitness pid=514978)[0m <string>:1: RuntimeWarning: invalid value encountered in sin
[36m(fitness pid=516563)[0m <string>:1: RuntimeWarning: overflow encountered in exp[32m [repeated 7x across cluster][0m
[36m(fitness pid=514686)[0m <string>:1: RuntimeWarning: invalid value encountered in sin
[36m(fitness pid=514686)[0m <string>:1: RuntimeWarning: overflow encountered in exp[32m [repeated 4x across cluster][0m
[36m(fitness pid=514665)[0m <string>:1: RuntimeWarning: overflow encountered in multiply
[36m(fitness pid=514674)[0m <string>:1: RuntimeWarning: overflow encountered in exp[32m [repeated 7x across cluster][0m
[36m(fitness pid=513725)[0m <string>:1: RuntimeWarning: overflow encountered in exp[32m [repeated 4x across cluster][0m
[36m(fitness pid=513463)[0m <string>:1: RuntimeWarning: overflow encountered in exp
[36m(fitness pid=515960)[0m <string>:1: RuntimeWarning: overflow encountered in exp
[36m(fitness pid=515082)[0m <string>:1: RuntimeWarning: invalid value encountered in multiply
[36m(fitness pid=514752)[0m <string>:1: RuntimeWarning: invalid value encountered in sin
[36m(fitness pid=514752)[0m <string>:1: RuntimeWarning: overflow encountered in exp[32m [repeated 6x across cluster][0m
[36m(fitness pid=514582)[0m <string>:1: RuntimeWarning: overflow encountered in multiply
[36m(fitness pid=514662)[0m <string>:1: RuntimeWarning: overflow encountered in exp[32m [repeated 2x across cluster][0m
[36m(fitness pid=514655)[0m <string>:1: RuntimeWarning: overflow encountered in exp
[36m(fitness pid=514334)[0m <string>:1: RuntimeWarning: overflow encountered in exp
[36m(fitness pid=516563)[0m <string>:1: RuntimeWarning: overflow encountered in exp[32m [repeated 2x across cluster][0m
[36m(fitness pid=514641)[0m <string>:1: RuntimeWarning: overflow encountered in exp[32m [repeated 2x across cluster][0m
[36m(fitness pid=515992)[0m <string>:1: RuntimeWarning: overflow encountered in exp
[36m(fitness pid=514611)[0m <string>:1: RuntimeWarning: overflow encountered in exp
[36m(fitness pid=514611)[0m <string>:1: RuntimeWarning: invalid value encountered in multiply
[36m(fitness pid=515503)[0m <string>:1: RuntimeWarning: overflow encountered in exp[32m [repeated 4x across cluster][0m
[36m(fitness pid=514653)[0m <string>:1: RuntimeWarning: overflow encountered in exp[32m [repeated 4x across cluster][0m
[36m(fitness pid=514170)[0m <string>:1: RuntimeWarning: overflow encountered in exp[32m [repeated 3x across cluster][0m
[36m(fitness pid=514170)[0m <string>:1: RuntimeWarning: overflow encountered in multiply
[36m(fitness pid=514262)[0m <string>:1: RuntimeWarning: overflow encountered in exp[32m [repeated 2x across cluster][0m
[36m(fitness pid=514575)[0m <string>:1: RuntimeWarning: overflow encountered in exp[32m [repeated 4x across cluster][0m
[36m(fitness pid=515853)[0m <string>:1: RuntimeWarning: invalid value encountered in multiply
[36m(fitness pid=514651)[0m <string>:1: RuntimeWarning: overflow encountered in exp[32m [repeated 3x across cluster][0m
[36m(fitness pid=515222)[0m <string>:1: RuntimeWarning: overflow encountered in multiply
[36m(fitness pid=514934)[0m <string>:1: RuntimeWarning: overflow encountered in exp[32m [repeated 5x across cluster][0m
[36m(fitness pid=514669)[0m <string>:1: RuntimeWarning: invalid value encountered in multiply
[36m(fitness pid=514752)[0m <string>:1: RuntimeWarning: overflow encountered in multiply
[36m(fitness pid=514663)[0m <string>:1: RuntimeWarning: overflow encountered in exp[32m [repeated 7x across cluster][0m
[36m(fitness pid=514664)[0m <string>:1: RuntimeWarning: invalid value encountered in multiply
[36m(fitness pid=513463)[0m <string>:1: RuntimeWarning: overflow encountered in exp[32m [repeated 3x across cluster][0m
[36m(fitness pid=514674)[0m <string>:1: RuntimeWarning: invalid value encountered in multiply
[36m(fitness pid=514629)[0m <string>:1: RuntimeWarning: overflow encountered in multiply
[36m(fitness pid=515659)[0m <string>:1: RuntimeWarning: overflow encountered in exp[32m [repeated 9x across cluster][0m
[36m(fitness pid=515428)[0m <string>:1: RuntimeWarning: invalid value encountered in multiply
[36m(fitness pid=514729)[0m <string>:1: RuntimeWarning: overflow encountered in exp[32m [repeated 3x across cluster][0m
[36m(fitness pid=514579)[0m <string>:1: RuntimeWarning: overflow encountered in exp[32m [repeated 8x across cluster][0m
