/home/qaragoez/miniforge3/envs/flex/bin/python
Python 3.12.0
Generating initial population(s)...
DONE.
Evaluating initial population(s)...
DONE.
 -= START OF EVOLUTION =- 
   	     	               fitness                	             size             
   	     	--------------------------------------	------------------------------
gen	evals	min    	avg   	max        	std   	min	avg   	max	std   
1  	2500 	374.611	224465	1.01016e+06	394056	2  	7.3588	24 	3.7819
Best individuals of this generation:
add(exp(aq(a, x2)), mul(mul(x1, a), add(x1, a)))
2  	2500 	291.76 	8683.07	12670.1    	2646.86	3  	8.2352	23 	3.669 
Best individuals of this generation:
add(exp(aq(a, x2)), mul(mul(x1, a), add(x1, x1)))
3  	2500 	0.0681 	6614.67	10156      	2453.83	4  	10.214	29 	3.7   
Best individuals of this generation:
sub(mul(add(x1, x2), add(x1, x2)), mul(x1, add(a, x2)))
4  	2500 	0.0681 	4809.56	7728.67    	1777.81	4  	10.842	29 	4.0515
Best individuals of this generation:
sub(mul(add(x1, x2), add(x1, x2)), mul(x1, add(a, x2)))
5  	2500 	0.0681 	3570.65	6007.1     	1513.11	4  	11.9404	33 	4.1663
Best individuals of this generation:
sub(mul(add(x1, x2), add(x1, x2)), mul(x1, add(a, x2)))
6  	2500 	0.035  	2488.53	4954.08    	1139.43	5  	12.9504	35 	4.3233
Best individuals of this generation:
add(mul(x2, x2), mul(x1, x1))
7  	2500 	0.035  	1733.04	3604.04    	755.413	5  	13.478 	35 	4.3737
Best individuals of this generation:
add(mul(x2, x2), mul(x1, x1))
8  	2500 	0.035  	1268.78	2618.06    	559.708	6  	13.8332	35 	4.478 
Best individuals of this generation:
add(mul(x2, x2), mul(x1, x1))
9  	2500 	0.035  	981.338	1912.07    	490.462	6  	14.6136	41 	4.6594
Best individuals of this generation:
add(mul(x2, x2), mul(x1, x1))
10 	2500 	0.035  	729.529	1629.27    	440.912	7  	15.4452	45 	4.9382
Best individuals of this generation:
add(mul(x2, x2), mul(x1, x1))
11 	2500 	0.035  	482.764	1273.22    	368.128	7  	16.4016	50 	5.3113
Best individuals of this generation:
add(mul(x2, x2), mul(x1, x1))
12 	2500 	0.035  	279.627	995.214    	283.254	7  	17.3632	50 	5.5615
Best individuals of this generation:
add(mul(x2, x2), mul(x1, x1))
13 	2500 	0.035  	141.574	736.359    	185.57 	7  	17.5704	50 	5.6748
Best individuals of this generation:
add(mul(x2, x2), mul(x1, x1))
14 	2500 	0.035  	56.6815	387.152    	103.922	7  	17.59  	50 	5.8068
Best individuals of this generation:
add(mul(x2, x2), mul(x1, x1))
15 	2500 	0.035  	24.9126	322.056    	67.0811	7  	17.1756	50 	5.7674
Best individuals of this generation:
add(mul(x2, x2), mul(x1, x1))
16 	2500 	0.035  	8.2999 	175.122    	27.295 	7  	16.5452	50 	5.7342
Best individuals of this generation:
add(mul(x2, x2), mul(x1, x1))
17 	2500 	0.035  	2.1155 	48.3324    	7.0448 	7  	15.478 	42 	5.6071
Best individuals of this generation:
add(mul(x2, x2), mul(x1, x1))
18 	2500 	0.035  	0.612  	16.347     	2.3125 	7  	13.9264	35 	4.6737
Best individuals of this generation:
add(mul(x2, x2), mul(x1, x1))
19 	2500 	0.035  	0.1005 	2.2592     	0.2201 	7  	12.784 	35 	4.2041
Best individuals of this generation:
add(mul(x2, x2), mul(x1, x1))
20 	2500 	0.035  	0.0634 	0.1478     	0.0226 	7  	11.6456	27 	3.5338
Best individuals of this generation:
add(mul(x2, x2), mul(x1, x1))
21 	2500 	0.035  	0.057  	0.103      	0.0171 	7  	10.7016	20 	2.8747
Best individuals of this generation:
add(mul(x2, x2), mul(x1, x1))
22 	2500 	0.035  	0.0519 	0.085      	0.0141 	7  	9.9124 	17 	2.4293
Best individuals of this generation:
add(mul(x2, x2), mul(x1, x1))
23 	2500 	0.035  	0.0478 	0.0762     	0.012  	7  	9.354  	15 	2.2204
Best individuals of this generation:
add(mul(x2, x2), mul(x1, x1))
24 	2500 	0.035  	0.0445 	0.0674     	0.0103 	7  	8.7956 	13 	1.9727
Best individuals of this generation:
add(mul(x2, x2), mul(x1, x1))
25 	2500 	0.035  	0.0425 	0.0652     	0.0095 	7  	8.4472 	13 	1.8489
Best individuals of this generation:
add(mul(x2, x2), mul(x1, x1))
26 	2500 	0.035  	0.0409 	0.06       	0.0083 	7  	8.1452 	12 	1.5923
Best individuals of this generation:
add(mul(x2, x2), mul(x1, x1))
27 	2500 	0.035  	0.0395 	0.0552     	0.0072 	7  	7.8732 	11 	1.4126
Best individuals of this generation:
add(mul(x2, x2), mul(x1, x1))
28 	2500 	0.035  	0.0384 	0.055      	0.0061 	7  	7.6716 	11 	1.1966
Best individuals of this generation:
add(mul(x2, x2), mul(x1, x1))
29 	2500 	0.035  	0.0374 	0.055      	0.0046 	7  	7.464  	11 	0.9112
Best individuals of this generation:
add(mul(x2, x2), mul(x1, x1))
30 	2500 	0.035  	0.0367 	0.045      	0.0038 	7  	7.3416 	9  	0.7527
Best individuals of this generation:
add(mul(x2, x2), mul(x1, x1))
31 	2500 	0.035  	0.0366 	0.045      	0.0037 	7  	7.3168 	9  	0.7302
Best individuals of this generation:
add(mul(x2, x2), mul(x1, x1))
32 	2500 	0.035  	0.0365 	0.045      	0.0035 	7  	7.2912 	9  	0.7054
Best individuals of this generation:
add(mul(x2, x2), mul(x1, x1))
33 	2500 	0.035  	0.0362 	0.045      	0.0032 	7  	7.2368 	9  	0.6462
Best individuals of this generation:
add(mul(x2, x2), mul(x1, x1))
34 	2500 	0.035  	0.0358 	0.045      	0.0028 	7  	7.1664 	9  	0.5524
Best individuals of this generation:
add(mul(x2, x2), mul(x1, x1))
35 	2500 	0.035  	0.0354 	0.045      	0.0019 	7  	7.0752 	9  	0.3805
Best individuals of this generation:
add(mul(x2, x2), mul(x1, x1))
36 	2500 	0.035  	0.035  	0.035      	0      	7  	7      	7  	0     
Best individuals of this generation:
add(mul(x2, x2), mul(x1, x1))
37 	2500 	0.035  	0.035  	0.035      	0      	7  	7      	7  	0     
Best individuals of this generation:
add(mul(x2, x2), mul(x1, x1))
38 	2500 	0.035  	0.035  	0.035      	0      	7  	7      	7  	0     
Best individuals of this generation:
add(mul(x2, x2), mul(x1, x1))
39 	2500 	0.035  	0.035  	0.035      	0      	7  	7      	7  	0     
Best individuals of this generation:
add(mul(x2, x2), mul(x1, x1))
40 	2500 	0.035  	0.035  	0.035      	0      	7  	7      	7  	0     
Best individuals of this generation:
add(mul(x2, x2), mul(x1, x1))
41 	2500 	0.035  	0.035  	0.035      	0      	7  	7      	7  	0     
Best individuals of this generation:
add(mul(x2, x2), mul(x1, x1))
42 	2500 	0.035  	0.035  	0.035      	0      	7  	7      	7  	0     
Best individuals of this generation:
add(mul(x2, x2), mul(x1, x1))
43 	2500 	0.035  	0.035  	0.035      	0      	7  	7      	7  	0     
Best individuals of this generation:
add(mul(x2, x2), mul(x1, x1))
44 	2500 	0.035  	0.035  	0.035      	0      	7  	7      	7  	0     
Best individuals of this generation:
add(mul(x2, x2), mul(x1, x1))
45 	2500 	0.035  	0.035  	0.035      	0      	7  	7      	7  	0     
Best individuals of this generation:
add(mul(x2, x2), mul(x1, x1))
46 	2500 	0.035  	0.035  	0.035      	0      	7  	7      	7  	0     
Best individuals of this generation:
add(mul(x2, x2), mul(x1, x1))
47 	2500 	0.035  	0.035  	0.035      	0      	7  	7      	7  	0     
Best individuals of this generation:
add(mul(x2, x2), mul(x1, x1))
48 	2500 	0.035  	0.035  	0.035      	0      	7  	7      	7  	0     
Best individuals of this generation:
add(mul(x2, x2), mul(x1, x1))
49 	2500 	0.035  	0.035  	0.035      	0      	7  	7      	7  	0     
Best individuals of this generation:
add(mul(x2, x2), mul(x1, x1))
50 	2500 	0.035  	0.035  	0.035      	0      	7  	7      	7  	0     
Best individuals of this generation:
add(mul(x2, x2), mul(x1, x1))
51 	2500 	0.035  	0.035  	0.035      	0      	7  	7      	7  	0     
Best individuals of this generation:
add(mul(x2, x2), mul(x1, x1))
52 	2500 	0.035  	0.035  	0.035      	0      	7  	7      	7  	0     
Best individuals of this generation:
add(mul(x2, x2), mul(x1, x1))
53 	2500 	0.035  	0.035  	0.035      	0      	7  	7      	7  	0     
Best individuals of this generation:
add(mul(x2, x2), mul(x1, x1))
54 	2500 	0.035  	0.035  	0.035      	0      	7  	7      	7  	0     
Best individuals of this generation:
add(mul(x2, x2), mul(x1, x1))
55 	2500 	0.035  	0.035  	0.035      	0      	7  	7      	7  	0     
Best individuals of this generation:
add(mul(x2, x2), mul(x1, x1))
56 	2500 	0.035  	0.035  	0.035      	0      	7  	7      	7  	0     
Best individuals of this generation:
add(mul(x2, x2), mul(x1, x1))
57 	2500 	0.035  	0.035  	0.035      	0      	7  	7      	7  	0     
Best individuals of this generation:
add(mul(x2, x2), mul(x1, x1))
58 	2500 	0.035  	0.035  	0.035      	0      	7  	7      	7  	0     
Best individuals of this generation:
add(mul(x2, x2), mul(x1, x1))
59 	2500 	0.035  	0.035  	0.035      	0      	7  	7      	7  	0     
Best individuals of this generation:
add(mul(x2, x2), mul(x1, x1))
60 	2500 	0.035  	0.035  	0.035      	0      	7  	7      	7  	0     
Best individuals of this generation:
add(mul(x2, x2), mul(x1, x1))
61 	2500 	0.035  	0.035  	0.035      	0      	7  	7      	7  	0     
Best individuals of this generation:
add(mul(x2, x2), mul(x1, x1))
62 	2500 	0.035  	0.035  	0.035      	0      	7  	7      	7  	0     
Best individuals of this generation:
add(mul(x2, x2), mul(x1, x1))
63 	2500 	0.035  	0.035  	0.035      	0      	7  	7      	7  	0     
Best individuals of this generation:
add(mul(x2, x2), mul(x1, x1))
64 	2500 	0.035  	0.035  	0.035      	0      	7  	7      	7  	0     
Best individuals of this generation:
add(mul(x2, x2), mul(x1, x1))
65 	2500 	0.035  	0.035  	0.035      	0      	7  	7      	7  	0     
Best individuals of this generation:
add(mul(x2, x2), mul(x1, x1))
66 	2500 	0.035  	0.035  	0.035      	0      	7  	7      	7  	0     
Best individuals of this generation:
add(mul(x2, x2), mul(x1, x1))
67 	2500 	0.035  	0.035  	0.035      	0      	7  	7      	7  	0     
Best individuals of this generation:
add(mul(x2, x2), mul(x1, x1))
68 	2500 	0.035  	0.035  	0.035      	0      	7  	7      	7  	0     
Best individuals of this generation:
add(mul(x2, x2), mul(x1, x1))
69 	2500 	0.035  	0.035  	0.035      	0      	7  	7      	7  	0     
Best individuals of this generation:
add(mul(x2, x2), mul(x1, x1))
70 	2500 	0.035  	0.035  	0.035      	0      	7  	7      	7  	0     
Best individuals of this generation:
add(mul(x2, x2), mul(x1, x1))
71 	2500 	0.035  	0.035  	0.035      	0      	7  	7      	7  	0     
Best individuals of this generation:
add(mul(x2, x2), mul(x1, x1))
72 	2500 	0.035  	0.035  	0.035      	0      	7  	7      	7  	0     
Best individuals of this generation:
add(mul(x2, x2), mul(x1, x1))
73 	2500 	0.035  	0.035  	0.035      	0      	7  	7      	7  	0     
Best individuals of this generation:
add(mul(x2, x2), mul(x1, x1))
74 	2500 	0.035  	0.035  	0.035      	0      	7  	7      	7  	0     
Best individuals of this generation:
add(mul(x2, x2), mul(x1, x1))
75 	2500 	0.035  	0.035  	0.035      	0      	7  	7      	7  	0     
Best individuals of this generation:
add(mul(x2, x2), mul(x1, x1))
76 	2500 	0.035  	0.035  	0.035      	0      	7  	7      	7  	0     
Best individuals of this generation:
add(mul(x2, x2), mul(x1, x1))
77 	2500 	0.035  	0.035  	0.035      	0      	7  	7      	7  	0     
Best individuals of this generation:
add(mul(x2, x2), mul(x1, x1))
78 	2500 	0.035  	0.035  	0.035      	0      	7  	7      	7  	0     
Best individuals of this generation:
add(mul(x2, x2), mul(x1, x1))
79 	2500 	0.035  	0.035  	0.035      	0      	7  	7      	7  	0     
Best individuals of this generation:
add(mul(x2, x2), mul(x1, x1))
80 	2500 	0.035  	0.035  	0.035      	0      	7  	7      	7  	0     
Best individuals of this generation:
add(mul(x2, x2), mul(x1, x1))
81 	2500 	0.035  	0.035  	0.035      	0      	7  	7      	7  	0     
Best individuals of this generation:
add(mul(x2, x2), mul(x1, x1))
82 	2500 	0.035  	0.035  	0.035      	0      	7  	7      	7  	0     
Best individuals of this generation:
add(mul(x2, x2), mul(x1, x1))
83 	2500 	0.035  	0.035  	0.035      	0      	7  	7      	7  	0     
Best individuals of this generation:
add(mul(x2, x2), mul(x1, x1))
84 	2500 	0.035  	0.035  	0.035      	0      	7  	7      	7  	0     
Best individuals of this generation:
add(mul(x2, x2), mul(x1, x1))
85 	2500 	0.035  	0.035  	0.035      	0      	7  	7      	7  	0     
Best individuals of this generation:
add(mul(x2, x2), mul(x1, x1))
86 	2500 	0.035  	0.035  	0.035      	0      	7  	7      	7  	0     
Best individuals of this generation:
add(mul(x2, x2), mul(x1, x1))
87 	2500 	0.035  	0.035  	0.035      	0      	7  	7      	7  	0     
Best individuals of this generation:
add(mul(x2, x2), mul(x1, x1))
88 	2500 	0.035  	0.035  	0.035      	0      	7  	7      	7  	0     
Best individuals of this generation:
add(mul(x2, x2), mul(x1, x1))
89 	2500 	0.035  	0.035  	0.035      	0      	7  	7      	7  	0     
Best individuals of this generation:
add(mul(x2, x2), mul(x1, x1))
90 	2500 	0.035  	0.035  	0.035      	0      	7  	7      	7  	0     
Best individuals of this generation:
add(mul(x2, x2), mul(x1, x1))
91 	2500 	0.035  	0.035  	0.035      	0      	7  	7      	7  	0     
Best individuals of this generation:
add(mul(x2, x2), mul(x1, x1))
92 	2500 	0.035  	0.035  	0.035      	0      	7  	7      	7  	0     
Best individuals of this generation:
add(mul(x2, x2), mul(x1, x1))
93 	2500 	0.035  	0.035  	0.035      	0      	7  	7      	7  	0     
Best individuals of this generation:
add(mul(x2, x2), mul(x1, x1))
94 	2500 	0.035  	0.035  	0.035      	0      	7  	7      	7  	0     
Best individuals of this generation:
add(mul(x2, x2), mul(x1, x1))
95 	2500 	0.035  	0.035  	0.035      	0      	7  	7      	7  	0     
Best individuals of this generation:
add(mul(x2, x2), mul(x1, x1))
96 	2500 	0.035  	0.035  	0.035      	0      	7  	7      	7  	0     
Best individuals of this generation:
add(mul(x2, x2), mul(x1, x1))
97 	2500 	0.035  	0.035  	0.035      	0      	7  	7      	7  	0     
Best individuals of this generation:
add(mul(x2, x2), mul(x1, x1))
98 	2500 	0.035  	0.035  	0.035      	0      	7  	7      	7  	0     
Best individuals of this generation:
add(mul(x2, x2), mul(x1, x1))
99 	2500 	0.035  	0.035  	0.035      	0      	7  	7      	7  	0     
Best individuals of this generation:
add(mul(x2, x2), mul(x1, x1))
100	2500 	0.035  	0.035  	0.035      	0      	7  	7      	7  	0     
Best individuals of this generation:
add(mul(x2, x2), mul(x1, x1))
 -= END OF EVOLUTION =- 
The best individual is add(mul(x2, x2), mul(x1, x1))
The best fitness on the training set is 0.035
Best parameters =  []
Elapsed time =  269.62687158584595
Time per individual =  0.0010785074863433838
Individuals per sec =  927.2072866090538
Best Expression and Fitness saved to 'best_expression.txt'.
