2025-11-06 14:24:26,152	INFO worker.py:1918 -- Started a local Ray instance. View the dashboard at [1m[32mhttp://127.0.0.1:8265 [39m[22m
[36m(fitness pid=1831626)[0m <string>:1: RuntimeWarning: overflow encountered in exp
[36m(fitness pid=1831672)[0m <string>:1: RuntimeWarning: overflow encountered in exp[32m [repeated 2x across cluster] (Ray deduplicates logs by default. Set RAY_DEDUP_LOGS=0 to disable log deduplication, or see https://docs.ray.io/en/master/ray-observability/user-guides/configure-logging.html#log-deduplication for more options.)[0m
[36m(fitness pid=1831617)[0m <string>:1: RuntimeWarning: overflow encountered in exp[32m [repeated 6x across cluster][0m
[36m(fitness pid=1831679)[0m <string>:1: RuntimeWarning: overflow encountered in exp[32m [repeated 3x across cluster][0m
[36m(fitness pid=1831610)[0m <string>:1: RuntimeWarning: overflow encountered in exp[32m [repeated 4x across cluster][0m
[36m(fitness pid=1831684)[0m <string>:1: RuntimeWarning: invalid value encountered in sin
[36m(fitness pid=1831672)[0m <string>:1: RuntimeWarning: overflow encountered in exp[32m [repeated 5x across cluster][0m
[36m(fitness pid=1831677)[0m <string>:1: RuntimeWarning: overflow encountered in exp
[36m(fitness pid=1831752)[0m <string>:1: RuntimeWarning: overflow encountered in exp
[36m(fitness pid=1831647)[0m <string>:1: RuntimeWarning: overflow encountered in multiply
[36m(fitness pid=1831708)[0m <string>:1: RuntimeWarning: invalid value encountered in multiply
[36m(fitness pid=1831708)[0m <string>:1: RuntimeWarning: overflow encountered in exp[32m [repeated 2x across cluster][0m
[36m(fitness pid=1831744)[0m <string>:1: RuntimeWarning: overflow encountered in exp[32m [repeated 3x across cluster][0m
[36m(fitness pid=1831658)[0m <string>:1: RuntimeWarning: invalid value encountered in sin
[36m(fitness pid=1831658)[0m <string>:1: RuntimeWarning: invalid value encountered in multiply
[36m(fitness pid=1831746)[0m <string>:1: RuntimeWarning: overflow encountered in exp[32m [repeated 4x across cluster][0m
[36m(fitness pid=1831687)[0m <string>:1: RuntimeWarning: overflow encountered in exp[32m [repeated 3x across cluster][0m
[36m(fitness pid=1831798)[0m <string>:1: RuntimeWarning: overflow encountered in exp
[36m(fitness pid=1831678)[0m <string>:1: RuntimeWarning: overflow encountered in exp
[36m(fitness pid=1831620)[0m <string>:1: RuntimeWarning: overflow encountered in exp[32m [repeated 2x across cluster][0m
[36m(fitness pid=1831737)[0m <string>:1: RuntimeWarning: overflow encountered in exp
[36m(fitness pid=1831748)[0m <string>:1: RuntimeWarning: overflow encountered in exp
[36m(fitness pid=1831748)[0m <string>:1: RuntimeWarning: invalid value encountered in multiply
[36m(fitness pid=1831702)[0m <string>:1: RuntimeWarning: overflow encountered in exp[32m [repeated 2x across cluster][0m
[36m(fitness pid=1831608)[0m <string>:1: RuntimeWarning: overflow encountered in exp[32m [repeated 2x across cluster][0m
[36m(fitness pid=1831729)[0m <string>:1: RuntimeWarning: overflow encountered in exp
[36m(fitness pid=1831747)[0m <string>:1: RuntimeWarning: overflow encountered in exp
[36m(fitness pid=1831747)[0m <string>:1: RuntimeWarning: invalid value encountered in multiply
[36m(fitness pid=1831727)[0m <string>:1: RuntimeWarning: overflow encountered in exp[32m [repeated 2x across cluster][0m
[36m(fitness pid=1831765)[0m <string>:1: RuntimeWarning: overflow encountered in exp
[36m(fitness pid=1831763)[0m <string>:1: RuntimeWarning: overflow encountered in exp
[36m(fitness pid=1831763)[0m <string>:1: RuntimeWarning: overflow encountered in multiply
[36m(fitness pid=1831637)[0m <string>:1: RuntimeWarning: overflow encountered in exp[32m [repeated 2x across cluster][0m
[36m(fitness pid=1831735)[0m <string>:1: RuntimeWarning: invalid value encountered in multiply
[36m(fitness pid=1831735)[0m <string>:1: RuntimeWarning: overflow encountered in exp[32m [repeated 2x across cluster][0m
[36m(fitness pid=1831737)[0m <string>:1: RuntimeWarning: invalid value encountered in multiply
[36m(fitness pid=1831737)[0m <string>:1: RuntimeWarning: overflow encountered in exp
[36m(fitness pid=1831606)[0m <string>:1: RuntimeWarning: overflow encountered in exp
[36m(fitness pid=1831777)[0m <string>:1: RuntimeWarning: invalid value encountered in multiply
[36m(fitness pid=1831777)[0m <string>:1: RuntimeWarning: overflow encountered in exp
[36m(fitness pid=1831846)[0m <string>:1: RuntimeWarning: overflow encountered in exp
[36m(fitness pid=1831846)[0m <string>:1: RuntimeWarning: invalid value encountered in multiply
[36m(fitness pid=1831770)[0m <string>:1: RuntimeWarning: overflow encountered in exp
[36m(fitness pid=1831713)[0m <string>:1: RuntimeWarning: overflow encountered in exp
[36m(fitness pid=1831713)[0m <string>:1: RuntimeWarning: invalid value encountered in multiply
[36m(fitness pid=1831800)[0m <string>:1: RuntimeWarning: overflow encountered in exp
[36m(fitness pid=1831800)[0m <string>:1: RuntimeWarning: invalid value encountered in multiply
[36m(fitness pid=1831659)[0m <string>:1: RuntimeWarning: overflow encountered in exp
[36m(fitness pid=1831659)[0m <string>:1: RuntimeWarning: invalid value encountered in multiply
[36m(fitness pid=1831684)[0m <string>:1: RuntimeWarning: overflow encountered in exp
[36m(fitness pid=1831684)[0m <string>:1: RuntimeWarning: invalid value encountered in multiply
