/home/qaragoez/miniforge3/envs/alpinex/bin/python
Python 3.12.11
Generating initial population(s)...
DONE.
Evaluating initial population(s)...
DONE.
 -= START OF EVOLUTION =- 
   	     	               fitness                	             size             
   	     	--------------------------------------	------------------------------
gen	evals	min   	avg   	max        	std   	min	avg   	max	std   
1  	2500 	5.6187	276919	1.00664e+06	439731	2  	6.9312	24 	3.6842
Best individuals of this generation:
mul(mul(add(a, a), add(a, x1)), add(mul(x2, add(x2, x1)), mul(x1, x1)))
2  	2500 	5.6094	5000.77	10710      	2669.27	3  	9.5724	28 	3.8722
Best individuals of this generation:
mul(mul(add(a, a), add(a, x1)), add(mul(x2, add(x2, x1)), mul(x1, x1)))
3  	2500 	5.6094	2965.18	5986.67    	1047.47	4  	10.2892	39 	4.15  
Best individuals of this generation:
mul(mul(add(a, a), add(a, x1)), add(mul(x2, add(x2, x1)), mul(x1, x1)))
4  	2500 	5.5943	2199.59	3598.56    	686.509	4  	11.2536	39 	4.5537
Best individuals of this generation:
mul(sub(sub(x1, x1), sub(a, x1)), add(mul(x2, add(x2, x1)), mul(x1, x1)))
5  	2500 	1.3892	1715.69	2680.32    	623.862	4  	12.9472	41 	5.1165
Best individuals of this generation:
mul(mul(add(a, exp(sub(mul(a, x1), add(x1, a)))), add(a, sin(a))), add(mul(x2, x2), mul(x1, x1)))
[36m(fitness pid=1831650)[0m 2.3545877398460432*x1**2 + 2.3545877398460432*x2**2
[36m(fitness pid=1831650)[0m 2.2949615633400332*x1**2 + 2.2949615633400332*x2**2[32m [repeated 3x across cluster][0m
[36m(fitness pid=1831650)[0m 2.3226875742332006*x1**2 + 2.3226875742332006*x2**2[32m [repeated 3x across cluster][0m
[36m(fitness pid=1831650)[0m 2.3577350497605009*x1**2 + 2.3577350497605009*x2**2[32m [repeated 3x across cluster][0m
6  	2500 	0.2322	1276.89	2267.22    	593.586	5  	15.2136	45 	5.4621
Best individuals of this generation:
mul(add(mul(a, a), sub(x1, x1)), add(mul(x2, x2), mul(x1, x1)))
[36m(fitness pid=1831687)[0m 2.311800345507886*x1**2 + 2.311800345507886*x2**2[32m [repeated 2x across cluster][0m
[36m(fitness pid=1831618)[0m 2.1626128362271892*x1**2 + 2.1626128362271892*x2**2
[36m(fitness pid=1831687)[0m 2.4822180978152679*x1**2 + 2.4822180978152679*x2**2
[36m(fitness pid=1831687)[0m 2.0948726464074294*x1**2 + 2.0948726464074294*x2**2
[36m(fitness pid=1831687)[0m 2.1853681675606389*x1**2 + 2.1853681675606389*x2**2
7  	2500 	0.2322	889.366	2047.81    	492.381	5  	17.3988	42 	5.5231
Best individuals of this generation:
mul(add(mul(a, a), sub(x1, x1)), add(mul(x2, x2), mul(x1, x1)))
[36m(fitness pid=1831680)[0m 2.1372561168952095*x1**2 + 2.1372561168952095*x2**2
[36m(fitness pid=1831767)[0m 2.0806792477921711*x1**2 + 2.0806792477921711*x2**2
[36m(fitness pid=1831680)[0m 2.1457545479090113*x1**2 + 2.1457545479090113*x2**2[32m [repeated 5x across cluster][0m
[36m(fitness pid=1831762)[0m 2.2559287375318473*x1**2 + 2.2559287375318473*x2**2[32m [repeated 6x across cluster][0m
[36m(fitness pid=1831689)[0m 2.1826414233713395*x1**2 + 2.1826414233713395*x2**2[32m [repeated 4x across cluster][0m
[36m(fitness pid=1831767)[0m 2.4769120883225589*x1**2 + 2.4769120883225589*x2**2[32m [repeated 3x across cluster][0m
[36m(fitness pid=1831762)[0m 2.2559287375318473*x1**2 + 2.2559287375318473*x2**2[32m [repeated 2x across cluster][0m
[36m(fitness pid=1831693)[0m 2.1130230528732282*x1**2 + 2.1130230528732282*x2**2[32m [repeated 2x across cluster][0m
[36m(fitness pid=1831767)[0m 2.0820708589744245*x1**2 + 2.0820708589744245*x2**2
[36m(fitness pid=1831693)[0m 2.2895825177205063*x1**2 + 2.2895825177205063*x2**2
[36m(fitness pid=1831693)[0m 2.1480258316241303*x1**2 + 2.1480258316241303*x2**2
8  	2500 	0.2282	605.015	1653.9     	341.572	7  	18.6912	45 	5.665 
Best individuals of this generation:
mul(exp(a), add(mul(x2, x2), mul(x1, x1)))
[36m(fitness pid=1831708)[0m 2.3664464080428345*x1**2 + 2.3664464080428345*x2**2
[36m(fitness pid=1831659)[0m 2.4861734172277164*x1**2 + 2.4861734172277164*x2**2[32m [repeated 8x across cluster][0m
[36m(fitness pid=1831794)[0m 2.2838476243389506*x1**2 + 2.2838476243389506*x2**2[32m [repeated 4x across cluster][0m
[36m(fitness pid=1831699)[0m 2.2839531119248116*x1**2 + 2.2839531119248116*x2**2[32m [repeated 7x across cluster][0m
[36m(fitness pid=1831670)[0m 2.2435229156992738*x1**2 + 2.2435229156992738*x2**2[32m [repeated 6x across cluster][0m
[36m(fitness pid=1831794)[0m 2.1401445507621172*x1**2 + 2.1401445507621172*x2**2[32m [repeated 6x across cluster][0m
[36m(fitness pid=1831699)[0m 2.2419276067793748*x1**2 + 2.2419276067793748*x2**2[32m [repeated 5x across cluster][0m
[36m(fitness pid=1831632)[0m 2.2645866782948683*x1**2 + 2.2645866782948683*x2**2[32m [repeated 4x across cluster][0m
[36m(fitness pid=1831632)[0m 2.194397167052104*x1**2 + 2.194397167052104*x2**2[32m [repeated 2x across cluster][0m
[36m(fitness pid=1831632)[0m 2.2817753660710154*x1**2 + 2.2817753660710154*x2**2
9  	2500 	0.2282	444.332	1148.16    	277.646	7  	19.0136	49 	5.9628
Best individuals of this generation:
mul(exp(a), add(mul(x2, x2), mul(x1, x1)))
[36m(fitness pid=1831693)[0m 2.3993765465400698*x1**2 + 2.3993765465400698*x2**2
[36m(fitness pid=1831779)[0m 2.439811430988615*x1**2 + 2.439811430988615*x2**2[32m [repeated 9x across cluster][0m
[36m(fitness pid=1831743)[0m 2.0993243626024773*x1**2 + 2.0993243626024773*x2**2[32m [repeated 5x across cluster][0m
[36m(fitness pid=1831602)[0m (8.5517869662672693 - 5.4862841297734881e-12*exp(-0.5*x1 - 0.5*x2*(0.5*x2 - 2.040017502163645) - 2.6313896997328938*x2))*(0.25*x1**2 + 0.25*x2**2)
[36m(fitness pid=1831694)[0m 2.1786072084909968*x1**2 + 2.1786072084909968*x2**2[32m [repeated 9x across cluster][0m
[36m(fitness pid=1831693)[0m 2.194024090475005*x1**2 + 2.194024090475005*x2**2[32m [repeated 6x across cluster][0m
[36m(fitness pid=1831678)[0m 2.3954788029275131*x1**2 + 2.3954788029275131*x2**2[32m [repeated 5x across cluster][0m
[36m(fitness pid=1831602)[0m (8.5517869662672693 - 6.65998467990447e-22*exp(-0.5*x1 - 0.5*x2*(0.5*x2 - 2.040017502163645) - 4.838700066276391*x2))*(0.25*x1**2 + 0.25*x2**2)
[36m(fitness pid=1831718)[0m 2.2073689144574525*x1**2 + 2.2073689144574525*x2**2[32m [repeated 8x across cluster][0m
[36m(fitness pid=1831718)[0m 2.2151922052926678*x1**2 + 2.2151922052926678*x2**2[32m [repeated 5x across cluster][0m
[36m(fitness pid=1831602)[0m (9.1959347228210912 - 5.6011417096015935e-25*exp(-0.5*x1 - 0.5*x2*(0.5*x2 - 2.040017502163645) - 4.6725368582756892*x2))*(0.25*x1**2 + 0.25*x2**2)
[36m(fitness pid=1831678)[0m 2.31514836944302*x1**2 + 2.31514836944302*x2**2[32m [repeated 4x across cluster][0m
[36m(fitness pid=1831678)[0m 2.3868638222259166*x1**2 + 2.3868638222259166*x2**2[32m [repeated 3x across cluster][0m
[36m(fitness pid=1831602)[0m (9.1959347228210912 - 5.3455086528354749e-24*exp(-0.5*x1 - 0.5*x2*(0.5*x2 - 2.040017502163645) - 4.6725368582756892*x2))*(0.25*x1**2 + 0.25*x2**2)
[36m(fitness pid=1831678)[0m 2.487550486340878*x1**2 + 2.487550486340878*x2**2[32m [repeated 2x across cluster][0m
[36m(fitness pid=1831678)[0m 2.4875712541575958*x1**2 + 2.4875712541575958*x2**2[32m [repeated 2x across cluster][0m
[36m(fitness pid=1831602)[0m (9.1959347228210912 - 2.6589781690121228e-15*exp(-0.5*x1 - 0.5*x2*(0.5*x2 - 2.040017502163645) - 4.6725368582756892*x2))*(0.25*x1**2 + 0.25*x2**2)
[36m(fitness pid=1831678)[0m 2.486002829943561*x1**2 + 2.486002829943561*x2**2[32m [repeated 2x across cluster][0m
[36m(fitness pid=1831602)[0m (9.1959347228210912 - 2.4778063813054644e-38*exp(-0.5*x1 - 0.5*x2*(0.5*x2 - 2.040017502163645) - 4.6725368582756892*x2))*(0.25*x1**2 + 0.25*x2**2)
[36m(fitness pid=1831732)[0m 2.4585929066898778*x1**2 + 2.4585929066898778*x2**2
[36m(fitness pid=1831732)[0m 2.4585929066898778*x1**2 + 2.4585929066898778*x2**2
[36m(fitness pid=1831732)[0m 2.141779426884991*x1**2 + 2.141779426884991*x2**2
[36m(fitness pid=1831732)[0m 2.3039319978907312*x1**2 + 2.3039319978907312*x2**2
[36m(fitness pid=1831602)[0m (9.1959347228210912 - 4.1509263569054726e-24*exp(-0.5*x1 - 0.5*x2*(0.5*x2 - 2.040017502163645) - 2.9325720976283215*x2))*(0.25*x1**2 + 0.25*x2**2)
[36m(fitness pid=1831732)[0m 2.4776670836966172*x1**2 + 2.4776670836966172*x2**2
[36m(fitness pid=1831602)[0m (9.1959347228210912 - 9.6309142391272914e-17*exp(-0.5*x1 - 0.5*x2*(0.5*x2 - 2.040017502163645) - 2.0315822495383345*x2))*(0.25*x1**2 + 0.25*x2**2)
[36m(fitness pid=1831732)[0m 2.4936488243305284*x1**2 + 2.4936488243305284*x2**2
10 	2500 	0.2282	337.134	794.452    	249.063	8  	19.6036	53 	6.3943
Best individuals of this generation:
mul(exp(a), add(mul(x2, x2), mul(x1, x1)))
[36m(fitness pid=1831651)[0m 2.4746107005453949*x1**2 + 2.4746107005453949*x2**2
[36m(fitness pid=1831700)[0m 2.4372415755574185*x1**2 + 2.4372415755574185*x2**2
[36m(fitness pid=1831721)[0m 2.1875096867244553*x1**2 + 2.1875096867244553*x2**2[32m [repeated 17x across cluster][0m
[36m(fitness pid=1831650)[0m 2.3043202966191619*x1**2 + 2.3043202966191619*x2**2[32m [repeated 5x across cluster][0m
[36m(fitness pid=1831721)[0m 2.343337184762885*x1**2 + 2.343337184762885*x2**2[32m [repeated 16x across cluster][0m
[36m(fitness pid=1831784)[0m 2.4641404524904572*x1**2 + 2.4641404524904572*x2**2[32m [repeated 4x across cluster][0m
[36m(fitness pid=1831721)[0m 2.4612632137440089*x1**2 + 2.4612632137440089*x2**2[32m [repeated 13x across cluster][0m
[36m(fitness pid=1831722)[0m 2.4728385284762884*x1**2 + 2.4728385284762884*x2**2[32m [repeated 4x across cluster][0m
[36m(fitness pid=1831721)[0m 2.232174106824089*x1**2 + 2.232174106824089*x2**2[32m [repeated 9x across cluster][0m
[36m(fitness pid=1831784)[0m 2.2342552791834407*x1**2 + 2.2342552791834407*x2**2[32m [repeated 4x across cluster][0m
[36m(fitness pid=1831680)[0m 2.4359883852515318*x1**2 + 2.4359883852515318*x2**2[32m [repeated 8x across cluster][0m
[36m(fitness pid=1831846)[0m 2.2106243088771993*x1**2 + 2.2106243088771993*x2**2[32m [repeated 4x across cluster][0m
[36m(fitness pid=1831721)[0m 2.1217163813987397*x1**2 + 2.1217163813987397*x2**2[32m [repeated 2x across cluster][0m
[36m(fitness pid=1831709)[0m 2.4365949391808834*x1**2 + 2.4365949391808834*x2**2[32m [repeated 2x across cluster][0m
[36m(fitness pid=1831846)[0m 2.061272404386719*x1**2 + 2.061272404386719*x2**2
[36m(fitness pid=1831709)[0m 2.4358217385749998*x1**2 + 2.4358217385749998*x2**2
[36m(fitness pid=1831846)[0m 2.2376060635177633*x1**2 + 2.2376060635177633*x2**2
[36m(fitness pid=1831846)[0m 2.1415420990957462*x1**2 + 2.1415420990957462*x2**2
11 	2500 	0.2277	227.43 	609.598    	217.409	8  	20.9868	53 	6.961 
Best individuals of this generation:
mul(mul(a, add(a, sin(a))), add(mul(x2, x2), mul(x1, x1)))
[36m(fitness pid=1831723)[0m 2.3833051930589507*x1**2 + 2.3833051930589507*x2**2
[36m(fitness pid=1831781)[0m 2.283546035737779*x1**2 + 2.283546035737779*x2**2
[36m(fitness pid=1831687)[0m 2.4301636882607155*x1**2 + 2.4301636882607155*x2**2[32m [repeated 14x across cluster][0m
[36m(fitness pid=1831781)[0m 2.4031257156379656*x1**2 + 2.4031257156379656*x2**2[32m [repeated 10x across cluster][0m
[36m(fitness pid=1831687)[0m 2.4927782652447477*x1**2 + 2.4927782652447477*x2**2[32m [repeated 14x across cluster][0m
[36m(fitness pid=1831781)[0m 2.1868217875419254*x1**2 + 2.1868217875419254*x2**2[32m [repeated 9x across cluster][0m
[36m(fitness pid=1831663)[0m 2.131995808630658*x1**2 + 2.131995808630658*x2**2[32m [repeated 11x across cluster][0m
[36m(fitness pid=1831781)[0m 2.332031711827589*x1**2 + 2.332031711827589*x2**2[32m [repeated 8x across cluster][0m
[36m(fitness pid=1831687)[0m 2.3426720995191608*x1**2 + 2.3426720995191608*x2**2[32m [repeated 9x across cluster][0m
[36m(fitness pid=1831665)[0m 2.0986617983225503*x1**2 + 2.0986617983225503*x2**2[32m [repeated 9x across cluster][0m
[36m(fitness pid=1831653)[0m 2.1413710955050976*x1**2 + 2.1413710955050976*x2**2[32m [repeated 9x across cluster][0m
[36m(fitness pid=1831770)[0m 2.188133603634996*x1**2 + 2.188133603634996*x2**2[32m [repeated 6x across cluster][0m
[36m(fitness pid=1831767)[0m (0.25*x1**2 + 0.25*x2**2)*(3.1980544952842482*sin(0.25*x1**2 + 0.25*x2**2) + 6.7285295409507581)
[36m(fitness pid=1831655)[0m 2.07195444884832*x1**2 + 2.07195444884832*x2**2[32m [repeated 7x across cluster][0m
[36m(fitness pid=1831603)[0m 2.4334666251040733*x1**2 + 2.4334666251040733*x2**2[32m [repeated 6x across cluster][0m
[36m(fitness pid=1831781)[0m (0.25*x1**2 + 0.25*x2**2)*(2.3412925353851252*sin(0.25*x1**2 + 0.25*x2**2) + 7.1129445758804593)
[36m(fitness pid=1831655)[0m 2.376577374401454*x1**2 + 2.376577374401454*x2**2[32m [repeated 4x across cluster][0m
[36m(fitness pid=1831646)[0m 2.2193077891611173*x1**2 + 2.2193077891611173*x2**2[32m [repeated 6x across cluster][0m
[36m(fitness pid=1831800)[0m 2.1193641396517564*x1**2 + 2.1193641396517564*x2**2[32m [repeated 4x across cluster][0m
[36m(fitness pid=1831687)[0m 2.3198548683979126*x1**2 + 2.3198548683979126*x2**2[32m [repeated 5x across cluster][0m
[36m(fitness pid=1831800)[0m 2.366386273320252*x1**2 + 2.366386273320252*x2**2[32m [repeated 2x across cluster][0m
[36m(fitness pid=1831687)[0m 2.1164725821111449*x1**2 + 2.1164725821111449*x2**2[32m [repeated 5x across cluster][0m
[36m(fitness pid=1831800)[0m 2.0970897333333327*x1**2 + 2.0970897333333327*x2**2
[36m(fitness pid=1831603)[0m 2.1082404360379377*x1**2 + 2.1082404360379377*x2**2
[36m(fitness pid=1831603)[0m 2.2819854681414397*x1**2 + 2.2819854681414397*x2**2[32m [repeated 4x across cluster][0m
[36m(fitness pid=1831603)[0m 2.2702285339906134*x1**2 + 2.2702285339906134*x2**2[32m [repeated 2x across cluster][0m
[36m(fitness pid=1831603)[0m 2.1254522500381716*x1**2 + 2.1254522500381716*x2**2
12 	2500 	0.2164	158.46 	582.718    	196.524	8  	22.3644	65 	7.4265
Best individuals of this generation:
mul(mul(a, add(a, sin(add(mul(x2, x2), mul(x1, x1))))), add(mul(x2, x2), mul(x1, x1)))
[36m(fitness pid=1831620)[0m 2.355937416230807*x1**2 + 2.355937416230807*x2**2
[36m(fitness pid=1831716)[0m 2.2128250292111709*x1**2 + 2.2128250292111709*x2**2[32m [repeated 20x across cluster][0m
[36m(fitness pid=1831620)[0m 2.131590841540533*x1**2 + 2.131590841540533*x2**2[32m [repeated 4x across cluster][0m
[36m(fitness pid=1831689)[0m (0.25*x1**2 + 0.25*x2**2)*(3.6139487449600251e-7*exp(-0.5*x1 - 0.5*x2*(0.5*x1 + 1.255991615955537)) + 8.920145030363087)
[36m(fitness pid=1831811)[0m 2.3856268434693113*x1**2 + 2.3856268434693113*x2**2[32m [repeated 15x across cluster][0m
[36m(fitness pid=1831846)[0m 2.3634439280017242*x1**2 + 2.3634439280017242*x2**2[32m [repeated 5x across cluster][0m
[36m(fitness pid=1831811)[0m 2.2699783854553182*x1**2 + 2.2699783854553182*x2**2[32m [repeated 13x across cluster][0m
[36m(fitness pid=1831787)[0m (0.25*x1**2 + 0.25*x2**2)*(1.4965946887597662e-8*exp(4.838136515081748*sin(0.25*x1**2 + 0.25*x2**2)) + 9.9397702799779401)
[36m(fitness pid=1831620)[0m 2.1021378333251224*x1**2 + 2.1021378333251224*x2**2[32m [repeated 7x across cluster][0m
[36m(fitness pid=1831689)[0m (0.25*x1**2 + 0.25*x2**2)*(3.652074371972634e-7*exp(-0.5*x1 - 0.5*x2*(0.5*x1 + 1.3588025721306902)) + 9.0142487784586515)
[36m(fitness pid=1831757)[0m 2.3725015241332816*x1**2 + 2.3725015241332816*x2**2[32m [repeated 12x across cluster][0m
[36m(fitness pid=1831618)[0m 2.3621048687005172*x1**2 + 2.3621048687005172*x2**2[32m [repeated 5x across cluster][0m
[36m(fitness pid=1831710)[0m 2.3501119328256611*x1**2 + 2.3501119328256611*x2**2[32m [repeated 11x across cluster][0m
[36m(fitness pid=1831637)[0m (0.25*x1**2 + 0.25*x2**2)*(sin(0.5*x1)*sin(exp(sin(0.5*x2 + 4.623852716407363))) + 9.43096821311276)
[36m(fitness pid=1831769)[0m 2.360028062898447*x1**2 + 2.360028062898447*x2**2[32m [repeated 7x across cluster][0m
[36m(fitness pid=1831757)[0m 2.1424949438506538*x1**2 + 2.1424949438506538*x2**2[32m [repeated 8x across cluster][0m
[36m(fitness pid=1831689)[0m (0.25*x1**2 + 0.25*x2**2)*(3.652074371972634e-7*exp(-0.5*x1 - 0.5*x2*(0.5*x1 + 3.5004707358954423)) + 9.0142487784586515)
[36m(fitness pid=1831710)[0m 2.301390629998265*x1**2 + 2.301390629998265*x2**2[32m [repeated 6x across cluster][0m
[36m(fitness pid=1831637)[0m (0.25*x1**2 + 0.25*x2**2)*(0.1970847727455658*x1**2 + 0.1970847727455658*x2**2 + 7.7506906416713995)
[36m(fitness pid=1831732)[0m 2.0653886317562549*x1**2 + 2.0653886317562549*x2**2[32m [repeated 6x across cluster][0m
[36m(fitness pid=1831703)[0m 2.2064737728931335*x1**2 + 2.2064737728931335*x2**2[32m [repeated 4x across cluster][0m
[36m(fitness pid=1831637)[0m (0.25*x1**2 + 0.25*x2**2)*(-0.02683550279510575*x1**2 - 0.02683550279510575*x2**2 + 9.127917597852737)
[36m(fitness pid=1831732)[0m 2.2643423025059645*x1**2 + 2.2643423025059645*x2**2[32m [repeated 5x across cluster][0m
[36m(fitness pid=1831710)[0m 2.301390629998265*x1**2 + 2.301390629998265*x2**2[32m [repeated 2x across cluster][0m
[36m(fitness pid=1831732)[0m 2.303723365115814*x1**2 + 2.303723365115814*x2**2[32m [repeated 5x across cluster][0m
[36m(fitness pid=1831703)[0m 2.3788323621817578*x1**2 + 2.3788323621817578*x2**2[32m [repeated 4x across cluster][0m
[36m(fitness pid=1831732)[0m 2.4013683541219022*x1**2 + 2.4013683541219022*x2**2[32m [repeated 3x across cluster][0m
[36m(fitness pid=1831726)[0m 2.1019999426215419*x1**2 + 2.1019999426215419*x2**2[32m [repeated 6x across cluster][0m
[36m(fitness pid=1831846)[0m 2.4434059510708091*x1**2 + 2.4434059510708091*x2**2[32m [repeated 3x across cluster][0m
[36m(fitness pid=1831732)[0m 2.2050728974574832*x1**2 + 2.2050728974574832*x2**2[32m [repeated 3x across cluster][0m
[36m(fitness pid=1831726)[0m 2.2415722573097706*x1**2 + 2.2415722573097706*x2**2[32m [repeated 4x across cluster][0m
[36m(fitness pid=1831846)[0m 2.0980504556637718*x1**2 + 2.0980504556637718*x2**2[32m [repeated 3x across cluster][0m
[36m(fitness pid=1831732)[0m 2.1280363020633086*x1**2 + 2.1280363020633086*x2**2[32m [repeated 2x across cluster][0m
[36m(fitness pid=1831846)[0m 2.1569502387724158*x1**2 + 2.1569502387724158*x2**2[32m [repeated 3x across cluster][0m
[36m(fitness pid=1831769)[0m (8.2764764092634431 - 6.2599438731626467e-41*exp(-4.8441806344351894*x1**2 - 0.5*x1 - 14.532541903305568*x2**2 - 0.5*x2*(0.5*x2 - 1.5442281214112352) - 9.6883612688703788*x2))*(0.25*x1**2 + 0.25*x2**2)
[36m(fitness pid=1831846)[0m 2.4924671372218159*x1**2 + 2.4924671372218159*x2**2[32m [repeated 2x across cluster][0m
[36m(fitness pid=1831846)[0m 2.4961344094861111*x1**2 + 2.4961344094861111*x2**2[32m [repeated 2x across cluster][0m
[36m(fitness pid=1831769)[0m (8.2764764092634431 - 5.526739179342942e-57*exp(-6.7674126154921986*x1**2 - 0.5*x1 - 20.302237846476596*x2**2 - 0.5*x2*(0.5*x2 - 1.5442281214112352) - 13.534825230984397*x2))*(0.25*x1**2 + 0.25*x2**2)
[36m(fitness pid=1831732)[0m 2.0889899973022194*x1**2 + 2.0889899973022194*x2**2
[36m(fitness pid=1831769)[0m (8.2764764092634431 - 7.3438263699208524e-53*exp(-6.2734355763396377*x1**2 - 0.5*x1 - 18.820306729018913*x2**2 - 0.5*x2*(0.5*x2 - 3.7682616325377016) - 12.546871152679275*x2))*(0.25*x1**2 + 0.25*x2**2)
13 	2500 	0.2164	125.006	564.57     	186.215	9  	22.91  	54 	7.3173
Best individuals of this generation:
mul(mul(a, add(a, sin(add(mul(x2, x2), mul(x1, x1))))), add(mul(x2, x2), mul(x1, x1)))
[36m(fitness pid=1831678)[0m 2.0561557358780621*x1**2 + 2.0561557358780621*x2**2
[36m(fitness pid=1831776)[0m 2.2026897484798272*x1**2 + 2.2026897484798272*x2**2[32m [repeated 25x across cluster][0m
[36m(fitness pid=1831678)[0m 2.3047323227897137*x1**2 + 2.3047323227897137*x2**2[32m [repeated 2x across cluster][0m
[36m(fitness pid=1831708)[0m 2.4484035244134327*x1**2 + 2.4484035244134327*x2**2[32m [repeated 23x across cluster][0m
[36m(fitness pid=1831693)[0m (0.25*x1**2 + 0.25*x2**2)*(1.5557100038986522*sin(0.25*x1**2 + 0.25*x2**2) + 7.3038316757958032)
[36m(fitness pid=1831684)[0m 2.2612133204592907*x1**2 + 2.2612133204592907*x2**2[32m [repeated 2x across cluster][0m
[36m(fitness pid=1831708)[0m 2.3364652374561718*x1**2 + 2.3364652374561718*x2**2[32m [repeated 22x across cluster][0m
[36m(fitness pid=1831684)[0m 2.4201917987859016*x1**2 + 2.4201917987859016*x2**2[32m [repeated 2x across cluster][0m
[36m(fitness pid=1831700)[0m 2.3597918732752932*x1**2 + 2.3597918732752932*x2**2[32m [repeated 20x across cluster][0m
[36m(fitness pid=1831684)[0m 2.4373474805681283*x1**2 + 2.4373474805681283*x2**2[32m [repeated 4x across cluster][0m
[36m(fitness pid=1831678)[0m (9.414241685401268 - 1.1030198669074113e-6*exp(-0.81959910989361328*x1**2 - 0.5*x1 - 0.5*x2*(0.5*x2 - 1.234251824214354) - 1.6391982197872266*x2*(1.0*x2 + 0.1373017095355049) - 1.6391982197872266*x2))*(0.25*x1**2 + 0.25*x2**2)
[36m(fitness pid=1831700)[0m 2.0789898904836439*x1**2 + 2.0789898904836439*x2**2[32m [repeated 18x across cluster][0m
[36m(fitness pid=1831663)[0m 2.1574852043291521*x1**2 + 2.1574852043291521*x2**2[32m [repeated 5x across cluster][0m
[36m(fitness pid=1831773)[0m 2.476925428703485*x1**2 + 2.476925428703485*x2**2[32m [repeated 16x across cluster][0m
[36m(fitness pid=1831684)[0m 2.4279956788102812*x1**2 + 2.4279956788102812*x2**2[32m [repeated 5x across cluster][0m
[36m(fitness pid=1831700)[0m 2.402186037041076*x1**2 + 2.402186037041076*x2**2[32m [repeated 15x across cluster][0m
[36m(fitness pid=1831611)[0m 2.3772507687717616*x1**2 + 2.3772507687717616*x2**2[32m [repeated 6x across cluster][0m
[36m(fitness pid=1831678)[0m (9.414241685401268 - 1.1030198669074113e-6*exp(-0.81959910989361328*x1**2 - 0.5*x1 - 0.5*x2*(0.5*x2 - 1.234251824214354) - 1.6391982197872266*x2*(1.0*x2 + 4.79056159280875) - 1.6391982197872266*x2))*(0.25*x1**2 + 0.25*x2**2)
[36m(fitness pid=1831663)[0m 2.4613347819849528*x1**2 + 2.4613347819849528*x2**2[32m [repeated 14x across cluster][0m
[36m(fitness pid=1831672)[0m 2.1158604886888889*x1**2 + 2.1158604886888889*x2**2[32m [repeated 9x across cluster][0m
[36m(fitness pid=1831680)[0m 2.1956437252699783*x1**2 + 2.1956437252699783*x2**2[32m [repeated 8x across cluster][0m
[36m(fitness pid=1831686)[0m 2.4163078210943993*x1**2 + 2.4163078210943993*x2**2[32m [repeated 6x across cluster][0m
[36m(fitness pid=1831678)[0m (9.414241685401268 - 3.3531590104713768e-7*exp(-0.88360444255853767*x1**2 - 0.5*x1 - 0.5*x2*(0.5*x2 - 1.234251824214354) - 1.7672088851170753*x2*(1.0*x2 + 0.1373017095355049) - 1.7672088851170753*x2))*(0.25*x1**2 + 0.25*x2**2)
[36m(fitness pid=1831680)[0m 2.2921198682135252*x1**2 + 2.2921198682135252*x2**2[32m [repeated 6x across cluster][0m
[36m(fitness pid=1831612)[0m 2.4307191703715805*x1**2 + 2.4307191703715805*x2**2[32m [repeated 5x across cluster][0m
[36m(fitness pid=1831678)[0m 2.4510068914467236*x1**2 + 2.4510068914467236*x2**2[32m [repeated 4x across cluster][0m
[36m(fitness pid=1831680)[0m 2.3506849510617528*x1**2 + 2.3506849510617528*x2**2[32m [repeated 4x across cluster][0m
[36m(fitness pid=1831660)[0m (0.25*x1**2 + 0.25*x2**2)*(0.0018170899875804572*exp(2.5286449909479651*sin(0.25*x1**2 + 0.25*x2**2)) + 8.8944426722751134)
[36m(fitness pid=1831612)[0m 2.1818170614677218*x1**2 + 2.1818170614677218*x2**2[32m [repeated 4x across cluster][0m
[36m(fitness pid=1831678)[0m 2.3515411180895979*x1**2 + 2.3515411180895979*x2**2[32m [repeated 3x across cluster][0m
[36m(fitness pid=1831663)[0m 2.4383213210752207*x1**2 + 2.4383213210752207*x2**2[32m [repeated 3x across cluster][0m
[36m(fitness pid=1831663)[0m 2.4015799331505488*x1**2 + 2.4015799331505488*x2**2[32m [repeated 4x across cluster][0m
[36m(fitness pid=1831660)[0m (0.25*x1**2 + 0.25*x2**2)*(0.0070642251402425558*exp(2.5286449909479651*sin(0.25*x1**2 + 0.25*x2**2)) + 9.6264954219122978)
[36m(fitness pid=1831678)[0m 2.228201393080942*x1**2 + 2.228201393080942*x2**2
[36m(fitness pid=1831663)[0m 2.0960721261456525*x1**2 + 2.0960721261456525*x2**2
[36m(fitness pid=1831663)[0m 2.1870121414188333*x1**2 + 2.1870121414188333*x2**2[32m [repeated 2x across cluster][0m
[36m(fitness pid=1831663)[0m 2.3911847257280089*x1**2 + 2.3911847257280089*x2**2[32m [repeated 2x across cluster][0m
[36m(fitness pid=1831663)[0m 2.3476237851868309*x1**2 + 2.3476237851868309*x2**2[32m [repeated 2x across cluster][0m
[36m(fitness pid=1831660)[0m (0.25*x1**2 + 0.25*x2**2)*(0.0065886524817493871*exp(2.5286449909479651*sin(0.25*x1**2 + 0.25*x2**2)) + 8.9784274556620097)
[36m(fitness pid=1831663)[0m 2.1303688487089236*x1**2 + 2.1303688487089236*x2**2[32m [repeated 2x across cluster][0m
[36m(fitness pid=1831663)[0m 2.4154772488397054*x1**2 + 2.4154772488397054*x2**2[32m [repeated 3x across cluster][0m
[36m(fitness pid=1831663)[0m 2.2860372468371037*x1**2 + 2.2860372468371037*x2**2[32m [repeated 2x across cluster][0m
[36m(fitness pid=1831663)[0m 2.2416857684579204*x1**2 + 2.2416857684579204*x2**2
14 	2500 	0.2164	101.233	538.63     	172.319	10 	23.5524	57 	7.5227
Best individuals of this generation:
mul(mul(a, add(a, sin(add(mul(x2, x2), mul(x1, x1))))), add(mul(x2, x2), mul(x1, x1)))
[36m(fitness pid=1831762)[0m 2.1191472292776715*x1**2 + 2.1191472292776715*x2**2
[36m(fitness pid=1831653)[0m 2.302792574765748*x1**2 + 2.302792574765748*x2**2[32m [repeated 24x across cluster][0m
[36m(fitness pid=1831722)[0m (0.25*x1**2 + 0.25*x2**2)*(0.05471398693979676*x1**2 + 0.05471398693979676*x2**2 + 8.220183444219029)
[36m(fitness pid=1831762)[0m 2.4903179058584141*x1**2 + 2.4903179058584141*x2**2[32m [repeated 3x across cluster][0m
[36m(fitness pid=1831653)[0m 2.4306519854324474*x1**2 + 2.4306519854324474*x2**2[32m [repeated 23x across cluster][0m
[36m(fitness pid=1831714)[0m (0.25*x1**2 + 0.25*x2**2)*(3.312904644465266*sin(0.25*x1**2 + 0.25*x2**2) + 6.2595504491101714)
[36m(fitness pid=1831721)[0m 2.095467199636543*x1**2 + 2.095467199636543*x2**2[32m [repeated 4x across cluster][0m
[36m(fitness pid=1831620)[0m (9.6811725625840825 - 3.55827656285762*exp(-0.5*x1 - 0.5*x2*(0.5*x2 + 1.184045510596933) + 4.560735522647413*(0.25*x1**2 + 0.9651340743672205)*(0.5*x2 - 8.834928531811252)))*(0.25*x1**2 + 0.25*x2**2)
[36m(fitness pid=1831653)[0m 2.4306519854324474*x1**2 + 2.4306519854324474*x2**2[32m [repeated 23x across cluster][0m
[36m(fitness pid=1831721)[0m 2.258694389091534*x1**2 + 2.258694389091534*x2**2[32m [repeated 4x across cluster][0m
[36m(fitness pid=1831653)[0m 2.4306519854324474*x1**2 + 2.4306519854324474*x2**2[32m [repeated 23x across cluster][0m
[36m(fitness pid=1831721)[0m 2.404755931596*x1**2 + 2.404755931596*x2**2[32m [repeated 3x across cluster][0m
[36m(fitness pid=1831714)[0m (0.25*x1**2 + 0.25*x2**2)*(1.8544169940819954*sin(0.25*x1**2 + 0.25*x2**2) + 8.1122510584927069)
[36m(fitness pid=1831813)[0m 
[36m(fitness pid=1831653)[0m 2.4306519854324474*x1**2 + 2.4306519854324474*x2**2[32m [repeated 22x across cluster][0m
[36m(fitness pid=1831721)[0m 2.3706360139210589*x1**2 + 2.3706360139210589*x2**2[32m [repeated 3x across cluster][0m
[36m(fitness pid=1831620)[0m (9.6811725625840825 - 3.55827656285762*exp(-0.5*x1 - 0.5*x2*(0.5*x2 + 1.184045510596933) + 4.560735522647413*(0.25*x1**2 + 0.9651340743672205)*(0.5*x2 - 8.979413651713503)))*(0.25*x1**2 + 0.25*x2**2)
[36m(fitness pid=1831653)[0m 2.4306519854324474*x1**2 + 2.4306519854324474*x2**2[32m [repeated 22x across cluster][0m
[36m(fitness pid=1831721)[0m 2.3888422417125794*x1**2 + 2.3888422417125794*x2**2[32m [repeated 4x across cluster][0m
[36m(fitness pid=1831813)[0m 2.0672302846326611*x1**2 + 2.0672302846326611*x2**2[32m [repeated 18x across cluster][0m
[36m(fitness pid=1831703)[0m 2.1409577278869579*x1**2 + 2.1409577278869579*x2**2[32m [repeated 8x across cluster][0m
[36m(fitness pid=1831813)[0m 2.3450240006956857*x1**2 + 2.3450240006956857*x2**2[32m [repeated 17x across cluster][0m
[36m(fitness pid=1831703)[0m 2.4519361012472676*x1**2 + 2.4519361012472676*x2**2[32m [repeated 6x across cluster][0m
[36m(fitness pid=1831620)[0m (9.6811725625840825 - 3.55827656285762*exp(-0.5*x1 - 0.5*x2*(0.5*x2 + 1.184045510596933) + 2.575725165852475*(0.25*x1**2 + 0.9651340743672205)*(0.5*x2 - 5.3247380661207169)))*(0.25*x1**2 + 0.25*x2**2)
[36m(fitness pid=1831691)[0m 2.3515686487854003*x1**2 + 2.3515686487854003*x2**2[32m [repeated 17x across cluster][0m
[36m(fitness pid=1831703)[0m 2.346328995859494*x1**2 + 2.346328995859494*x2**2[32m [repeated 7x across cluster][0m
[36m(fitness pid=1831800)[0m 2.3719179066654456*x1**2 + 2.3719179066654456*x2**2[32m [repeated 17x across cluster][0m
[36m(fitness pid=1831703)[0m 2.098447917898309*x1**2 + 2.098447917898309*x2**2[32m [repeated 5x across cluster][0m
[36m(fitness pid=1831800)[0m 2.3940788867535942*x1**2 + 2.3940788867535942*x2**2[32m [repeated 13x across cluster][0m
[36m(fitness pid=1831722)[0m 2.3794116352846135*x1**2 + 2.3794116352846135*x2**2[32m [repeated 8x across cluster][0m
[36m(fitness pid=1831620)[0m (8.4849514045306928 - 3.1186102225274931*exp(-0.5*x1 - 0.5*x2*(0.5*x2 + 1.184045510596933) + 4.560735522647413*(0.25*x1**2 + 0.9651340743672205)*(0.5*x2 - 8.979413651713503)))*(0.25*x1**2 + 0.25*x2**2)
[36m(fitness pid=1831726)[0m 2.4134198772294234*x1**2 + 2.4134198772294234*x2**2[32m [repeated 14x across cluster][0m
[36m(fitness pid=1831674)[0m 2.3877519122658087*x1**2 + 2.3877519122658087*x2**2[32m [repeated 4x across cluster][0m
[36m(fitness pid=1831674)[0m 2.0952059737772833*x1**2 + 2.0952059737772833*x2**2[32m [repeated 16x across cluster][0m
[36m(fitness pid=1831650)[0m 2.3777197044506031*x1**2 + 2.3777197044506031*x2**2[32m [repeated 13x across cluster][0m
[36m(fitness pid=1831620)[0m (8.544302340882033 - 3.1404244236934579*exp(-0.5*x1 - 0.5*x2*(0.5*x2 + 1.184045510596933) + 4.560735522647413*(0.25*x1**2 + 0.9651340743672205)*(0.5*x2 - 3.11978869603986)))*(0.25*x1**2 + 0.25*x2**2)
[36m(fitness pid=1831674)[0m 2.0829881184945397*x1**2 + 2.0829881184945397*x2**2[32m [repeated 11x across cluster][0m
[36m(fitness pid=1831674)[0m 2.110192087799799*x1**2 + 2.110192087799799*x2**2[32m [repeated 11x across cluster][0m
[36m(fitness pid=1831735)[0m 2.4879262093836735*x1**2 + 2.4879262093836735*x2**2[32m [repeated 11x across cluster][0m
[36m(fitness pid=1831714)[0m 2.3802917420312287*x1**2 + 2.3802917420312287*x2**2[32m [repeated 8x across cluster][0m
[36m(fitness pid=1831735)[0m 2.3711251815619636*x1**2 + 2.3711251815619636*x2**2[32m [repeated 8x across cluster][0m
[36m(fitness pid=1831735)[0m 2.068030943766361*x1**2 + 2.068030943766361*x2**2[32m [repeated 5x across cluster][0m
[36m(fitness pid=1831735)[0m 2.128135874608455*x1**2 + 2.128135874608455*x2**2[32m [repeated 2x across cluster][0m
[36m(fitness pid=1831735)[0m 2.4260183812503853*x1**2 + 2.4260183812503853*x2**2[32m [repeated 2x across cluster][0m
[36m(fitness pid=1831735)[0m 2.4856595599423512*x1**2 + 2.4856595599423512*x2**2
[36m(fitness pid=1831735)[0m 2.2507380216691717*x1**2 + 2.2507380216691717*x2**2
[36m(fitness pid=1831735)[0m 2.3744870847283703*x1**2 + 2.3744870847283703*x2**2
[36m(fitness pid=1831735)[0m 2.1521505492436071*x1**2 + 2.1521505492436071*x2**2
[36m(fitness pid=1831735)[0m 2.4739429028239849*x1**2 + 2.4739429028239849*x2**2
[36m(fitness pid=1831735)[0m 2.2337103812271842*x1**2 + 2.2337103812271842*x2**2
15 	2500 	0.2164	76.4374	510.902    	147.944	10 	24.0056	59 	7.8343
Best individuals of this generation:
mul(mul(a, add(a, sin(add(mul(x2, x2), mul(x1, x1))))), add(mul(x2, x2), mul(x1, x1)))
[36m(fitness pid=1831689)[0m 2.3311151236908958*x1**2 + 2.3311151236908958*x2**2
[36m(fitness pid=1831709)[0m 2.292987777891244*x1**2 + 2.292987777891244*x2**2
[36m(fitness pid=1831710)[0m 2.3831948033434933*x1**2 + 2.3831948033434933*x2**2[32m [repeated 26x across cluster][0m
[36m(fitness pid=1831665)[0m 2.340531466728717*x1**2 + 2.340531466728717*x2**2[32m [repeated 3x across cluster][0m
[36m(fitness pid=1831710)[0m 2.187519097173267*x1**2 + 2.187519097173267*x2**2[32m [repeated 23x across cluster][0m
[36m(fitness pid=1831790)[0m 2.3199787247924976*x1**2 + 2.3199787247924976*x2**2[32m [repeated 8x across cluster][0m
[36m(fitness pid=1831710)[0m 2.3831948033434933*x1**2 + 2.3831948033434933*x2**2[32m [repeated 20x across cluster][0m
[36m(fitness pid=1831655)[0m (8.4689399303943041 + 4.9619551143053961e-8*exp(-4.570403038471663*sin(1.849777531323344*x1 + 0.25*x2**2)))*(0.25*x1**2 + 0.25*x2**2)
[36m(fitness pid=1831846)[0m 2.2610285251179259*x1**2 + 2.2610285251179259*x2**2[32m [repeated 7x across cluster][0m
[36m(fitness pid=1831710)[0m 2.3831948033434933*x1**2 + 2.3831948033434933*x2**2[32m [repeated 21x across cluster][0m
[36m(fitness pid=1831612)[0m 2.4005152505071046*x1**2 + 2.4005152505071046*x2**2[32m [repeated 7x across cluster][0m
[36m(fitness pid=1831725)[0m 2.0785615928185966*x1**2 + 2.0785615928185966*x2**2[32m [repeated 19x across cluster][0m
[36m(fitness pid=1831689)[0m 2.388176540806721*x1**2 + 2.388176540806721*x2**2[32m [repeated 6x across cluster][0m
[36m(fitness pid=1831725)[0m 2.0795327234473541*x1**2 + 2.0795327234473541*x2**2[32m [repeated 18x across cluster][0m
[36m(fitness pid=1831682)[0m 2.2475253650644916*x1**2 + 2.2475253650644916*x2**2[32m [repeated 8x across cluster][0m
[36m(fitness pid=1831811)[0m 2.3030531157368653*x1**2 + 2.3030531157368653*x2**2[32m [repeated 16x across cluster][0m
[36m(fitness pid=1831680)[0m 2.4326293024293837*x1**2 + 2.4326293024293837*x2**2[32m [repeated 7x across cluster][0m
[36m(fitness pid=1831708)[0m 2.086413456642593*x1**2 + 2.086413456642593*x2**2[32m [repeated 12x across cluster][0m
[36m(fitness pid=1831680)[0m 2.4481739676931297*x1**2 + 2.4481739676931297*x2**2[32m [repeated 10x across cluster][0m
[36m(fitness pid=1831708)[0m 2.088860231263058*x1**2 + 2.088860231263058*x2**2[32m [repeated 12x across cluster][0m
[36m(fitness pid=1831689)[0m 2.388176540806721*x1**2 + 2.388176540806721*x2**2[32m [repeated 10x across cluster][0m
[36m(fitness pid=1831708)[0m 2.1391075289737682*x1**2 + 2.1391075289737682*x2**2[32m [repeated 12x across cluster][0m
[36m(fitness pid=1831682)[0m 2.2911154699003338*x1**2 + 2.2911154699003338*x2**2[32m [repeated 9x across cluster][0m
[36m(fitness pid=1831672)[0m 2.10282213550957*x1**2 + 2.10282213550957*x2**2[32m [repeated 11x across cluster][0m
[36m(fitness pid=1831665)[0m 2.3584917156180279*x1**2 + 2.3584917156180279*x2**2[32m [repeated 10x across cluster][0m
[36m(fitness pid=1831708)[0m 2.106844025725245*x1**2 + 2.106844025725245*x2**2[32m [repeated 11x across cluster][0m
[36m(fitness pid=1831655)[0m (8.4689399303943041 + 4.3826227398794172e-8*exp(-4.601523627472766*sin(1.849777531323344*x1 + 0.25*x2**2)))*(0.25*x1**2 + 0.25*x2**2)
[36m(fitness pid=1831612)[0m 2.1865853137873149*x1**2 + 2.1865853137873149*x2**2[32m [repeated 8x across cluster][0m
[36m(fitness pid=1831708)[0m 2.3573299296885275*x1**2 + 2.3573299296885275*x2**2[32m [repeated 9x across cluster][0m
[36m(fitness pid=1831612)[0m 2.236198419375419*x1**2 + 2.236198419375419*x2**2[32m [repeated 5x across cluster][0m
[36m(fitness pid=1831708)[0m 2.2546483614544193*x1**2 + 2.2546483614544193*x2**2[32m [repeated 11x across cluster][0m
[36m(fitness pid=1831665)[0m 2.19867566690747*x1**2 + 2.19867566690747*x2**2[32m [repeated 6x across cluster][0m
[36m(fitness pid=1831672)[0m 2.427947256937586*x1**2 + 2.427947256937586*x2**2[32m [repeated 7x across cluster][0m
[36m(fitness pid=1831682)[0m 2.3044704168827449*x1**2 + 2.3044704168827449*x2**2[32m [repeated 6x across cluster][0m
[36m(fitness pid=1831672)[0m 2.1804951830022809*x1**2 + 2.1804951830022809*x2**2[32m [repeated 8x across cluster][0m
[36m(fitness pid=1831665)[0m 2.1877099717252106*x1**2 + 2.1877099717252106*x2**2[32m [repeated 7x across cluster][0m
[36m(fitness pid=1831708)[0m 2.4264548527223111*x1**2 + 2.4264548527223111*x2**2[32m [repeated 7x across cluster][0m
[36m(fitness pid=1831665)[0m 2.146725396062666*x1**2 + 2.146725396062666*x2**2[32m [repeated 6x across cluster][0m
[36m(fitness pid=1831655)[0m (0.25*x1**2 + 0.25*x2**2)*(0.25*x1**2 + 0.25*x2**2 + 7.6289327341958467)
[36m(fitness pid=1831708)[0m 2.4264548527223111*x1**2 + 2.4264548527223111*x2**2[32m [repeated 5x across cluster][0m
[36m(fitness pid=1831665)[0m 2.410136162260085*x1**2 + 2.410136162260085*x2**2[32m [repeated 4x across cluster][0m
[36m(fitness pid=1831655)[0m (0.25*x1**2 + 0.25*x2**2)*(0.25*x1**2 + 0.25*x2**2 + 7.9973770779384567)
[36m(fitness pid=1831603)[0m 2.2815874667375645*x1**2 + 2.2815874667375645*x2**2[32m [repeated 4x across cluster][0m
[36m(fitness pid=1831776)[0m (0.25*x1**2 + 0.25*x2**2)*(9.2725222639453114e-7*exp(0.5*x2) + 9.24439523241192)
[36m(fitness pid=1831678)[0m 2.1012350404332719*x1**2 + 2.1012350404332719*x2**2[32m [repeated 4x across cluster][0m
[36m(fitness pid=1831665)[0m 2.4095791146565266*x1**2 + 2.4095791146565266*x2**2[32m [repeated 2x across cluster][0m
[36m(fitness pid=1831603)[0m 2.336347429698255*x1**2 + 2.336347429698255*x2**2[32m [repeated 4x across cluster][0m
[36m(fitness pid=1831678)[0m 2.2332668501925208*x1**2 + 2.2332668501925208*x2**2[32m [repeated 3x across cluster][0m
[36m(fitness pid=1831655)[0m 2.4346408876843637*x1**2 + 2.4346408876843637*x2**2[32m [repeated 2x across cluster][0m
[36m(fitness pid=1831603)[0m 2.282642274732197*x1**2 + 2.282642274732197*x2**2[32m [repeated 2x across cluster][0m
[36m(fitness pid=1831603)[0m 2.193122580795805*x1**2 + 2.193122580795805*x2**2[32m [repeated 2x across cluster][0m
[36m(fitness pid=1831603)[0m 2.269966143850893*x1**2 + 2.269966143850893*x2**2[32m [repeated 2x across cluster][0m
[36m(fitness pid=1831603)[0m 2.0790316779749569*x1**2 + 2.0790316779749569*x2**2[32m [repeated 2x across cluster][0m
[36m(fitness pid=1831655)[0m 2.4287908869055989*x1**2 + 2.4287908869055989*x2**2[32m [repeated 2x across cluster][0m
16 	2500 	0.2164	41.6352	445.797    	91.0868	10 	24.2448	59 	8.0001
Best individuals of this generation:
mul(mul(a, add(a, sin(add(mul(x2, x2), mul(x1, x1))))), add(mul(x2, x2), mul(x1, x1)))
[36m(fitness pid=1831718)[0m 2.0764033441595604*x1**2 + 2.0764033441595604*x2**2
[36m(fitness pid=1831703)[0m 2.3067317063813897*x1**2 + 2.3067317063813897*x2**2
[36m(fitness pid=1831605)[0m (0.25*x1**2 + 0.25*x2**2)*(0.157668254249602*x1**2 + 0.157668254249602*x2**2 + 8.5517426244824726)
[36m(fitness pid=1831704)[0m 2.3238462853464198*x1**2 + 2.3238462853464198*x2**2[32m [repeated 24x across cluster][0m
[36m(fitness pid=1831787)[0m 2.4705995767228662*x1**2 + 2.4705995767228662*x2**2[32m [repeated 9x across cluster][0m
[36m(fitness pid=1831800)[0m (8.4394691552669723 - 1.6071941645434656e-16*exp(-0.5*x1 - 0.5*x2*(0.5*x2 + 3.4405142257845753) + 2.7765377202211866*x2))*(0.25*x1**2 + 0.25*x2**2)
[36m(fitness pid=1831726)[0m 2.1075069536434959*x1**2 + 2.1075069536434959*x2**2[32m [repeated 17x across cluster][0m
[36m(fitness pid=1831787)[0m 2.4705995767228662*x1**2 + 2.4705995767228662*x2**2[32m [repeated 7x across cluster][0m
[36m(fitness pid=1831726)[0m 2.3771203650969788*x1**2 + 2.3771203650969788*x2**2[32m [repeated 21x across cluster][0m
[36m(fitness pid=1831649)[0m 2.3324483757794832*x1**2 + 2.3324483757794832*x2**2[32m [repeated 13x across cluster][0m
[36m(fitness pid=1831726)[0m 2.221677968139178*x1**2 + 2.221677968139178*x2**2[32m [repeated 15x across cluster][0m
[36m(fitness pid=1831800)[0m (8.4394691552669723 - 2.223344249229366e-12*exp(-0.5*x1 - 0.5*x2*(0.5*x2 + 3.4405142257845753) + 2.6488714110184421*x2))*(0.25*x1**2 + 0.25*x2**2)
[36m(fitness pid=1831703)[0m 2.0790030911842496*x1**2 + 2.0790030911842496*x2**2[32m [repeated 7x across cluster][0m
[36m(fitness pid=1831704)[0m 2.0787871952986114*x1**2 + 2.0787871952986114*x2**2[32m [repeated 20x across cluster][0m
[36m(fitness pid=1831769)[0m 2.1182064427068997*x1**2 + 2.1182064427068997*x2**2[32m [repeated 7x across cluster][0m
[36m(fitness pid=1831674)[0m 2.0966273025571007*x1**2 + 2.0966273025571007*x2**2[32m [repeated 18x across cluster][0m
[36m(fitness pid=1831800)[0m (8.4394691552669723 - 4.0332326908890128e-16*exp(-0.5*x1 - 0.5*x2*(0.5*x2 + 3.4405142257845753) + 2.7765377202211866*x2))*(0.25*x1**2 + 0.25*x2**2)
[36m(fitness pid=1831691)[0m 2.4445621982056852*x1**2 + 2.4445621982056852*x2**2[32m [repeated 7x across cluster][0m
[36m(fitness pid=1831674)[0m 2.1987850882259686*x1**2 + 2.1987850882259686*x2**2[32m [repeated 17x across cluster][0m
[36m(fitness pid=1831691)[0m 2.2606422109140907*x1**2 + 2.2606422109140907*x2**2[32m [repeated 7x across cluster][0m
[36m(fitness pid=1831718)[0m 2.294762642699943*x1**2 + 2.294762642699943*x2**2[32m [repeated 13x across cluster][0m
[36m(fitness pid=1831800)[0m (8.4394691552669723 - 2.8030386162445096e-36*exp(-0.5*x1 - 0.5*x2*(0.5*x2 + 3.4405142257845753) + 6.3059150237769225*x2))*(0.25*x1**2 + 0.25*x2**2)
[36m(fitness pid=1831620)[0m 2.3905355390076897*x1**2 + 2.3905355390076897*x2**2[32m [repeated 10x across cluster][0m
[36m(fitness pid=1831645)[0m 2.4807721901656748*x1**2 + 2.4807721901656748*x2**2[32m [repeated 7x across cluster][0m
[36m(fitness pid=1831647)[0m 2.1534344286032605*x1**2 + 2.1534344286032605*x2**2[32m [repeated 12x across cluster][0m
[36m(fitness pid=1831800)[0m (8.8237684676268291 - 2.9306776647347357e-36*exp(-0.5*x1 - 0.5*x2*(0.5*x2 + 3.4405142257845753) + 6.3059150237769225*x2))*(0.25*x1**2 + 0.25*x2**2)
[36m(fitness pid=1831787)[0m 2.4419716142889924*x1**2 + 2.4419716142889924*x2**2[32m [repeated 7x across cluster][0m
[36m(fitness pid=1831718)[0m (8.882414544828377 - 0.00014107141342971964*exp(3.954771932651009*sin(0.25*x2**2 - 0.9907089290900322)))*(0.25*x1**2 + 0.25*x2**2)
[36m(fitness pid=1831647)[0m 2.1367060962642391*x1**2 + 2.1367060962642391*x2**2[32m [repeated 8x across cluster][0m
[36m(fitness pid=1831800)[0m 2.4505515253505191*x1**2 + 2.4505515253505191*x2**2[32m [repeated 8x across cluster][0m
[36m(fitness pid=1831647)[0m 2.3775985254454527*x1**2 + 2.3775985254454527*x2**2[32m [repeated 7x across cluster][0m
[36m(fitness pid=1831800)[0m 2.4631022112938294*x1**2 + 2.4631022112938294*x2**2[32m [repeated 7x across cluster][0m
[36m(fitness pid=1831647)[0m 2.0733690249529751*x1**2 + 2.0733690249529751*x2**2[32m [repeated 7x across cluster][0m
[36m(fitness pid=1831718)[0m (8.882414544828377 - 0.0056058274762002785*exp(2.4126669184045179*sin(0.25*x2**2 - 0.9907089290900322)))*(0.25*x1**2 + 0.25*x2**2)
[36m(fitness pid=1831800)[0m 2.4561852490899093*x1**2 + 2.4561852490899093*x2**2[32m [repeated 7x across cluster][0m
[36m(fitness pid=1831647)[0m 2.4971068626855415*x1**2 + 2.4971068626855415*x2**2[32m [repeated 7x across cluster][0m
[36m(fitness pid=1831645)[0m 2.3431990582082137*x1**2 + 2.3431990582082137*x2**2[32m [repeated 6x across cluster][0m
[36m(fitness pid=1831647)[0m 2.2619978711836562*x1**2 + 2.2619978711836562*x2**2[32m [repeated 7x across cluster][0m
[36m(fitness pid=1831645)[0m 2.1412095381560185*x1**2 + 2.1412095381560185*x2**2[32m [repeated 4x across cluster][0m
[36m(fitness pid=1831769)[0m 2.3758316214322153*x1**2 + 2.3758316214322153*x2**2[32m [repeated 8x across cluster][0m
[36m(fitness pid=1831718)[0m (8.882414544828377 - 0.00014107141342971964*exp(3.954771932651009*sin(0.25*x2**2 - 1.4330761785230024)))*(0.25*x1**2 + 0.25*x2**2)
[36m(fitness pid=1831703)[0m 2.425098447528452*x1**2 + 2.425098447528452*x2**2[32m [repeated 3x across cluster][0m
[36m(fitness pid=1831769)[0m 2.2646673827079807*x1**2 + 2.2646673827079807*x2**2[32m [repeated 5x across cluster][0m
[36m(fitness pid=1831691)[0m 2.3259024449868073*x1**2 + 2.3259024449868073*x2**2[32m [repeated 5x across cluster][0m
[36m(fitness pid=1831718)[0m 2.2934720837942114*x1**2 + 2.2934720837942114*x2**2[32m [repeated 3x across cluster][0m
[36m(fitness pid=1831620)[0m 2.4320386154753577*x1**2 + 2.4320386154753577*x2**2[32m [repeated 5x across cluster][0m
[36m(fitness pid=1831645)[0m (8.0301830303981462 + 0.46018081622097803*exp(-0.6233361201502552*sin(0.25*x1**2 + 0.25*x2**2)))*(0.25*x1**2 + 0.25*x2**2)
[36m(fitness pid=1831757)[0m 2.4183661143868071*x1**2 + 2.4183661143868071*x2**2[32m [repeated 2x across cluster][0m
[36m(fitness pid=1831800)[0m 2.373374135678148*x1**2 + 2.373374135678148*x2**2[32m [repeated 4x across cluster][0m
[36m(fitness pid=1831691)[0m 2.2127771371307048*x1**2 + 2.2127771371307048*x2**2
[36m(fitness pid=1831684)[0m 2.0732186823951031*x1**2 + 2.0732186823951031*x2**2
[36m(fitness pid=1831684)[0m 2.4228157708560927*x1**2 + 2.4228157708560927*x2**2[32m [repeated 2x across cluster][0m
[36m(fitness pid=1831645)[0m (8.0301830303981462 + 0.99361181412184795*exp(-0.6233361201502552*sin(0.25*x1**2 + 0.25*x2**2)))*(0.25*x1**2 + 0.25*x2**2)
[36m(fitness pid=1831645)[0m 2.2080464976087161*x1**2 + 2.2080464976087161*x2**2
[36m(fitness pid=1831645)[0m 2.2080464976087161*x1**2 + 2.2080464976087161*x2**2
[36m(fitness pid=1831645)[0m 2.1707222997137898*x1**2 + 2.1707222997137898*x2**2
17 	2500 	0.2164	16.2649	149.743    	31.4756	10 	24.908 	61 	8.2459
Best individuals of this generation:
mul(mul(a, add(a, sin(add(mul(x2, x2), mul(x1, x1))))), add(mul(x2, x2), mul(x1, x1)))
[36m(fitness pid=1831645)[0m 2.2103366797149283*x1**2 + 2.2103366797149283*x2**2
[36m(fitness pid=1831716)[0m 2.21177702511145*x1**2 + 2.21177702511145*x2**2
[36m(fitness pid=1831773)[0m 2.0933892870852145*x1**2 + 2.0933892870852145*x2**2
[36m(fitness pid=1831646)[0m 2.413591989571841*x1**2 + 2.413591989571841*x2**2[32m [repeated 26x across cluster][0m
[36m(fitness pid=1831773)[0m 2.2173666736849696*x1**2 + 2.2173666736849696*x2**2[32m [repeated 2x across cluster][0m
[36m(fitness pid=1831646)[0m 2.104165906436619*x1**2 + 2.104165906436619*x2**2[32m [repeated 26x across cluster][0m
[36m(fitness pid=1831773)[0m 2.2044952980699643*x1**2 + 2.2044952980699643*x2**2[32m [repeated 2x across cluster][0m
[36m(fitness pid=1831603)[0m 2.475985073137962*x1**2 + 2.475985073137962*x2**2[32m [repeated 26x across cluster][0m
[36m(fitness pid=1831773)[0m 2.1902902910380766*x1**2 + 2.1902902910380766*x2**2[32m [repeated 2x across cluster][0m
[36m(fitness pid=1831646)[0m 2.3946967327855586*x1**2 + 2.3946967327855586*x2**2[32m [repeated 24x across cluster][0m
[36m(fitness pid=1831672)[0m 2.4082438122049165*x1**2 + 2.4082438122049165*x2**2[32m [repeated 3x across cluster][0m
[36m(fitness pid=1831665)[0m (0.25*x1**2 + 0.25*x2**2)*(-0.422822696651969*x1*(0.02268422963452193*x2 + 0.0453444444400896) + 8.778367520991408)
[36m(fitness pid=1831646)[0m 2.446307761285983*x1**2 + 2.446307761285983*x2**2[32m [repeated 22x across cluster][0m
[36m(fitness pid=1831672)[0m 2.390750835825984*x1**2 + 2.390750835825984*x2**2[32m [repeated 4x across cluster][0m
[36m(fitness pid=1831665)[0m (0.25*x1**2 + 0.25*x2**2)*(-0.422822696651969*x1*(0.005175874655905412*x2 + 0.01034626983348809) + 9.2083053821446854)
[36m(fitness pid=1831603)[0m 2.475985073137962*x1**2 + 2.475985073137962*x2**2[32m [repeated 22x across cluster][0m
[36m(fitness pid=1831672)[0m 2.390750835825984*x1**2 + 2.390750835825984*x2**2[32m [repeated 3x across cluster][0m
[36m(fitness pid=1831603)[0m 2.475985073137962*x1**2 + 2.475985073137962*x2**2[32m [repeated 21x across cluster][0m
[36m(fitness pid=1831672)[0m 2.390750835825984*x1**2 + 2.390750835825984*x2**2[32m [repeated 3x across cluster][0m
[36m(fitness pid=1831603)[0m 2.475985073137962*x1**2 + 2.475985073137962*x2**2[32m [repeated 19x across cluster][0m
[36m(fitness pid=1831734)[0m 2.3089734878473885*x1**2 + 2.3089734878473885*x2**2[32m [repeated 5x across cluster][0m
[36m(fitness pid=1831652)[0m 2.3899407414309329*x1**2 + 2.3899407414309329*x2**2[32m [repeated 18x across cluster][0m
[36m(fitness pid=1831734)[0m 2.1803470331543434*x1**2 + 2.1803470331543434*x2**2[32m [repeated 5x across cluster][0m
[36m(fitness pid=1831665)[0m 2.4034568670684883*x1**2 + 2.4034568670684883*x2**2[32m [repeated 15x across cluster][0m
[36m(fitness pid=1831689)[0m 2.1481220103018874*x1**2 + 2.1481220103018874*x2**2[32m [repeated 2x across cluster][0m
[36m(fitness pid=1831665)[0m 2.4002672710623808*x1**2 + 2.4002672710623808*x2**2[32m [repeated 13x across cluster][0m
[36m(fitness pid=1831603)[0m (9.0292268253486659 + 6.281277096405335e-6*exp(-sin(0.5*x2)))*(0.25*x1**2 + 0.25*x2**2)
[36m(fitness pid=1831670)[0m 2.446000612393588*x1**2 + 2.446000612393588*x2**2[32m [repeated 2x across cluster][0m
[36m(fitness pid=1831665)[0m 2.4889027050252204*x1**2 + 2.4889027050252204*x2**2[32m [repeated 11x across cluster][0m
[36m(fitness pid=1831670)[0m 2.446000612393588*x1**2 + 2.446000612393588*x2**2[32m [repeated 2x across cluster][0m
[36m(fitness pid=1831777)[0m 2.378451139760086*x1**2 + 2.378451139760086*x2**2[32m [repeated 10x across cluster][0m
[36m(fitness pid=1831603)[0m (8.5211640788552537 + 5.9278378756598059e-6*exp(-sin(0.5*x2)))*(0.25*x1**2 + 0.25*x2**2)
[36m(fitness pid=1831628)[0m 2.1873081752276033*x1**2 + 2.1873081752276033*x2**2[32m [repeated 4x across cluster][0m
[36m(fitness pid=1831689)[0m 2.158069375325898*x1**2 + 2.158069375325898*x2**2[32m [repeated 9x across cluster][0m
[36m(fitness pid=1831779)[0m 2.2412283266457643*x1**2 + 2.2412283266457643*x2**2[32m [repeated 7x across cluster][0m
[36m(fitness pid=1831798)[0m 2.404576673248372*x1**2 + 2.404576673248372*x2**2[32m [repeated 5x across cluster][0m
[36m(fitness pid=1831603)[0m (9.0292268253486659 + 4.5281366529700523e-8*exp(-sin(0.5*x2)))*(0.25*x1**2 + 0.25*x2**2)
[36m(fitness pid=1831665)[0m 2.0779084368010769*x1**2 + 2.0779084368010769*x2**2[32m [repeated 7x across cluster][0m
[36m(fitness pid=1831670)[0m 2.4289439546297484*x1**2 + 2.4289439546297484*x2**2[32m [repeated 4x across cluster][0m
[36m(fitness pid=1831689)[0m 2.158069375325898*x1**2 + 2.158069375325898*x2**2[32m [repeated 6x across cluster][0m
[36m(fitness pid=1831779)[0m 2.2970616934622869*x1**2 + 2.2970616934622869*x2**2[32m [repeated 3x across cluster][0m
[36m(fitness pid=1831616)[0m 2.0792957643253051*x1**2 + 2.0792957643253051*x2**2[32m [repeated 6x across cluster][0m
[36m(fitness pid=1831665)[0m 2.2710162682379543*x1**2 + 2.2710162682379543*x2**2[32m [repeated 4x across cluster][0m
[36m(fitness pid=1831616)[0m 2.1631486381410406*x1**2 + 2.1631486381410406*x2**2[32m [repeated 3x across cluster][0m
[36m(fitness pid=1831669)[0m 2.1860681402726942*x1**2 + 2.1860681402726942*x2**2[32m [repeated 4x across cluster][0m
[36m(fitness pid=1831670)[0m 2.2728069998335768*x1**2 + 2.2728069998335768*x2**2[32m [repeated 3x across cluster][0m
[36m(fitness pid=1831689)[0m 2.0763311570675908*x1**2 + 2.0763311570675908*x2**2[32m [repeated 5x across cluster][0m
[36m(fitness pid=1831669)[0m 2.3389761129449593*x1**2 + 2.3389761129449593*x2**2[32m [repeated 3x across cluster][0m
[36m(fitness pid=1831670)[0m 2.0961664055920386*x1**2 + 2.0961664055920386*x2**2[32m [repeated 3x across cluster][0m
[36m(fitness pid=1831689)[0m 2.3986300587923409*x1**2 + 2.3986300587923409*x2**2[32m [repeated 4x across cluster][0m
[36m(fitness pid=1831669)[0m 2.3228963046304955*x1**2 + 2.3228963046304955*x2**2[32m [repeated 3x across cluster][0m
[36m(fitness pid=1831670)[0m 2.2747118517004569*x1**2 + 2.2747118517004569*x2**2[32m [repeated 2x across cluster][0m
[36m(fitness pid=1831779)[0m 2.2106089077007539*x1**2 + 2.2106089077007539*x2**2[32m [repeated 2x across cluster][0m
[36m(fitness pid=1831779)[0m 2.310390426238078*x1**2 + 2.310390426238078*x2**2
[36m(fitness pid=1831779)[0m 2.19668694473789*x1**2 + 2.19668694473789*x2**2
[36m(fitness pid=1831779)[0m 2.303938269413156*x1**2 + 2.303938269413156*x2**2
18 	2500 	0.2164	7.7278 	66.5873    	12.708 	10 	25.2112	61 	8.4676
Best individuals of this generation:
mul(mul(a, add(a, sin(add(mul(x2, x2), mul(x1, x1))))), add(mul(x2, x2), mul(x1, x1)))
[36m(fitness pid=1831767)[0m 2.2078371215186489*x1**2 + 2.2078371215186489*x2**2
[36m(fitness pid=1831757)[0m 2.1848454131313004*x1**2 + 2.1848454131313004*x2**2[32m [repeated 27x across cluster][0m
[36m(fitness pid=1831729)[0m 2.1455108310965816*x1**2 + 2.1455108310965816*x2**2[32m [repeated 4x across cluster][0m
[36m(fitness pid=1831822)[0m (0.25*x1**2 + 0.25*x2**2)*(0.05240114134448426*x1**2 + 0.05240114134448426*x2**2 + 8.1520961356162754)
[36m(fitness pid=1831757)[0m 2.2353541032927286*x1**2 + 2.2353541032927286*x2**2[32m [repeated 23x across cluster][0m
[36m(fitness pid=1831726)[0m (0.25*x1**2 + 0.25*x2**2)*(1.759780642648746*sin(0.25*x1**2 + 0.25*x2**2) + 7.318674404581823)
[36m(fitness pid=1831650)[0m 2.128857294666367*x1**2 + 2.128857294666367*x2**2[32m [repeated 3x across cluster][0m
[36m(fitness pid=1831757)[0m 2.1860478149689111*x1**2 + 2.1860478149689111*x2**2[32m [repeated 24x across cluster][0m
[36m(fitness pid=1831700)[0m 2.2636888605498033*x1**2 + 2.2636888605498033*x2**2[32m [repeated 3x across cluster][0m
[36m(fitness pid=1831757)[0m 2.4931687078503804*x1**2 + 2.4931687078503804*x2**2[32m [repeated 24x across cluster][0m
[36m(fitness pid=1831720)[0m 2.3921060891285554*x1**2 + 2.3921060891285554*x2**2[32m [repeated 10x across cluster][0m
[36m(fitness pid=1831757)[0m 2.4390197628937875*x1**2 + 2.4390197628937875*x2**2[32m [repeated 16x across cluster][0m
[36m(fitness pid=1831700)[0m (0.25*x1**2 + 0.25*x2**2)*(0.25*x1**2 + 0.25*x2**2 + 7.9156185196265308)
[36m(fitness pid=1831721)[0m 2.1940097188905242*x1**2 + 2.1940097188905242*x2**2[32m [repeated 9x across cluster][0m
[36m(fitness pid=1831757)[0m 2.4187096309011534*x1**2 + 2.4187096309011534*x2**2[32m [repeated 16x across cluster][0m
[36m(fitness pid=1831718)[0m 2.3220695019283031*x1**2 + 2.3220695019283031*x2**2[32m [repeated 13x across cluster][0m
[36m(fitness pid=1831726)[0m 2.4723632880961726*x1**2 + 2.4723632880961726*x2**2[32m [repeated 15x across cluster][0m
[36m(fitness pid=1831786)[0m 2.1591457499087218*x1**2 + 2.1591457499087218*x2**2[32m [repeated 14x across cluster][0m
[36m(fitness pid=1831726)[0m 2.1817719778466452*x1**2 + 2.1817719778466452*x2**2[32m [repeated 12x across cluster][0m
[36m(fitness pid=1831639)[0m 2.3515989138863293*x1**2 + 2.3515989138863293*x2**2[32m [repeated 14x across cluster][0m
[36m(fitness pid=1831659)[0m 2.1504319343290494*x1**2 + 2.1504319343290494*x2**2[32m [repeated 11x across cluster][0m
[36m(fitness pid=1831746)[0m 2.2488687384696616*x1**2 + 2.2488687384696616*x2**2[32m [repeated 16x across cluster][0m
[36m(fitness pid=1831659)[0m 2.3569426300982944*x1**2 + 2.3569426300982944*x2**2[32m [repeated 7x across cluster][0m
[36m(fitness pid=1831722)[0m 2.344886213732099*x1**2 + 2.344886213732099*x2**2[32m [repeated 15x across cluster][0m
[36m(fitness pid=1831767)[0m 2.4907375953301257*x1**2 + 2.4907375953301257*x2**2[32m [repeated 8x across cluster][0m
[36m(fitness pid=1831729)[0m 2.4309761486417564*x1**2 + 2.4309761486417564*x2**2[32m [repeated 14x across cluster][0m
[36m(fitness pid=1831687)[0m 2.3146830568248177*x1**2 + 2.3146830568248177*x2**2[32m [repeated 8x across cluster][0m
[36m(fitness pid=1831790)[0m 2.0746888522569962*x1**2 + 2.0746888522569962*x2**2[32m [repeated 11x across cluster][0m
[36m(fitness pid=1831611)[0m 2.444791178124757*x1**2 + 2.444791178124757*x2**2[32m [repeated 8x across cluster][0m
[36m(fitness pid=1831617)[0m 2.4707826680394638*x1**2 + 2.4707826680394638*x2**2[32m [repeated 9x across cluster][0m
[36m(fitness pid=1831611)[0m 2.0558735858432846*x1**2 + 2.0558735858432846*x2**2[32m [repeated 7x across cluster][0m
[36m(fitness pid=1831726)[0m 2.487726922617258*x1**2 + 2.487726922617258*x2**2[32m [repeated 10x across cluster][0m
[36m(fitness pid=1831720)[0m 2.2622267376788841*x1**2 + 2.2622267376788841*x2**2[32m [repeated 8x across cluster][0m
[36m(fitness pid=1831687)[0m 2.4593286241554984*x1**2 + 2.4593286241554984*x2**2[32m [repeated 5x across cluster][0m
[36m(fitness pid=1831726)[0m 2.487726922617258*x1**2 + 2.487726922617258*x2**2[32m [repeated 10x across cluster][0m
[36m(fitness pid=1831746)[0m 2.3686407208473879*x1**2 + 2.3686407208473879*x2**2[32m [repeated 7x across cluster][0m
[36m(fitness pid=1831687)[0m 2.4593286241554984*x1**2 + 2.4593286241554984*x2**2[32m [repeated 3x across cluster][0m
[36m(fitness pid=1831687)[0m 2.4593286241554984*x1**2 + 2.4593286241554984*x2**2[32m [repeated 8x across cluster][0m
[36m(fitness pid=1831687)[0m 2.4593286241554984*x1**2 + 2.4593286241554984*x2**2[32m [repeated 7x across cluster][0m
[36m(fitness pid=1831704)[0m (0.25*x1**2 + 0.25*x2**2)*(0.25*x1**2 + 0.25*x2**2 + 7.827291313750772)
[36m(fitness pid=1831846)[0m 2.261727757203555*x1**2 + 2.261727757203555*x2**2[32m [repeated 4x across cluster][0m
[36m(fitness pid=1831611)[0m 2.1534283250866772*x1**2 + 2.1534283250866772*x2**2[32m [repeated 4x across cluster][0m
[36m(fitness pid=1831687)[0m 2.4593286241554984*x1**2 + 2.4593286241554984*x2**2[32m [repeated 2x across cluster][0m
[36m(fitness pid=1831687)[0m 2.4438014644775965*x1**2 + 2.4438014644775965*x2**2[32m [repeated 5x across cluster][0m
[36m(fitness pid=1831687)[0m 2.3002520434095346*x1**2 + 2.3002520434095346*x2**2[32m [repeated 5x across cluster][0m
[36m(fitness pid=1831687)[0m 2.3340219694825853*x1**2 + 2.3340219694825853*x2**2[32m [repeated 4x across cluster][0m
[36m(fitness pid=1831687)[0m 2.2337681634978609*x1**2 + 2.2337681634978609*x2**2[32m [repeated 4x across cluster][0m
[36m(fitness pid=1831687)[0m 2.121022774205556*x1**2 + 2.121022774205556*x2**2[32m [repeated 4x across cluster][0m
[36m(fitness pid=1831687)[0m 2.2556291261460645*x1**2 + 2.2556291261460645*x2**2[32m [repeated 3x across cluster][0m
[36m(fitness pid=1831687)[0m 2.2491451302925873*x1**2 + 2.2491451302925873*x2**2[32m [repeated 2x across cluster][0m
[36m(fitness pid=1831687)[0m 2.0733199665951875*x1**2 + 2.0733199665951875*x2**2[32m [repeated 2x across cluster][0m
[36m(fitness pid=1831687)[0m 2.305463687785088*x1**2 + 2.305463687785088*x2**2
[36m(fitness pid=1831687)[0m 2.305463687785088*x1**2 + 2.305463687785088*x2**2
[36m(fitness pid=1831687)[0m 2.305463687785088*x1**2 + 2.305463687785088*x2**2
[36m(fitness pid=1831687)[0m 2.305463687785088*x1**2 + 2.305463687785088*x2**2
[36m(fitness pid=1831687)[0m 2.305463687785088*x1**2 + 2.305463687785088*x2**2
[36m(fitness pid=1831687)[0m 2.305463687785088*x1**2 + 2.305463687785088*x2**2
19 	2500 	0.2164	4.5296 	33.6207    	5.7639 	10 	25.4732	69 	8.6304
Best individuals of this generation:
mul(mul(a, add(a, sin(add(mul(x2, x2), mul(x1, x1))))), add(mul(x2, x2), mul(x1, x1)))
[36m(fitness pid=1831811)[0m 2.2100851346208671*x1**2 + 2.2100851346208671*x2**2
[36m(fitness pid=1831773)[0m 2.3982485209908126*x1**2 + 2.3982485209908126*x2**2
[36m(fitness pid=1831684)[0m (0.25*x1**2 + 0.25*x2**2)*(0.14988265415624375*x1**2 + 0.14988265415624375*x2**2 + 8.3132381500148244)
[36m(fitness pid=1831798)[0m 2.3159453003799816*x1**2 + 2.3159453003799816*x2**2[32m [repeated 24x across cluster][0m
[36m(fitness pid=1831683)[0m 2.3872398272342648*x1**2 + 2.3872398272342648*x2**2[32m [repeated 2x across cluster][0m
[36m(fitness pid=1831776)[0m 2.435406475504933*x1**2 + 2.435406475504933*x2**2[32m [repeated 24x across cluster][0m
[36m(fitness pid=1831773)[0m 2.1515692242528499*x1**2 + 2.1515692242528499*x2**2[32m [repeated 5x across cluster][0m
[36m(fitness pid=1831776)[0m 2.1477750775823044*x1**2 + 2.1477750775823044*x2**2[32m [repeated 23x across cluster][0m
[36m(fitness pid=1831719)[0m 2.2064275112190409*x1**2 + 2.2064275112190409*x2**2[32m [repeated 6x across cluster][0m
[36m(fitness pid=1831798)[0m 2.3159453003799816*x1**2 + 2.3159453003799816*x2**2[32m [repeated 22x across cluster][0m
[36m(fitness pid=1831719)[0m 2.0861898925114264*x1**2 + 2.0861898925114264*x2**2[32m [repeated 7x across cluster][0m
[36m(fitness pid=1831743)[0m 2.1174338962269182*x1**2 + 2.1174338962269182*x2**2[32m [repeated 22x across cluster][0m
[36m(fitness pid=1831719)[0m 2.4345168185641*x1**2 + 2.4345168185641*x2**2[32m [repeated 5x across cluster][0m
[36m(fitness pid=1831684)[0m 2.432195659029009*x1**2 + 2.432195659029009*x2**2[32m [repeated 22x across cluster][0m
[36m(fitness pid=1831678)[0m 2.4579341015481445*x1**2 + 2.4579341015481445*x2**2[32m [repeated 5x across cluster][0m
[36m(fitness pid=1831684)[0m 2.1286471932978233*x1**2 + 2.1286471932978233*x2**2[32m [repeated 17x across cluster][0m
[36m(fitness pid=1831702)[0m 2.384990477953368*x1**2 + 2.384990477953368*x2**2[32m [repeated 7x across cluster][0m
[36m(fitness pid=1831679)[0m 2.4887205816203665*x1**2 + 2.4887205816203665*x2**2[32m [repeated 16x across cluster][0m
[36m(fitness pid=1831603)[0m (0.25*x1**2 + 0.25*x2**2)*(0.034898548471011316*exp(1.0059521548699015*sin(0.25*x1**2 + 0.25*x2**2)) + 9.3290875958360999)
[36m(fitness pid=1831702)[0m 2.3849744421072944*x1**2 + 2.3849744421072944*x2**2[32m [repeated 6x across cluster][0m
[36m(fitness pid=1831679)[0m 2.4887205816203665*x1**2 + 2.4887205816203665*x2**2[32m [repeated 16x across cluster][0m
[36m(fitness pid=1831744)[0m 2.2301631478418442*x1**2 + 2.2301631478418442*x2**2[32m [repeated 7x across cluster][0m
[36m(fitness pid=1831628)[0m 2.332235880785389*x1**2 + 2.332235880785389*x2**2[32m [repeated 16x across cluster][0m
[36m(fitness pid=1831694)[0m 2.3948550576726513*x1**2 + 2.3948550576726513*x2**2[32m [repeated 8x across cluster][0m
[36m(fitness pid=1831716)[0m 2.3522691577357719*x1**2 + 2.3522691577357719*x2**2[32m [repeated 13x across cluster][0m
[36m(fitness pid=1831702)[0m 2.316907933927298*x1**2 + 2.316907933927298*x2**2[32m [repeated 8x across cluster][0m
[36m(fitness pid=1831684)[0m 2.2615078553819857*x1**2 + 2.2615078553819857*x2**2[32m [repeated 13x across cluster][0m
[36m(fitness pid=1831649)[0m 2.4093025365864561*x1**2 + 2.4093025365864561*x2**2[32m [repeated 5x across cluster][0m
[36m(fitness pid=1831727)[0m 2.4919629629335213*x1**2 + 2.4919629629335213*x2**2[32m [repeated 10x across cluster][0m
[36m(fitness pid=1831603)[0m 2.4061460275656702*x1**2 + 2.4061460275656702*x2**2[32m [repeated 8x across cluster][0m
[36m(fitness pid=1831649)[0m 2.2531961903264854*x1**2 + 2.2531961903264854*x2**2[32m [repeated 5x across cluster][0m
[36m(fitness pid=1831694)[0m 2.2736083126359532*x1**2 + 2.2736083126359532*x2**2[32m [repeated 7x across cluster][0m
[36m(fitness pid=1831683)[0m 2.1610701903070912*x1**2 + 2.1610701903070912*x2**2[32m [repeated 4x across cluster][0m
[36m(fitness pid=1831694)[0m 2.1577945240894707*x1**2 + 2.1577945240894707*x2**2[32m [repeated 5x across cluster][0m
[36m(fitness pid=1831702)[0m 2.298599265651449*x1**2 + 2.298599265651449*x2**2[32m [repeated 4x across cluster][0m
[36m(fitness pid=1831727)[0m 2.4919629629335213*x1**2 + 2.4919629629335213*x2**2[32m [repeated 6x across cluster][0m
[36m(fitness pid=1831694)[0m 2.227177655914405*x1**2 + 2.227177655914405*x2**2[32m [repeated 7x across cluster][0m
[36m(fitness pid=1831678)[0m 2.1564178616397968*x1**2 + 2.1564178616397968*x2**2[32m [repeated 3x across cluster][0m
[36m(fitness pid=1831727)[0m 2.1980773739323024*x1**2 + 2.1980773739323024*x2**2[32m [repeated 5x across cluster][0m
[36m(fitness pid=1831694)[0m 2.0973389251197003*x1**2 + 2.0973389251197003*x2**2[32m [repeated 6x across cluster][0m
[36m(fitness pid=1831603)[0m 2.4061460275656702*x1**2 + 2.4061460275656702*x2**2[32m [repeated 6x across cluster][0m
[36m(fitness pid=1831727)[0m 2.1541345268125814*x1**2 + 2.1541345268125814*x2**2[32m [repeated 2x across cluster][0m
[36m(fitness pid=1831694)[0m 2.1858116895094526*x1**2 + 2.1858116895094526*x2**2[32m [repeated 5x across cluster][0m
[36m(fitness pid=1831603)[0m 2.4144297783519693*x1**2 + 2.4144297783519693*x2**2[32m [repeated 5x across cluster][0m
[36m(fitness pid=1831727)[0m 2.169896480647236*x1**2 + 2.169896480647236*x2**2[32m [repeated 2x across cluster][0m
[36m(fitness pid=1831694)[0m 2.3559524297803125*x1**2 + 2.3559524297803125*x2**2[32m [repeated 4x across cluster][0m
[36m(fitness pid=1831603)[0m 2.3429928160205593*x1**2 + 2.3429928160205593*x2**2[32m [repeated 3x across cluster][0m
[36m(fitness pid=1831607)[0m 2.1699487773404433*x1**2 + 2.1699487773404433*x2**2
[36m(fitness pid=1831727)[0m 2.0919028877000825*x1**2 + 2.0919028877000825*x2**2
[36m(fitness pid=1831607)[0m 2.2115575388288299*x1**2 + 2.2115575388288299*x2**2[32m [repeated 2x across cluster][0m
[36m(fitness pid=1831607)[0m 2.3444573667839548*x1**2 + 2.3444573667839548*x2**2[32m [repeated 3x across cluster][0m
[36m(fitness pid=1831607)[0m 2.3444573667839548*x1**2 + 2.3444573667839548*x2**2[32m [repeated 3x across cluster][0m
[36m(fitness pid=1831607)[0m 2.3444573667839548*x1**2 + 2.3444573667839548*x2**2[32m [repeated 2x across cluster][0m
[36m(fitness pid=1831607)[0m 2.3444573667839548*x1**2 + 2.3444573667839548*x2**2[32m [repeated 2x across cluster][0m
[36m(fitness pid=1831727)[0m 2.298337663687933*x1**2 + 2.298337663687933*x2**2[32m [repeated 2x across cluster][0m
[36m(fitness pid=1831727)[0m 2.204778110266256*x1**2 + 2.204778110266256*x2**2
20 	2500 	0.2164	3.047  	13.704     	2.1795 	10 	25.8832	69 	8.6903
Best individuals of this generation:
mul(mul(a, add(a, sin(add(mul(x2, x2), mul(x1, x1))))), add(mul(x2, x2), mul(x1, x1)))
 -= END OF EVOLUTION =- 
The best individual is mul(mul(a, add(a, sin(add(mul(x2, x2), mul(x1, x1))))), add(mul(x2, x2), mul(x1, x1)))
The best fitness on the training set is 0.2164
Elapsed time =  3184.5341103076935
Time per individual =  0.06369068220615387
Individuals per sec =  15.700883792753263
Best Expression and Fitness saved to 'best_expression.txt'.
